This file contains any messages produced by compilers while
running configure, to aid debugging if configure makes a mistake.

It was created by libffi configure 2.99.9, which was
generated by GNU Autoconf 2.61.  Invocation command line was

  $ ./configure 

## --------- ##
## Platform. ##
## --------- ##

hostname = Charlies-MacBook-Pro.local
uname -m = x86_64
uname -r = 17.5.0
uname -s = Darwin
uname -v = Darwin Kernel Version 17.5.0: Mon Mar  5 22:24:32 PST 2018; root:xnu-4570.51.1~1/RELEASE_X86_64

/usr/bin/uname -p = i386
/bin/uname -X     = unknown

/bin/arch              = unknown
/usr/bin/arch -k       = unknown
/usr/convex/getsysinfo = unknown
/usr/bin/hostinfo      = Mach kernel version:
	 Darwin Kernel Version 17.5.0: Mon Mar  5 22:24:32 PST 2018; root:xnu-4570.51.1~1/RELEASE_X86_64
Kernel configured for up to 8 processors.
4 processors are physically available.
8 processors are logically available.
Processor type: x86_64h (Intel x86-64h Haswell)
Processors active: 0 1 2 3 4 5 6 7
Primary memory available: 16.00 gigabytes
Default processor set: 730 tasks, 3548 threads, 8 processors
Load average: 3.70, Mach factor: 4.29
/bin/machine           = unknown
/usr/bin/oslevel       = unknown
/bin/universe          = unknown

PATH: /Users/charlieporth/.opam/system/bin
PATH: /Users/charlieporth/google-cloud-sdk/bin
PATH: /Users/charlieporth/go//bin
PATH: /usr/local/opt/coreutils/libexec/gnubin
PATH: /usr/local/bin
PATH: ~/Library/Android/sdk/tools
PATH: /usr/local/bin
PATH: /usr/bin
PATH: /usr/local/sbin
PATH: /sbin
PATH: /bin
PATH: /usr/sbin
PATH: /opt/local/bin
PATH: /opt/local/sbin
PATH: /opt/metasploit-framework/bin/Library/Frameworks/Python.framework/Versions/3.6/bin
PATH: /Library/Frameworks/Python.framework/Versions/3.6/bin
PATH: ~/Library/Android/sdk/tools/bin/
PATH: /Users/charlieporth/.cargo/bin
PATH: /bin
PATH: /sbin/usr/local/bin
PATH: /usr/local/sbin
PATH: /usr/sbin
PATH: /usr/bin
PATH: /Users/charlieporth/.local/bin
PATH: /opt/metasploit-framework/bin
PATH: /Users/charlieporth/platform-tools
PATH: /Users/charlieporth/miniconda3/bin
PATH: /Users/charlieporth/.opam/system/bin
PATH: /Users/charlieporth/.opam/system/sbin
PATH: /opt/X11/bin
PATH: /usr/local/opt/make/libexec/gnubin
PATH: /usr/libexec
PATH: /usr/local/opt/apktool/libexec
PATH: /usr/local/opt/arpack/libexec
PATH: /usr/local/opt/autopsy/libexec
PATH: /usr/local/opt/awscli/libexec
PATH: /usr/local/opt/bltool/libexec
PATH: /usr/local/opt/bower/libexec
PATH: /usr/local/opt/cocoapods/libexec
PATH: /usr/local/opt/conjure-up/libexec
PATH: /usr/local/opt/coreutils/libexec
PATH: /usr/local/opt/curl/libexec
PATH: /usr/local/opt/dependency-check/libexec
PATH: /usr/local/opt/dex2jar/libexec
PATH: /usr/local/opt/dpkg/libexec
PATH: /usr/local/opt/emacs/libexec
PATH: /usr/local/opt/fabric/libexec
PATH: /usr/local/opt/fbi-servefiles/libexec
PATH: /usr/local/opt/findutils/libexec
PATH: /usr/local/opt/firebase-cli/libexec
PATH: /usr/local/opt/gawk/libexec
PATH: /usr/local/opt/gcc/libexec
PATH: /usr/local/opt/gcc@7/libexec
PATH: /usr/local/opt/git/libexec
PATH: /usr/local/opt/gnupg/libexec
PATH: /usr/local/opt/gnupg2/libexec
PATH: /usr/local/opt/gnupg@2.2/libexec
PATH: /usr/local/opt/gnuradio/libexec
PATH: /usr/local/opt/go/libexec
PATH: /usr/local/opt/go@1.10/libexec
PATH: /usr/local/opt/golang/libexec
PATH: /usr/local/opt/google-go/libexec
PATH: /usr/local/opt/gpg/libexec
PATH: /usr/local/opt/gpg2/libexec
PATH: /usr/local/opt/gradle/libexec
PATH: /usr/local/opt/gradle@4/libexec
PATH: /usr/local/opt/hadoop/libexec
PATH: /usr/local/opt/htmlcleaner/libexec
PATH: /usr/local/opt/htmlcompressor/libexec
PATH: /usr/local/opt/inetutils/libexec
PATH: /usr/local/opt/john/libexec
PATH: /usr/local/opt/json-glib/libexec
PATH: /usr/local/opt/juju-wait/libexec
PATH: /usr/local/opt/kotlin/libexec
PATH: /usr/local/opt/llvm/libexec
PATH: /usr/local/opt/llvm@5/libexec
PATH: /usr/local/opt/llvm@6/libexec
PATH: /usr/local/opt/lua/libexec
PATH: /usr/local/opt/lua@5.3/libexec
PATH: /usr/local/opt/make/libexec
PATH: /usr/local/opt/nexus/libexec
PATH: /usr/local/opt/node.js/libexec
PATH: /usr/local/opt/node/libexec
PATH: /usr/local/opt/node@9/libexec
PATH: /usr/local/opt/nodejs/libexec
PATH: /usr/local/opt/npm/libexec
PATH: /usr/local/opt/numpy/libexec
PATH: /usr/local/opt/openssh/libexec
PATH: /usr/local/opt/p11-kit/libexec
PATH: /usr/local/opt/protobuf/libexec
PATH: /usr/local/opt/protobuf@3.5/libexec
PATH: /usr/local/opt/pwntools/libexec
PATH: /usr/local/opt/python/libexec
PATH: /usr/local/opt/python2/libexec
PATH: /usr/local/opt/python3/libexec
PATH: /usr/local/opt/python@2/libexec
PATH: /usr/local/opt/python@3/libexec
PATH: /usr/local/opt/ruby/libexec
PATH: /usr/local/opt/ruby@2.5/libexec
PATH: /usr/local/opt/rust/libexec
PATH: /usr/local/opt/sdl/libexec
PATH: /usr/local/opt/smali/libexec
PATH: /usr/local/opt/sphinx-doc/libexec
PATH: /usr/local/opt/spoof-mac/libexec
PATH: /usr/local/opt/squid/libexec
PATH: /usr/local/opt/sshguard/libexec
PATH: /usr/local/opt/uhd/libexec
PATH: /usr/local/opt/wine/libexec
PATH: /usr/local/opt/wpscan/libexec
PATH: /usr/local/opt/xctool/libexec


## ----------- ##
## Core tests. ##
## ----------- ##

configure:2048: checking build system type
configure:2066: result: i386-apple-darwin17.5.0
configure:2088: checking host system type
configure:2103: result: i386-apple-darwin17.5.0
configure:2125: checking target system type
configure:2140: result: i386-apple-darwin17.5.0
configure:2187: checking for a BSD-compatible install
configure:2243: result: /usr/local/opt/coreutils/libexec/gnubin/install -c
configure:2254: checking whether build environment is sane
configure:2297: result: yes
configure:2325: checking for a thread-safe mkdir -p
configure:2364: result: /usr/local/opt/coreutils/libexec/gnubin/mkdir -p
configure:2377: checking for gawk
configure:2393: found /usr/local/bin/gawk
configure:2404: result: gawk
configure:2415: checking whether make sets $(MAKE)
configure:2436: result: yes
configure:2680: checking for gcc
configure:2696: found /usr/bin/gcc
configure:2707: result: gcc
configure:2945: checking for C compiler version
configure:2952: gcc --version >&5
Configured with: --prefix=/Applications/Xcode.app/Contents/Developer/usr --with-gxx-include-dir=/usr/include/c++/4.2.1
Apple LLVM version 9.1.0 (clang-902.0.39.1)
Target: x86_64-apple-darwin17.5.0
Thread model: posix
InstalledDir: /Applications/Xcode.app/Contents/Developer/Toolchains/XcodeDefault.xctoolchain/usr/bin
configure:2955: $? = 0
configure:2962: gcc -v >&5
Configured with: --prefix=/Applications/Xcode.app/Contents/Developer/usr --with-gxx-include-dir=/usr/include/c++/4.2.1
Apple LLVM version 9.1.0 (clang-902.0.39.1)
Target: x86_64-apple-darwin17.5.0
Thread model: posix
InstalledDir: /Applications/Xcode.app/Contents/Developer/Toolchains/XcodeDefault.xctoolchain/usr/bin
configure:2965: $? = 0
configure:2972: gcc -V >&5
clang: error: argument to '-V' is missing (expected 1 value)
clang: error: no input files
configure:2975: $? = 1
configure:2998: checking for C compiler default output file name
configure:3025: gcc    conftest.c  >&5
configure:3028: $? = 0
configure:3066: result: a.out
configure:3083: checking whether the C compiler works
configure:3093: ./a.out
configure:3096: $? = 0
configure:3113: result: yes
configure:3120: checking whether we are cross compiling
configure:3122: result: no
configure:3125: checking for suffix of executables
configure:3132: gcc -o conftest    conftest.c  >&5
configure:3135: $? = 0
configure:3159: result: 
configure:3165: checking for suffix of object files
configure:3191: gcc -c   conftest.c >&5
configure:3194: $? = 0
configure:3217: result: o
configure:3221: checking whether we are using the GNU C compiler
configure:3250: gcc -c   conftest.c >&5
configure:3256: $? = 0
configure:3273: result: yes
configure:3278: checking whether gcc accepts -g
configure:3308: gcc -c -g  conftest.c >&5
configure:3314: $? = 0
configure:3413: result: yes
configure:3430: checking for gcc option to accept ISO C89
configure:3504: gcc  -c -g -O2  conftest.c >&5
configure:3510: $? = 0
configure:3533: result: none needed
configure:3562: checking for style of include used by make
configure:3590: result: GNU
configure:3615: checking dependency style of gcc
configure:3706: result: gcc3
configure:3734: checking dependency style of gcc
configure:3825: result: gcc3
configure:3841: checking whether gcc and cc understand -c and -o together
configure:3876: gcc -c conftest.c -o conftest2.o >&5
configure:3879: $? = 0
configure:3885: gcc -c conftest.c -o conftest2.o >&5
configure:3888: $? = 0
configure:3899: cc -c conftest.c >&5
configure:3902: $? = 0
configure:3910: cc -c conftest.c -o conftest2.o >&5
configure:3913: $? = 0
configure:3919: cc -c conftest.c -o conftest2.o >&5
configure:3922: $? = 0
configure:3940: result: yes
configure:4038: checking for a sed that does not truncate output
configure:4094: result: /usr/local/bin/sed
configure:4097: checking for grep that handles long lines and -e
configure:4171: result: /usr/local/bin/grep
configure:4176: checking for egrep
configure:4254: result: /usr/local/bin/grep -E
configure:4270: checking for ld used by gcc
configure:4337: result: /Applications/Xcode.app/Contents/Developer/Toolchains/XcodeDefault.xctoolchain/usr/bin/ld
configure:4346: checking if the linker (/Applications/Xcode.app/Contents/Developer/Toolchains/XcodeDefault.xctoolchain/usr/bin/ld) is GNU ld
configure:4361: result: no
configure:4366: checking for /Applications/Xcode.app/Contents/Developer/Toolchains/XcodeDefault.xctoolchain/usr/bin/ld option to reload object files
configure:4373: result: -r
configure:4391: checking for BSD-compatible nm
configure:4440: result: /usr/bin/nm -B
configure:4444: checking whether ln -s works
configure:4448: result: yes
configure:4455: checking how to recognize dependent libraries
configure:4641: result: pass_all
configure:4883: checking how to run the C preprocessor
configure:4923: gcc -E  conftest.c
configure:4929: $? = 0
configure:4960: gcc -E  conftest.c
conftest.c:10:10: fatal error: 'ac_nonexistent.h' file not found
#include <ac_nonexistent.h>
         ^~~~~~~~~~~~~~~~~~
1 error generated.
configure:4966: $? = 1
configure: failed program was:
| /* confdefs.h.  */
| #define PACKAGE_NAME "libffi"
| #define PACKAGE_TARNAME "libffi"
| #define PACKAGE_VERSION "2.99.9"
| #define PACKAGE_STRING "libffi 2.99.9"
| #define PACKAGE_BUGREPORT "http://gcc.gnu.org/bugs.html"
| #define PACKAGE "libffi"
| #define VERSION "2.99.9"
| /* end confdefs.h.  */
| #include <ac_nonexistent.h>
configure:4999: result: gcc -E
configure:5028: gcc -E  conftest.c
configure:5034: $? = 0
configure:5065: gcc -E  conftest.c
conftest.c:10:10: fatal error: 'ac_nonexistent.h' file not found
#include <ac_nonexistent.h>
         ^~~~~~~~~~~~~~~~~~
1 error generated.
configure:5071: $? = 1
configure: failed program was:
| /* confdefs.h.  */
| #define PACKAGE_NAME "libffi"
| #define PACKAGE_TARNAME "libffi"
| #define PACKAGE_VERSION "2.99.9"
| #define PACKAGE_STRING "libffi 2.99.9"
| #define PACKAGE_BUGREPORT "http://gcc.gnu.org/bugs.html"
| #define PACKAGE "libffi"
| #define VERSION "2.99.9"
| /* end confdefs.h.  */
| #include <ac_nonexistent.h>
configure:5109: checking for ANSI C header files
configure:5139: gcc -c -g -O2  conftest.c >&5
configure:5145: $? = 0
configure:5244: gcc -o conftest -g -O2   conftest.c  >&5
configure:5247: $? = 0
configure:5253: ./conftest
configure:5256: $? = 0
configure:5273: result: yes
configure:5297: checking for sys/types.h
configure:5318: gcc -c -g -O2  conftest.c >&5
configure:5324: $? = 0
configure:5340: result: yes
configure:5297: checking for sys/stat.h
configure:5318: gcc -c -g -O2  conftest.c >&5
configure:5324: $? = 0
configure:5340: result: yes
configure:5297: checking for stdlib.h
configure:5318: gcc -c -g -O2  conftest.c >&5
configure:5324: $? = 0
configure:5340: result: yes
configure:5297: checking for string.h
configure:5318: gcc -c -g -O2  conftest.c >&5
configure:5324: $? = 0
configure:5340: result: yes
configure:5297: checking for memory.h
configure:5318: gcc -c -g -O2  conftest.c >&5
configure:5324: $? = 0
configure:5340: result: yes
configure:5297: checking for strings.h
configure:5318: gcc -c -g -O2  conftest.c >&5
configure:5324: $? = 0
configure:5340: result: yes
configure:5297: checking for inttypes.h
configure:5318: gcc -c -g -O2  conftest.c >&5
configure:5324: $? = 0
configure:5340: result: yes
configure:5297: checking for stdint.h
configure:5318: gcc -c -g -O2  conftest.c >&5
configure:5324: $? = 0
configure:5340: result: yes
configure:5297: checking for unistd.h
configure:5318: gcc -c -g -O2  conftest.c >&5
configure:5324: $? = 0
configure:5340: result: yes
configure:5367: checking dlfcn.h usability
configure:5384: gcc -c -g -O2  conftest.c >&5
configure:5390: $? = 0
configure:5404: result: yes
configure:5408: checking dlfcn.h presence
configure:5423: gcc -E  conftest.c
configure:5429: $? = 0
configure:5443: result: yes
configure:5476: checking for dlfcn.h
configure:5484: result: yes
configure:5555: checking for g++
configure:5571: found /usr/bin/g++
configure:5582: result: g++
configure:5613: checking for C++ compiler version
configure:5620: g++ --version >&5
Configured with: --prefix=/Applications/Xcode.app/Contents/Developer/usr --with-gxx-include-dir=/usr/include/c++/4.2.1
Apple LLVM version 9.1.0 (clang-902.0.39.1)
Target: x86_64-apple-darwin17.5.0
Thread model: posix
InstalledDir: /Applications/Xcode.app/Contents/Developer/Toolchains/XcodeDefault.xctoolchain/usr/bin
configure:5623: $? = 0
configure:5630: g++ -v >&5
Configured with: --prefix=/Applications/Xcode.app/Contents/Developer/usr --with-gxx-include-dir=/usr/include/c++/4.2.1
Apple LLVM version 9.1.0 (clang-902.0.39.1)
Target: x86_64-apple-darwin17.5.0
Thread model: posix
InstalledDir: /Applications/Xcode.app/Contents/Developer/Toolchains/XcodeDefault.xctoolchain/usr/bin
configure:5633: $? = 0
configure:5640: g++ -V >&5
clang: error: argument to '-V' is missing (expected 1 value)
clang: error: no input files
configure:5643: $? = 1
configure:5646: checking whether we are using the GNU C++ compiler
configure:5675: g++ -c   conftest.cpp >&5
configure:5681: $? = 0
configure:5698: result: yes
configure:5703: checking whether g++ accepts -g
configure:5733: g++ -c -g  conftest.cpp >&5
configure:5739: $? = 0
configure:5838: result: yes
configure:5863: checking dependency style of g++
configure:5954: result: gcc3
configure:5979: checking how to run the C++ preprocessor
configure:6015: g++ -E  conftest.cpp
configure:6021: $? = 0
configure:6052: g++ -E  conftest.cpp
conftest.cpp:21:10: fatal error: 'ac_nonexistent.h' file not found
#include <ac_nonexistent.h>
         ^~~~~~~~~~~~~~~~~~
1 error generated.
configure:6058: $? = 1
configure: failed program was:
| /* confdefs.h.  */
| #define PACKAGE_NAME "libffi"
| #define PACKAGE_TARNAME "libffi"
| #define PACKAGE_VERSION "2.99.9"
| #define PACKAGE_STRING "libffi 2.99.9"
| #define PACKAGE_BUGREPORT "http://gcc.gnu.org/bugs.html"
| #define PACKAGE "libffi"
| #define VERSION "2.99.9"
| #define STDC_HEADERS 1
| #define HAVE_SYS_TYPES_H 1
| #define HAVE_SYS_STAT_H 1
| #define HAVE_STDLIB_H 1
| #define HAVE_STRING_H 1
| #define HAVE_MEMORY_H 1
| #define HAVE_STRINGS_H 1
| #define HAVE_INTTYPES_H 1
| #define HAVE_STDINT_H 1
| #define HAVE_UNISTD_H 1
| #define HAVE_DLFCN_H 1
| /* end confdefs.h.  */
| #include <ac_nonexistent.h>
configure:6091: result: g++ -E
configure:6120: g++ -E  conftest.cpp
configure:6126: $? = 0
configure:6157: g++ -E  conftest.cpp
conftest.cpp:21:10: fatal error: 'ac_nonexistent.h' file not found
#include <ac_nonexistent.h>
         ^~~~~~~~~~~~~~~~~~
1 error generated.
configure:6163: $? = 1
configure: failed program was:
| /* confdefs.h.  */
| #define PACKAGE_NAME "libffi"
| #define PACKAGE_TARNAME "libffi"
| #define PACKAGE_VERSION "2.99.9"
| #define PACKAGE_STRING "libffi 2.99.9"
| #define PACKAGE_BUGREPORT "http://gcc.gnu.org/bugs.html"
| #define PACKAGE "libffi"
| #define VERSION "2.99.9"
| #define STDC_HEADERS 1
| #define HAVE_SYS_TYPES_H 1
| #define HAVE_SYS_STAT_H 1
| #define HAVE_STDLIB_H 1
| #define HAVE_STRING_H 1
| #define HAVE_MEMORY_H 1
| #define HAVE_STRINGS_H 1
| #define HAVE_INTTYPES_H 1
| #define HAVE_STDINT_H 1
| #define HAVE_UNISTD_H 1
| #define HAVE_DLFCN_H 1
| /* end confdefs.h.  */
| #include <ac_nonexistent.h>
configure:6256: checking for g77
configure:6286: result: no
configure:6256: checking for xlf
configure:6286: result: no
configure:6256: checking for f77
configure:6286: result: no
configure:6256: checking for frt
configure:6286: result: no
configure:6256: checking for pgf77
configure:6286: result: no
configure:6256: checking for cf77
configure:6286: result: no
configure:6256: checking for fort77
configure:6286: result: no
configure:6256: checking for fl32
configure:6286: result: no
configure:6256: checking for af77
configure:6286: result: no
configure:6256: checking for xlf90
configure:6286: result: no
configure:6256: checking for f90
configure:6286: result: no
configure:6256: checking for pgf90
configure:6286: result: no
configure:6256: checking for pghpf
configure:6286: result: no
configure:6256: checking for epcf90
configure:6286: result: no
configure:6256: checking for gfortran
configure:6272: found /usr/local/bin/gfortran
configure:6283: result: gfortran
configure:6313: checking for Fortran 77 compiler version
configure:6320: gfortran --version >&5
GNU Fortran (Homebrew GCC 7.3.0_1) 7.3.0
Copyright (C) 2017 Free Software Foundation, Inc.
This is free software; see the source for copying conditions.  There is NO
warranty; not even for MERCHANTABILITY or FITNESS FOR A PARTICULAR PURPOSE.

configure:6323: $? = 0
configure:6330: gfortran -v >&5
Using built-in specs.
COLLECT_GCC=gfortran
COLLECT_LTO_WRAPPER=/usr/local/Cellar/gcc/7.3.0_1/libexec/gcc/x86_64-apple-darwin17.3.0/7.3.0/lto-wrapper
Target: x86_64-apple-darwin17.3.0
Configured with: ../configure --build=x86_64-apple-darwin17.3.0 --prefix=/usr/local/Cellar/gcc/7.3.0_1 --libdir=/usr/local/Cellar/gcc/7.3.0_1/lib/gcc/7 --enable-languages=c,c++,objc,obj-c++,fortran --program-suffix=-7 --with-gmp=/usr/local/opt/gmp --with-mpfr=/usr/local/opt/mpfr --with-mpc=/usr/local/opt/libmpc --with-isl=/usr/local/opt/isl --with-system-zlib --enable-checking=release --with-pkgversion='Homebrew GCC 7.3.0_1' --with-bugurl=https://github.com/Homebrew/homebrew-core/issues --disable-nls
Thread model: posix
gcc version 7.3.0 (Homebrew GCC 7.3.0_1) 
configure:6333: $? = 0
configure:6340: gfortran -V >&5
gfortran: error: unrecognized command line option '-V'
gfortran: fatal error: no input files
compilation terminated.
configure:6343: $? = 1
configure:6351: checking whether we are using the GNU Fortran 77 compiler
configure:6370: gfortran -c  conftest.F >&5
configure:6376: $? = 0
configure:6393: result: yes
configure:6399: checking whether gfortran accepts -g
configure:6416: gfortran -c -g conftest.f >&5
configure:6422: $? = 0
configure:6438: result: yes
configure:6468: checking the maximum length of command line arguments
configure:6580: result: 196608
configure:6592: checking command to parse /usr/bin/nm -B output from gcc object
configure:6697: gcc -c -g -O2  conftest.c >&5
configure:6700: $? = 0
configure:6704: /usr/bin/nm -B conftest.o \| sed -n -e 's/^.*[ 	]\([BCDEGRST][BCDEGRST]*\)[ 	][ 	]*\([_A-Za-z][_A-Za-z0-9]*\)$/\1 \2 \2/p' \> conftest.nm
configure:6707: $? = 0
cannot find nm_test_var in conftest.nm
configure:6697: gcc -c -g -O2  conftest.c >&5
configure:6700: $? = 0
configure:6704: /usr/bin/nm -B conftest.o \| sed -n -e 's/^.*[ 	]\([BCDEGRST][BCDEGRST]*\)[ 	][ 	]*_\([_A-Za-z][_A-Za-z0-9]*\)$/\1 _\2 \2/p' \> conftest.nm
configure:6707: $? = 0
configure:6759: gcc -o conftest -g -O2   conftest.c conftstm.o >&5
warning: (x86_64)  could not find object file symbol for symbol _main
configure:6762: $? = 0
configure:6800: result: ok
configure:6804: checking for objdir
configure:6819: result: .libs
configure:6911: checking for ar
configure:6927: found /usr/bin/ar
configure:6938: result: ar
configure:7007: checking for ranlib
configure:7023: found /usr/bin/ranlib
configure:7034: result: ranlib
configure:7103: checking for strip
configure:7119: found /usr/bin/strip
configure:7130: result: strip
configure:7416: checking if gcc supports -fno-rtti -fno-exceptions
configure:7434: gcc -c -g -O2  -fno-rtti -fno-exceptions conftest.c >&5
configure:7438: $? = 0
configure:7451: result: yes
configure:7466: checking for gcc option to produce PIC
configure:7698: result: -fno-common
configure:7706: checking if gcc PIC flag -fno-common works
configure:7724: gcc -c -g -O2  -fno-common -DPIC conftest.c >&5
configure:7728: $? = 0
configure:7741: result: yes
configure:7769: checking if gcc static flag -static works
configure:7797: result: no
configure:7807: checking if gcc supports -c -o file.o
configure:7828: gcc -c -g -O2  -o out/conftest2.o conftest.c >&5
configure:7832: $? = 0
configure:7854: result: yes
configure:7880: checking whether the gcc linker (/Applications/Xcode.app/Contents/Developer/Toolchains/XcodeDefault.xctoolchain/usr/bin/ld) supports shared libraries
configure:8860: result: yes
configure:8927: checking dynamic linker characteristics
configure:9531: result: darwin17.5.0 dyld
configure:9540: checking how to hardcode library paths into programs
configure:9565: result: immediate
configure:9579: checking whether stripping libraries is possible
configure:9593: result: yes
configure:10386: checking if libtool supports shared libraries
configure:10388: result: yes
configure:10391: checking whether to build shared libraries
configure:10412: result: yes
configure:10415: checking whether to build static libraries
configure:10419: result: yes
configure:10512: creating libtool
configure:11100: checking for ld used by g++
configure:11167: result: /Applications/Xcode.app/Contents/Developer/Toolchains/XcodeDefault.xctoolchain/usr/bin/ld
configure:11176: checking if the linker (/Applications/Xcode.app/Contents/Developer/Toolchains/XcodeDefault.xctoolchain/usr/bin/ld) is GNU ld
configure:11191: result: no
configure:11242: checking whether the g++ linker (/Applications/Xcode.app/Contents/Developer/Toolchains/XcodeDefault.xctoolchain/usr/bin/ld) supports shared libraries
configure:12216: result: yes
configure:12234: g++ -c -g -O2  conftest.cpp >&5
configure:12237: $? = 0
configure:12389: checking for g++ option to produce PIC
configure:12673: result: -fno-common
configure:12681: checking if g++ PIC flag -fno-common works
configure:12699: g++ -c -g -O2  -fno-common -DPIC conftest.cpp >&5
configure:12703: $? = 0
configure:12716: result: yes
configure:12744: checking if g++ static flag -static works
configure:12772: result: no
configure:12782: checking if g++ supports -c -o file.o
configure:12803: g++ -c -g -O2  -o out/conftest2.o conftest.cpp >&5
configure:12807: $? = 0
configure:12829: result: yes
configure:12855: checking whether the g++ linker (/Applications/Xcode.app/Contents/Developer/Toolchains/XcodeDefault.xctoolchain/usr/bin/ld) supports shared libraries
configure:12880: result: yes
configure:12947: checking dynamic linker characteristics
configure:13499: result: darwin17.5.0 dyld
configure:13508: checking how to hardcode library paths into programs
configure:13533: result: immediate
configure:14067: checking if libtool supports shared libraries
configure:14069: result: yes
configure:14072: checking whether to build shared libraries
configure:14092: result: yes
configure:14095: checking whether to build static libraries
configure:14099: result: yes
configure:14109: checking for gfortran option to produce PIC
configure:14341: result: -fno-common
configure:14349: checking if gfortran PIC flag -fno-common works
configure:14367: gfortran -c -g -O2 -fno-common conftest.f >&5
configure:14371: $? = 0
configure:14384: result: yes
configure:14412: checking if gfortran static flag -static works
configure:14440: result: no
configure:14450: checking if gfortran supports -c -o file.o
configure:14471: gfortran -c -g -O2 -o out/conftest2.o conftest.f >&5
configure:14475: $? = 0
configure:14497: result: yes
configure:14523: checking whether the gfortran linker (/Applications/Xcode.app/Contents/Developer/Toolchains/XcodeDefault.xctoolchain/usr/bin/ld) supports shared libraries
configure:15483: result: yes
configure:15550: checking dynamic linker characteristics
configure:16102: result: darwin17.5.0 dyld
configure:16111: checking how to hardcode library paths into programs
configure:16136: result: immediate
configure:19709: checking whether to enable maintainer-specific portions of Makefiles
configure:19718: result: no
configure:19747: checking sys/mman.h usability
configure:19764: gcc -c -g -O2  conftest.c >&5
configure:19770: $? = 0
configure:19784: result: yes
configure:19788: checking sys/mman.h presence
configure:19803: gcc -E  conftest.c
configure:19809: $? = 0
configure:19823: result: yes
configure:19856: checking for sys/mman.h
configure:19864: result: yes
configure:19881: checking for mmap
configure:19937: gcc -o conftest -g -O2   conftest.c  >&5
configure:19943: $? = 0
configure:19961: result: yes
configure:19973: checking for sys/mman.h
configure:19978: result: yes
configure:20109: checking for mmap
configure:20188: result: yes
configure:20202: checking whether read-only mmap of a plain file works
configure:20219: result: yes
configure:20221: checking whether mmap from /dev/zero works
configure:20243: result: no
configure:20247: checking for MAP_ANON(YMOUS)
configure:20280: gcc -c -g -O2  conftest.c >&5
configure:20286: $? = 0
configure:20301: result: yes
configure:20307: checking whether mmap with MAP_ANON(YMOUS) works
configure:20324: result: yes
configure:20660: checking for ANSI C header files
configure:20824: result: yes
configure:20838: checking for memcpy
configure:20894: gcc -o conftest -g -O2   conftest.c  >&5
conftest.c:49:6: warning: incompatible redeclaration of library function 'memcpy' [-Wincompatible-library-redeclaration]
char memcpy ();
     ^
conftest.c:49:6: note: 'memcpy' is a builtin with type 'void *(void *, const void *, unsigned long)'
1 warning generated.
configure:20900: $? = 0
configure:20918: result: yes
configure:20930: checking for working alloca.h
configure:20957: gcc -o conftest -g -O2   conftest.c  >&5
configure:20963: $? = 0
configure:20980: result: yes
configure:20990: checking for alloca
configure:21037: gcc -o conftest -g -O2   conftest.c  >&5
configure:21043: $? = 0
configure:21060: result: yes
configure:21288: checking for double
configure:21318: gcc -c -g -O2  conftest.c >&5
configure:21324: $? = 0
configure:21339: result: yes
configure:21346: checking size of double
configure:21648: gcc -o conftest -g -O2   conftest.c  >&5
configure:21651: $? = 0
configure:21657: ./conftest
configure:21660: $? = 0
configure:21683: result: 8
configure:21693: checking for long double
configure:21723: gcc -c -g -O2  conftest.c >&5
configure:21729: $? = 0
configure:21744: result: yes
configure:21751: checking size of long double
configure:22053: gcc -o conftest -g -O2   conftest.c  >&5
configure:22056: $? = 0
configure:22062: ./conftest
configure:22065: $? = 0
configure:22088: result: 16
configure:22115: checking whether byte ordering is bigendian
configure:22148: gcc -c -g -O2  conftest.c >&5
configure:22154: $? = 0
configure:22186: gcc -c -g -O2  conftest.c >&5
conftest.c:39:2: error: use of undeclared identifier 'not'
 not big endian
 ^
1 error generated.
configure:22192: $? = 1
configure: failed program was:
| /* confdefs.h.  */
| #define PACKAGE_NAME "libffi"
| #define PACKAGE_TARNAME "libffi"
| #define PACKAGE_VERSION "2.99.9"
| #define PACKAGE_STRING "libffi 2.99.9"
| #define PACKAGE_BUGREPORT "http://gcc.gnu.org/bugs.html"
| #define PACKAGE "libffi"
| #define VERSION "2.99.9"
| #define STDC_HEADERS 1
| #define HAVE_SYS_TYPES_H 1
| #define HAVE_SYS_STAT_H 1
| #define HAVE_STDLIB_H 1
| #define HAVE_STRING_H 1
| #define HAVE_MEMORY_H 1
| #define HAVE_STRINGS_H 1
| #define HAVE_INTTYPES_H 1
| #define HAVE_STDINT_H 1
| #define HAVE_UNISTD_H 1
| #define HAVE_DLFCN_H 1
| #define HAVE_SYS_MMAN_H 1
| #define HAVE_MMAP 1
| #define HAVE_MMAP_FILE 1
| #define HAVE_MMAP_ANON 1
| #define STDC_HEADERS 1
| #define HAVE_MEMCPY 1
| #define HAVE_ALLOCA_H 1
| #define HAVE_ALLOCA 1
| #define SIZEOF_DOUBLE 8
| #define SIZEOF_LONG_DOUBLE 16
| #define HAVE_LONG_DOUBLE 1
| /* end confdefs.h.  */
| #include <sys/types.h>
| #include <sys/param.h>
| 
| int
| main ()
| {
| #if BYTE_ORDER != BIG_ENDIAN
|  not big endian
| #endif
| 
|   ;
|   return 0;
| }
configure:22332: result: no
configure:22352: checking assembler .cfi pseudo-op support
configure:22380: gcc -c -g -O2  conftest.c >&5
configure:22386: $? = 0
configure:22402: result: yes
configure:22541: checking whether .eh_frame section should be read-only
configure:22560: result: no
configure:22581: checking for __attribute__((visibility("hidden")))
configure:22590: gcc -Werror -S conftest.c -o conftest.s 1>&5
configure:22593: $? = 0
configure:22602: result: no
configure:23004: creating ./config.status

## ---------------------- ##
## Running config.status. ##
## ---------------------- ##

This file was extended by libffi config.status 2.99.9, which was
generated by GNU Autoconf 2.61.  Invocation command line was

  CONFIG_FILES    = 
  CONFIG_HEADERS  = 
  CONFIG_LINKS    = 
  CONFIG_COMMANDS = 
  $ ./config.status 

on Charlies-MacBook-Pro.local

config.status:743: creating include/Makefile
config.status:743: creating include/ffi.h
config.status:743: creating Makefile
config.status:743: creating testsuite/Makefile
config.status:743: creating man/Makefile
config.status:743: creating libffi.pc
config.status:743: creating fficonfig.h
config.status:983: fficonfig.h is unchanged
config.status:1033: linking ./src/x86/ffitarget.h to include/ffitarget.h
config.status:1055: executing depfiles commands
config.status:1055: executing include commands
config.status:1055: executing src commands

## ---------------- ##
## Cache variables. ##
## ---------------- ##

ac_cv_build=i386-apple-darwin17.5.0
ac_cv_c_bigendian=no
ac_cv_c_compiler_gnu=yes
ac_cv_cxx_compiler_gnu=yes
ac_cv_decl_map_anon=yes
ac_cv_env_CCASFLAGS_set=
ac_cv_env_CCASFLAGS_value=
ac_cv_env_CCAS_set=
ac_cv_env_CCAS_value=
ac_cv_env_CCC_set=
ac_cv_env_CCC_value=
ac_cv_env_CPPFLAGS_set=
ac_cv_env_CPPFLAGS_value=
ac_cv_env_CPP_set=
ac_cv_env_CPP_value=
ac_cv_env_CXXCPP_set=
ac_cv_env_CXXCPP_value=
ac_cv_env_CXXFLAGS_set=
ac_cv_env_CXXFLAGS_value=
ac_cv_env_CXX_set=
ac_cv_env_CXX_value=
ac_cv_env_F77_set=
ac_cv_env_F77_value=
ac_cv_env_FFLAGS_set=
ac_cv_env_FFLAGS_value=
ac_cv_env_LDFLAGS_set=
ac_cv_env_LDFLAGS_value=
ac_cv_env_LIBS_set=
ac_cv_env_LIBS_value=
ac_cv_env_build_alias_set=
ac_cv_env_build_alias_value=
ac_cv_env_host_alias_set=
ac_cv_env_host_alias_value=
ac_cv_env_target_alias_set=
ac_cv_env_target_alias_value=
ac_cv_f77_compiler_gnu=yes
ac_cv_func_alloca_works=yes
ac_cv_func_memcpy=yes
ac_cv_func_mmap=yes
ac_cv_func_mmap_anon=yes
ac_cv_func_mmap_dev_zero=no
ac_cv_func_mmap_file=yes
ac_cv_header_dlfcn_h=yes
ac_cv_header_inttypes_h=yes
ac_cv_header_memory_h=yes
ac_cv_header_stdc=yes
ac_cv_header_stdint_h=yes
ac_cv_header_stdlib_h=yes
ac_cv_header_string_h=yes
ac_cv_header_strings_h=yes
ac_cv_header_sys_mman_h=yes
ac_cv_header_sys_stat_h=yes
ac_cv_header_sys_types_h=yes
ac_cv_header_unistd_h=yes
ac_cv_host=i386-apple-darwin17.5.0
ac_cv_objext=o
ac_cv_path_EGREP='/usr/local/bin/grep -E'
ac_cv_path_GREP=/usr/local/bin/grep
ac_cv_path_install='/usr/local/opt/coreutils/libexec/gnubin/install -c'
ac_cv_path_mkdir=/usr/local/opt/coreutils/libexec/gnubin/mkdir
ac_cv_prog_AWK=gawk
ac_cv_prog_CPP='gcc -E'
ac_cv_prog_CXXCPP='g++ -E'
ac_cv_prog_ac_ct_AR=ar
ac_cv_prog_ac_ct_CC=gcc
ac_cv_prog_ac_ct_CXX=g++
ac_cv_prog_ac_ct_F77=gfortran
ac_cv_prog_ac_ct_RANLIB=ranlib
ac_cv_prog_ac_ct_STRIP=strip
ac_cv_prog_cc_c89=
ac_cv_prog_cc_g=yes
ac_cv_prog_cc_gcc_c_o=yes
ac_cv_prog_cxx_g=yes
ac_cv_prog_f77_g=yes
ac_cv_prog_make_make_set=yes
ac_cv_sizeof_double=8
ac_cv_sizeof_long_double=16
ac_cv_target=i386-apple-darwin17.5.0
ac_cv_type_double=yes
ac_cv_type_long_double=yes
ac_cv_working_alloca_h=yes
am_cv_CCAS_dependencies_compiler_type=gcc3
am_cv_CC_dependencies_compiler_type=gcc3
am_cv_CXX_dependencies_compiler_type=gcc3
libffi_cv_as_cfi_pseudo_op=yes
libffi_cv_hidden_visibility_attribute=no
libffi_cv_ro_eh_frame=no
lt_cv_deplibs_check_method=pass_all
lt_cv_file_magic_cmd='$MAGIC_CMD'
lt_cv_file_magic_test_file=
lt_cv_ld_reload_flag=-r
lt_cv_objdir=.libs
lt_cv_path_LD=/Applications/Xcode.app/Contents/Developer/Toolchains/XcodeDefault.xctoolchain/usr/bin/ld
lt_cv_path_LDCXX=/Applications/Xcode.app/Contents/Developer/Toolchains/XcodeDefault.xctoolchain/usr/bin/ld
lt_cv_path_NM='/usr/bin/nm -B'
lt_cv_path_SED=/usr/local/bin/sed
lt_cv_prog_compiler_c_o=yes
lt_cv_prog_compiler_c_o_CXX=yes
lt_cv_prog_compiler_c_o_F77=yes
lt_cv_prog_compiler_rtti_exceptions=yes
lt_cv_prog_gnu_ld=no
lt_cv_prog_gnu_ldcxx=no
lt_cv_sys_global_symbol_pipe='sed -n -e '\''s/^.*[ 	]\([BCDEGRST][BCDEGRST]*\)[ 	][ 	]*_\([_A-Za-z][_A-Za-z0-9]*\)$/\1 _\2 \2/p'\'''
lt_cv_sys_global_symbol_to_c_name_address='sed -n -e '\''s/^: \([^ ]*\) $/  {\"\1\", (lt_ptr) 0},/p'\'' -e '\''s/^[BCDEGRST] \([^ ]*\) \([^ ]*\)$/  {"\2", (lt_ptr) \&\2},/p'\'''
lt_cv_sys_global_symbol_to_cdecl='sed -n -e '\''s/^. .* \(.*\)$/extern int \1;/p'\'''
lt_cv_sys_max_cmd_len=196608
lt_lt_cv_prog_compiler_c_o='"yes"'
lt_lt_cv_prog_compiler_c_o_CXX='"yes"'
lt_lt_cv_prog_compiler_c_o_F77='"yes"'
lt_lt_cv_sys_global_symbol_pipe='"sed -n -e '\''s/^.*[ 	]\\([BCDEGRST][BCDEGRST]*\\)[ 	][ 	]*_\\([_A-Za-z][_A-Za-z0-9]*\\)\$/\\1 _\\2 \\2/p'\''"'
lt_lt_cv_sys_global_symbol_to_c_name_address='"sed -n -e '\''s/^: \\([^ ]*\\) \$/  {\\\"\\1\\\", (lt_ptr) 0},/p'\'' -e '\''s/^[BCDEGRST] \\([^ ]*\\) \\([^ ]*\\)\$/  {\"\\2\", (lt_ptr) \\&\\2},/p'\''"'
lt_lt_cv_sys_global_symbol_to_cdecl='"sed -n -e '\''s/^. .* \\(.*\\)\$/extern int \\1;/p'\''"'

## ----------------- ##
## Output variables. ##
## ----------------- ##

ACLOCAL='${SHELL} /Users/charlieporth/Downloads/libffi-2.99.9/missing --run aclocal-1.10'
ALLOCA=''
ALPHA_FALSE=''
ALPHA_TRUE='#'
AMDEPBACKSLASH='\'
AMDEP_FALSE='#'
AMDEP_TRUE=''
AMTAR='${SHELL} /Users/charlieporth/Downloads/libffi-2.99.9/missing --run tar'
AM_RUNTESTFLAGS=''
AR='ar'
ARM_FALSE=''
ARM_TRUE='#'
AUTOCONF='${SHELL} /Users/charlieporth/Downloads/libffi-2.99.9/missing --run autoconf'
AUTOHEADER='${SHELL} /Users/charlieporth/Downloads/libffi-2.99.9/missing --run autoheader'
AUTOMAKE='${SHELL} /Users/charlieporth/Downloads/libffi-2.99.9/missing --run automake-1.10'
AWK='gawk'
CC='gcc'
CCAS='gcc'
CCASDEPMODE='depmode=gcc3'
CCASFLAGS='-g -O2'
CCDEPMODE='depmode=gcc3'
CFLAGS='-g -O2'
CPP='gcc -E'
CPPFLAGS=''
CXX='g++'
CXXCPP='g++ -E'
CXXDEPMODE='depmode=gcc3'
CXXFLAGS='-g -O2'
CYGPATH_W='echo'
DEFS='-DHAVE_CONFIG_H'
DEPDIR='.deps'
ECHO='/usr/local/opt/coreutils/libexec/gnubin/echo'
ECHO_C='ECHO_N=''
ECHO_T=''
EGREP='/usr/local/bin/grep -E'
EXEEXT=''
F77='gfortran'
FFLAGS='-g -O2'
FRV_FALSE=''
FRV_TRUE='#'
GREP='/usr/local/bin/grep'
HAVE_LONG_DOUBLE='1'
IA64_FALSE=''
IA64_TRUE='#'
INSTALL_DATA='${INSTALL} -m 644'
INSTALL_PROGRAM='${INSTALL}'
INSTALL_SCRIPT='${INSTALL}'
INSTALL_STRIP_PROGRAM='$(install_sh) -c -s'
LDFLAGS=''
LIBFFI_CRIS_FALSE=''
LIBFFI_CRIS_TRUE='#'
LIBOBJS=''
LIBS=''
LIBTOOL='$(SHELL) $(top_builddir)/libtool'
LN_S='ln -s'
LTLIBOBJS=''
M32R_FALSE=''
M32R_TRUE='#'
M68K_FALSE=''
M68K_TRUE='#'
MAINT='#'
MAINTAINER_MODE_FALSE=''
MAINTAINER_MODE_TRUE='#'
MAKEINFO='${SHELL} /Users/charlieporth/Downloads/libffi-2.99.9/missing --run makeinfo'
MIPS_FALSE=''
MIPS_TRUE='#'
OBJEXT='o'
PA64_HPUX_FALSE=''
PA64_HPUX_TRUE='#'
PACKAGE='libffi'
PACKAGE_BUGREPORT='http://gcc.gnu.org/bugs.html'
PACKAGE_NAME='libffi'
PACKAGE_STRING='libffi 2.99.9'
PACKAGE_TARNAME='libffi'
PACKAGE_VERSION='2.99.9'
PATH_SEPARATOR=':'
PA_HPUX_FALSE=''
PA_HPUX_TRUE='#'
PA_LINUX_FALSE=''
PA_LINUX_TRUE='#'
POWERPC_AIX_FALSE=''
POWERPC_AIX_TRUE='#'
POWERPC_DARWIN_FALSE=''
POWERPC_DARWIN_TRUE='#'
POWERPC_FALSE=''
POWERPC_FREEBSD_FALSE=''
POWERPC_FREEBSD_TRUE='#'
POWERPC_TRUE='#'
RANLIB='ranlib'
S390_FALSE=''
S390_TRUE='#'
SED='/usr/local/bin/sed'
SET_MAKE=''
SH64_FALSE=''
SH64_TRUE='#'
SHELL='/bin/sh'
SH_FALSE=''
SH_TRUE='#'
SPARC_FALSE=''
SPARC_TRUE='#'
STRIP='strip'
TARGET='X86_DARWIN'
TARGETDIR='x86'
TESTSUBDIR_FALSE='#'
TESTSUBDIR_TRUE=''
VERSION='2.99.9'
X86_64_FALSE=''
X86_64_TRUE='#'
X86_DARWIN_FALSE='#'
X86_DARWIN_TRUE=''
X86_FALSE=''
X86_TRUE='#'
X86_WIN32_FALSE=''
X86_WIN32_TRUE='#'
ac_ct_CC='gcc'
ac_ct_CXX='g++'
ac_ct_F77='gfortran'
am__fastdepCCAS_FALSE='#'
am__fastdepCCAS_TRUE=''
am__fastdepCC_FALSE='#'
am__fastdepCC_TRUE=''
am__fastdepCXX_FALSE='#'
am__fastdepCXX_TRUE=''
am__include='include'
am__isrc=''
am__leading_dot='.'
am__quote=''
am__tar='${AMTAR} chof - "$$tardir"'
am__untar='${AMTAR} xf -'
bindir='${exec_prefix}/bin'
build='i386-apple-darwin17.5.0'
build_alias=''
build_cpu='i386'
build_os='darwin17.5.0'
build_vendor='apple'
datadir='${datarootdir}'
datarootdir='${prefix}/share'
docdir='${datarootdir}/doc/${PACKAGE_TARNAME}'
dvidir='${docdir}'
exec_prefix='${prefix}'
host='i386-apple-darwin17.5.0'
host_alias=''
host_cpu='i386'
host_os='darwin17.5.0'
host_vendor='apple'
htmldir='${docdir}'
includedir='${prefix}/include'
infodir='${datarootdir}/info'
install_sh='$(SHELL) /Users/charlieporth/Downloads/libffi-2.99.9/install-sh'
libdir='${exec_prefix}/lib'
libexecdir='${exec_prefix}/libexec'
localedir='${datarootdir}/locale'
localstatedir='${prefix}/var'
mandir='${datarootdir}/man'
mkdir_p='/usr/local/opt/coreutils/libexec/gnubin/mkdir -p'
oldincludedir='/usr/include'
pdfdir='${docdir}'
prefix='/usr/local'
program_transform_name='s,x,x,'
psdir='${docdir}'
sbindir='${exec_prefix}/sbin'
sharedstatedir='${prefix}/com'
sysconfdir='${prefix}/etc'
target='i386-apple-darwin17.5.0'
target_alias=''
target_cpu='i386'
target_os='darwin17.5.0'
target_vendor='apple'
toolexecdir='$(libdir)/gcc-lib/$(target_alias)'
toolexeclibdir='$(libdir)/'

## ----------- ##
## confdefs.h. ##
## ----------- ##

#define PACKAGE_NAME "libffi"
#define PACKAGE_TARNAME "libffi"
#define PACKAGE_VERSION "2.99.9"
#define PACKAGE_STRING "libffi 2.99.9"
#define PACKAGE_BUGREPORT "http://gcc.gnu.org/bugs.html"
#define PACKAGE "libffi"
#define VERSION "2.99.9"
#define STDC_HEADERS 1
#define HAVE_SYS_TYPES_H 1
#define HAVE_SYS_STAT_H 1
#define HAVE_STDLIB_H 1
#define HAVE_STRING_H 1
#define HAVE_MEMORY_H 1
#define HAVE_STRINGS_H 1
#define HAVE_INTTYPES_H 1
#define HAVE_STDINT_H 1
#define HAVE_UNISTD_H 1
#define HAVE_DLFCN_H 1
#define HAVE_SYS_MMAN_H 1
#define HAVE_MMAP 1
#define HAVE_MMAP_FILE 1
#define HAVE_MMAP_ANON 1
#define STDC_HEADERS 1
#define HAVE_MEMCPY 1
#define HAVE_ALLOCA_H 1
#define HAVE_ALLOCA 1
#define SIZEOF_DOUBLE 8
#define SIZEOF_LONG_DOUBLE 16
#define HAVE_LONG_DOUBLE 1
#define HAVE_AS_CFI_PSEUDO_OP 1
#define EH_FRAME_FLAGS "aw"

configure: exit 0
