This file contains any messages produced by compilers while
running configure, to aid debugging if configure makes a mistake.

It was created by aircrack-ng configure 1.2-rc5, which was
generated by GNU Autoconf 2.69.  Invocation command line was

  $ ./configure 

## --------- ##
## Platform. ##
## --------- ##

hostname = Charlies-MacBook-Pro.local
uname -m = x86_64
uname -r = 17.5.0
uname -s = Darwin
uname -v = Darwin Kernel Version 17.5.0: Mon Mar  5 22:24:32 PST 2018; root:xnu-4570.51.1~1/RELEASE_X86_64

/usr/bin/uname -p = i386
/bin/uname -X     = unknown

/bin/arch              = unknown
/usr/bin/arch -k       = unknown
/usr/convex/getsysinfo = unknown
/usr/bin/hostinfo      = Mach kernel version:
	 Darwin Kernel Version 17.5.0: Mon Mar  5 22:24:32 PST 2018; root:xnu-4570.51.1~1/RELEASE_X86_64
Kernel configured for up to 8 processors.
4 processors are physically available.
8 processors are logically available.
Processor type: x86_64h (Intel x86-64h Haswell)
Processors active: 0 1 2 3 4 5 6 7
Primary memory available: 16.00 gigabytes
Default processor set: 734 tasks, 3530 threads, 8 processors
Load average: 2.38, Mach factor: 5.60
/bin/machine           = unknown
/usr/bin/oslevel       = unknown
/bin/universe          = unknown

PATH: /Users/charlieporth/go//bin
PATH: /usr/local/opt/coreutils/libexec/gnubin
PATH: /usr/local/bin
PATH: ~/Library/Android/sdk/tools
PATH: /usr/local/bin
PATH: /usr/bin
PATH: /usr/local/sbin
PATH: /sbin
PATH: /bin
PATH: /usr/sbin
PATH: /opt/local/bin
PATH: /opt/local/sbin
PATH: /opt/metasploit-framework/bin/Library/Frameworks/Python.framework/Versions/3.6/bin
PATH: /Library/Frameworks/Python.framework/Versions/3.6/bin
PATH: ~/Library/Android/sdk/tools/bin/
PATH: /Users/charlieporth/.cargo/bin
PATH: /bin
PATH: /sbin/usr/local/bin
PATH: /usr/local/sbin
PATH: /usr/sbin
PATH: /usr/bin
PATH: /Users/charlieporth/.local/bin
PATH: /opt/metasploit-framework/bin
PATH: /Users/charlieporth/platform-tools
PATH: /Users/charlieporth/miniconda3/bin
PATH: /Users/charlieporth/.opam/system/bin
PATH: /Users/charlieporth/.opam/system/sbin
PATH: /opt/X11/bin
PATH: /usr/local/opt/make/libexec/gnubin
PATH: /usr/libexec
PATH: /usr/local/opt/apktool/libexec
PATH: /usr/local/opt/arpack/libexec
PATH: /usr/local/opt/auto-scaling/libexec
PATH: /usr/local/opt/autocode/libexec
PATH: /usr/local/opt/autopsy/libexec
PATH: /usr/local/opt/aws-as/libexec
PATH: /usr/local/opt/awscli/libexec
PATH: /usr/local/opt/bltool/libexec
PATH: /usr/local/opt/bower/libexec
PATH: /usr/local/opt/cocoapods/libexec
PATH: /usr/local/opt/conjure-up/libexec
PATH: /usr/local/opt/coreutils/libexec
PATH: /usr/local/opt/curl/libexec
PATH: /usr/local/opt/dependency-check/libexec
PATH: /usr/local/opt/dex2jar/libexec
PATH: /usr/local/opt/dpkg/libexec
PATH: /usr/local/opt/emacs/libexec
PATH: /usr/local/opt/fabric/libexec
PATH: /usr/local/opt/fbi-servefiles/libexec
PATH: /usr/local/opt/findutils/libexec
PATH: /usr/local/opt/firebase-cli/libexec
PATH: /usr/local/opt/gawk/libexec
PATH: /usr/local/opt/gcc/libexec
PATH: /usr/local/opt/gcc@4.9/libexec
PATH: /usr/local/opt/gcc@5/libexec
PATH: /usr/local/opt/gcc@6/libexec
PATH: /usr/local/opt/gcc@7/libexec
PATH: /usr/local/opt/git/libexec
PATH: /usr/local/opt/gnupg/libexec
PATH: /usr/local/opt/gnupg2/libexec
PATH: /usr/local/opt/gnupg@2.2/libexec
PATH: /usr/local/opt/gnuradio/libexec
PATH: /usr/local/opt/gnustep-make/libexec
PATH: /usr/local/opt/go/libexec
PATH: /usr/local/opt/go@1.10/libexec
PATH: /usr/local/opt/golang/libexec
PATH: /usr/local/opt/google-go/libexec
PATH: /usr/local/opt/gpg/libexec
PATH: /usr/local/opt/gpg2/libexec
PATH: /usr/local/opt/gradle/libexec
PATH: /usr/local/opt/gradle@4/libexec
PATH: /usr/local/opt/hadoop/libexec
PATH: /usr/local/opt/htmlcleaner/libexec
PATH: /usr/local/opt/htmlcompressor/libexec
PATH: /usr/local/opt/inetutils/libexec
PATH: /usr/local/opt/ino/libexec
PATH: /usr/local/opt/john/libexec
PATH: /usr/local/opt/json-glib/libexec
PATH: /usr/local/opt/juju-wait/libexec
PATH: /usr/local/opt/kotlin/libexec
PATH: /usr/local/opt/llvm/libexec
PATH: /usr/local/opt/llvm@5/libexec
PATH: /usr/local/opt/llvm@6/libexec
PATH: /usr/local/opt/lolcat/libexec
PATH: /usr/local/opt/lua/libexec
PATH: /usr/local/opt/lua@5.3/libexec
PATH: /usr/local/opt/mailutils/libexec
PATH: /usr/local/opt/make/libexec
PATH: /usr/local/opt/nexus/libexec
PATH: /usr/local/opt/node.js/libexec
PATH: /usr/local/opt/node/libexec
PATH: /usr/local/opt/node@9/libexec
PATH: /usr/local/opt/nodejs/libexec
PATH: /usr/local/opt/npm/libexec
PATH: /usr/local/opt/numpy/libexec
PATH: /usr/local/opt/openssh/libexec
PATH: /usr/local/opt/p11-kit/libexec
PATH: /usr/local/opt/pdf2htmlex/libexec
PATH: /usr/local/opt/pow/libexec
PATH: /usr/local/opt/protobuf/libexec
PATH: /usr/local/opt/protobuf@3.5/libexec
PATH: /usr/local/opt/pwntools/libexec
PATH: /usr/local/opt/python/libexec
PATH: /usr/local/opt/python2/libexec
PATH: /usr/local/opt/python3/libexec
PATH: /usr/local/opt/python@2/libexec
PATH: /usr/local/opt/python@3/libexec
PATH: /usr/local/opt/recon-ng/libexec
PATH: /usr/local/opt/ruby/libexec
PATH: /usr/local/opt/ruby@2.5/libexec
PATH: /usr/local/opt/rust/libexec
PATH: /usr/local/opt/sdl/libexec
PATH: /usr/local/opt/smali/libexec
PATH: /usr/local/opt/sphinx-doc/libexec
PATH: /usr/local/opt/spoof-mac/libexec
PATH: /usr/local/opt/squid/libexec
PATH: /usr/local/opt/sshguard/libexec
PATH: /usr/local/opt/sslmate/libexec
PATH: /usr/local/opt/sslyze/libexec
PATH: /usr/local/opt/thefuck/libexec
PATH: /usr/local/opt/uhd/libexec
PATH: /usr/local/opt/wine/libexec
PATH: /usr/local/opt/wpscan/libexec
PATH: /usr/local/opt/xctool/libexec


## ----------- ##
## Core tests. ##
## ----------- ##

configure:3217: checking build system type
configure:3231: result: x86_64-apple-darwin17.5.0
configure:3251: checking host system type
configure:3264: result: x86_64-apple-darwin17.5.0
configure:3284: checking target system type
configure:3297: result: x86_64-apple-darwin17.5.0
configure:3374: checking for a BSD-compatible install
configure:3442: result: /usr/local/opt/coreutils/libexec/gnubin/install -c
configure:3453: checking whether build environment is sane
configure:3508: result: yes
configure:3659: checking for a thread-safe mkdir -p
configure:3698: result: /usr/local/opt/coreutils/libexec/gnubin/mkdir -p
configure:3705: checking for gawk
configure:3721: found /usr/local/bin/gawk
configure:3732: result: gawk
configure:3743: checking whether make sets $(MAKE)
configure:3765: result: yes
configure:3794: checking whether make supports nested variables
configure:3811: result: yes
configure:3938: checking whether to enable maintainer-specific portions of Makefiles
configure:3947: result: yes
configure:3974: checking whether make supports nested variables
configure:3991: result: yes
configure:4010: checking whether make supports the include directive
configure:4025: make -f confmf.GNU && cat confinc.out
this is the am__doit target
configure:4028: $? = 0
configure:4047: result: yes (GNU style)
configure:4119: checking for gcc
configure:4135: found /usr/bin/gcc
configure:4146: result: gcc
configure:4375: checking for C compiler version
configure:4384: gcc --version >&5
Apple LLVM version 9.1.0 (clang-902.0.39.1)
Target: x86_64-apple-darwin17.5.0
Thread model: posix
InstalledDir: /Applications/Xcode.app/Contents/Developer/Toolchains/XcodeDefault.xctoolchain/usr/bin
Configured with: --prefix=/Applications/Xcode.app/Contents/Developer/usr --with-gxx-include-dir=/usr/include/c++/4.2.1
configure:4395: $? = 0
configure:4384: gcc -v >&5
Configured with: --prefix=/Applications/Xcode.app/Contents/Developer/usr --with-gxx-include-dir=/usr/include/c++/4.2.1
Apple LLVM version 9.1.0 (clang-902.0.39.1)
Target: x86_64-apple-darwin17.5.0
Thread model: posix
InstalledDir: /Applications/Xcode.app/Contents/Developer/Toolchains/XcodeDefault.xctoolchain/usr/bin
configure:4395: $? = 0
configure:4384: gcc -V >&5
clang: error: argument to '-V' is missing (expected 1 value)
clang: error: no input files
configure:4395: $? = 1
configure:4384: gcc -qversion >&5
clang: error: unknown argument: '-qversion'
clang: error: no input files
configure:4395: $? = 1
configure:4415: checking whether the C compiler works
configure:4437: gcc    conftest.c  >&5
configure:4441: $? = 0
configure:4489: result: yes
configure:4492: checking for C compiler default output file name
configure:4494: result: a.out
configure:4500: checking for suffix of executables
configure:4507: gcc -o conftest    conftest.c  >&5
configure:4511: $? = 0
configure:4533: result: 
configure:4555: checking whether we are cross compiling
configure:4563: gcc -o conftest    conftest.c  >&5
configure:4567: $? = 0
configure:4574: ./conftest
configure:4578: $? = 0
configure:4593: result: no
configure:4598: checking for suffix of object files
configure:4620: gcc -c   conftest.c >&5
configure:4624: $? = 0
configure:4645: result: o
configure:4649: checking whether we are using the GNU C compiler
configure:4668: gcc -c   conftest.c >&5
configure:4668: $? = 0
configure:4677: result: yes
configure:4686: checking whether gcc accepts -g
configure:4706: gcc -c -g  conftest.c >&5
configure:4706: $? = 0
configure:4747: result: yes
configure:4764: checking for gcc option to accept ISO C89
configure:4827: gcc  -c -g -O2  conftest.c >&5
configure:4827: $? = 0
configure:4840: result: none needed
configure:4865: checking whether gcc understands -c and -o together
configure:4887: gcc -c conftest.c -o conftest2.o
configure:4890: $? = 0
configure:4887: gcc -c conftest.c -o conftest2.o
configure:4890: $? = 0
configure:4902: result: yes
configure:4921: checking dependency style of gcc
configure:5032: result: gcc3
configure:5109: checking for g++
configure:5125: found /usr/bin/g++
configure:5136: result: g++
configure:5163: checking for C++ compiler version
configure:5172: g++ --version >&5
Apple LLVM version 9.1.0 (clang-902.0.39.1)
Target: x86_64-apple-darwin17.5.0
Thread model: posix
InstalledDir: /Applications/Xcode.app/Contents/Developer/Toolchains/XcodeDefault.xctoolchain/usr/bin
Configured with: --prefix=/Applications/Xcode.app/Contents/Developer/usr --with-gxx-include-dir=/usr/include/c++/4.2.1
configure:5183: $? = 0
configure:5172: g++ -v >&5
Configured with: --prefix=/Applications/Xcode.app/Contents/Developer/usr --with-gxx-include-dir=/usr/include/c++/4.2.1
Apple LLVM version 9.1.0 (clang-902.0.39.1)
Target: x86_64-apple-darwin17.5.0
Thread model: posix
InstalledDir: /Applications/Xcode.app/Contents/Developer/Toolchains/XcodeDefault.xctoolchain/usr/bin
configure:5183: $? = 0
configure:5172: g++ -V >&5
clang: error: argument to '-V' is missing (expected 1 value)
clang: error: no input files
configure:5183: $? = 1
configure:5172: g++ -qversion >&5
clang: error: unknown argument: '-qversion'
clang: error: no input files
configure:5183: $? = 1
configure:5187: checking whether we are using the GNU C++ compiler
configure:5206: g++ -c   conftest.cpp >&5
configure:5206: $? = 0
configure:5215: result: yes
configure:5224: checking whether g++ accepts -g
configure:5244: g++ -c -g  conftest.cpp >&5
configure:5244: $? = 0
configure:5285: result: yes
configure:5310: checking dependency style of g++
configure:5421: result: gcc3
configure:5448: checking dependency style of gcc
configure:5557: result: gcc3
configure:5619: checking how to print strings
configure:5646: result: printf
configure:5667: checking for a sed that does not truncate output
configure:5731: result: /usr/local/bin/sed
configure:5749: checking for grep that handles long lines and -e
configure:5807: result: /usr/local/bin/grep
configure:5812: checking for egrep
configure:5874: result: /usr/local/bin/grep -E
configure:5879: checking for fgrep
configure:5941: result: /usr/local/bin/grep -F
configure:5976: checking for ld used by gcc
configure:6043: result: /Applications/Xcode.app/Contents/Developer/Toolchains/XcodeDefault.xctoolchain/usr/bin/ld
configure:6050: checking if the linker (/Applications/Xcode.app/Contents/Developer/Toolchains/XcodeDefault.xctoolchain/usr/bin/ld) is GNU ld
configure:6065: result: no
configure:6077: checking for BSD- or MS-compatible name lister (nm)
configure:6131: result: /usr/bin/nm -B
configure:6261: checking the name lister (/usr/bin/nm -B) interface
configure:6268: gcc -c   conftest.c >&5
configure:6271: /usr/bin/nm -B "conftest.o"
configure:6274: output
0000000000000000 S _some_variable
configure:6281: result: BSD nm
configure:6284: checking whether ln -s works
configure:6288: result: yes
configure:6296: checking the maximum length of command line arguments
configure:6427: result: 196608
configure:6475: checking how to convert x86_64-apple-darwin17.5.0 file names to x86_64-apple-darwin17.5.0 format
configure:6515: result: func_convert_file_noop
configure:6522: checking how to convert x86_64-apple-darwin17.5.0 file names to toolchain format
configure:6542: result: func_convert_file_noop
configure:6549: checking for /Applications/Xcode.app/Contents/Developer/Toolchains/XcodeDefault.xctoolchain/usr/bin/ld option to reload object files
configure:6556: result: -r
configure:6630: checking for objdump
configure:6646: found /usr/bin/objdump
configure:6657: result: objdump
configure:6689: checking how to recognize dependent libraries
configure:6889: result: pass_all
configure:6974: checking for dlltool
configure:7004: result: no
configure:7034: checking how to associate runtime and link libraries
configure:7061: result: printf %s\n
configure:7122: checking for ar
configure:7138: found /usr/bin/ar
configure:7149: result: ar
configure:7186: checking for archiver @FILE support
configure:7203: gcc -c   conftest.c >&5
configure:7203: $? = 0
configure:7206: ar cru libconftest.a @conftest.lst >&5
ar: @conftest.lst: No such file or directory
configure:7209: $? = 1
configure:7229: result: no
configure:7287: checking for strip
configure:7303: found /usr/bin/strip
configure:7314: result: strip
configure:7386: checking for ranlib
configure:7402: found /usr/bin/ranlib
configure:7413: result: ranlib
configure:7515: checking command to parse /usr/bin/nm -B output from gcc object
configure:7668: gcc -c   conftest.c >&5
configure:7671: $? = 0
configure:7675: /usr/bin/nm -B conftest.o \| sed -n -e 's/^.*[ ]\([BCDEGRST][BCDEGRST]*\)[ ][ ]*\([_A-Za-z][_A-Za-z0-9]*\)$/\1 \2 \2/p' | sed '/ __gnu_lto/d' \> conftest.nm
configure:7678: $? = 0
cannot find nm_test_var in conftest.nm
configure:7668: gcc -c   conftest.c >&5
configure:7671: $? = 0
configure:7675: /usr/bin/nm -B conftest.o \| sed -n -e 's/^.*[ ]\([BCDEGRST][BCDEGRST]*\)[ ][ ]*_\([_A-Za-z][_A-Za-z0-9]*\)$/\1 _\2 \2/p' | sed '/ __gnu_lto/d' \> conftest.nm
configure:7678: $? = 0
configure:7744: gcc -o conftest    conftest.c conftstm.o >&5
configure:7747: $? = 0
configure:7785: result: ok
configure:7832: checking for sysroot
configure:7862: result: no
configure:7869: checking for a working dd
configure:7907: result: /usr/local/opt/coreutils/libexec/gnubin/dd
configure:7911: checking how to truncate binary pipes
configure:7926: result: /usr/local/opt/coreutils/libexec/gnubin/dd bs=4096 count=1
configure:8255: checking for mt
configure:8285: result: no
configure:8305: checking if : is a manifest tool
configure:8311: : '-?'
configure:8319: result: no
configure:8375: checking for dsymutil
configure:8391: found /usr/bin/dsymutil
configure:8402: result: dsymutil
configure:8467: checking for nmedit
configure:8483: found /usr/bin/nmedit
configure:8494: result: nmedit
configure:8559: checking for lipo
configure:8575: found /usr/bin/lipo
configure:8586: result: lipo
configure:8651: checking for otool
configure:8667: found /usr/bin/otool
configure:8678: result: otool
configure:8743: checking for otool64
configure:8773: result: no
configure:8818: checking for -single_module linker flag
gcc   -o libconftest.dylib -dynamiclib -Wl,-single_module conftest.c
configure:8851: result: yes
configure:8854: checking for -exported_symbols_list linker flag
configure:8874: gcc -o conftest    -Wl,-exported_symbols_list,conftest.sym conftest.c  >&5
configure:8874: $? = 0
configure:8884: result: yes
configure:8887: checking for -force_load linker flag
gcc  -c -o conftest.o conftest.c
ar cru libconftest.a conftest.o
ranlib libconftest.a
gcc   -o conftest conftest.c -Wl,-force_load,./libconftest.a
configure:8919: result: yes
configure:8996: checking how to run the C preprocessor
configure:9027: gcc -E  conftest.c
configure:9027: $? = 0
configure:9041: gcc -E  conftest.c
conftest.c:11:10: fatal error: 'ac_nonexistent.h' file not found
#include <ac_nonexistent.h>
         ^~~~~~~~~~~~~~~~~~
1 error generated.
configure:9041: $? = 1
configure: failed program was:
| /* confdefs.h */
| #define PACKAGE_NAME "aircrack-ng"
| #define PACKAGE_TARNAME "aircrack-ng"
| #define PACKAGE_VERSION "1.2-rc5"
| #define PACKAGE_STRING "aircrack-ng 1.2-rc5"
| #define PACKAGE_BUGREPORT "https://forum.aircrack-ng.org"
| #define PACKAGE_URL ""
| #define PACKAGE "aircrack-ng"
| #define VERSION "1.2-rc5"
| /* end confdefs.h.  */
| #include <ac_nonexistent.h>
configure:9066: result: gcc -E
configure:9086: gcc -E  conftest.c
configure:9086: $? = 0
configure:9100: gcc -E  conftest.c
conftest.c:11:10: fatal error: 'ac_nonexistent.h' file not found
#include <ac_nonexistent.h>
         ^~~~~~~~~~~~~~~~~~
1 error generated.
configure:9100: $? = 1
configure: failed program was:
| /* confdefs.h */
| #define PACKAGE_NAME "aircrack-ng"
| #define PACKAGE_TARNAME "aircrack-ng"
| #define PACKAGE_VERSION "1.2-rc5"
| #define PACKAGE_STRING "aircrack-ng 1.2-rc5"
| #define PACKAGE_BUGREPORT "https://forum.aircrack-ng.org"
| #define PACKAGE_URL ""
| #define PACKAGE "aircrack-ng"
| #define VERSION "1.2-rc5"
| /* end confdefs.h.  */
| #include <ac_nonexistent.h>
configure:9129: checking for ANSI C header files
configure:9149: gcc -c   conftest.c >&5
configure:9149: $? = 0
configure:9222: gcc -o conftest    conftest.c  >&5
configure:9222: $? = 0
configure:9222: ./conftest
configure:9222: $? = 0
configure:9233: result: yes
configure:9246: checking for sys/types.h
configure:9246: gcc -c   conftest.c >&5
configure:9246: $? = 0
configure:9246: result: yes
configure:9246: checking for sys/stat.h
configure:9246: gcc -c   conftest.c >&5
configure:9246: $? = 0
configure:9246: result: yes
configure:9246: checking for stdlib.h
configure:9246: gcc -c   conftest.c >&5
configure:9246: $? = 0
configure:9246: result: yes
configure:9246: checking for string.h
configure:9246: gcc -c   conftest.c >&5
configure:9246: $? = 0
configure:9246: result: yes
configure:9246: checking for memory.h
configure:9246: gcc -c   conftest.c >&5
configure:9246: $? = 0
configure:9246: result: yes
configure:9246: checking for strings.h
configure:9246: gcc -c   conftest.c >&5
configure:9246: $? = 0
configure:9246: result: yes
configure:9246: checking for inttypes.h
configure:9246: gcc -c   conftest.c >&5
configure:9246: $? = 0
configure:9246: result: yes
configure:9246: checking for stdint.h
configure:9246: gcc -c   conftest.c >&5
configure:9246: $? = 0
configure:9246: result: yes
configure:9246: checking for unistd.h
configure:9246: gcc -c   conftest.c >&5
configure:9246: $? = 0
configure:9246: result: yes
configure:9260: checking for dlfcn.h
configure:9260: gcc -c   conftest.c >&5
configure:9260: $? = 0
configure:9260: result: yes
configure:9526: checking for objdir
configure:9541: result: .libs
configure:9805: checking if gcc supports -fno-rtti -fno-exceptions
configure:9823: gcc -c   -fno-rtti -fno-exceptions conftest.c >&5
configure:9827: $? = 0
configure:9840: result: yes
configure:10198: checking for gcc option to produce PIC
configure:10205: result: -fno-common -DPIC
configure:10213: checking if gcc PIC flag -fno-common -DPIC works
configure:10231: gcc -c   -fno-common -DPIC -DPIC conftest.c >&5
configure:10235: $? = 0
configure:10248: result: yes
configure:10277: checking if gcc static flag -static works
configure:10305: result: no
configure:10320: checking if gcc supports -c -o file.o
configure:10341: gcc -c   -o out/conftest2.o conftest.c >&5
configure:10345: $? = 0
configure:10367: result: yes
configure:10375: checking if gcc supports -c -o file.o
configure:10422: result: yes
configure:10455: checking whether the gcc linker (/Applications/Xcode.app/Contents/Developer/Toolchains/XcodeDefault.xctoolchain/usr/bin/ld) supports shared libraries
configure:11714: result: yes
configure:11954: checking dynamic linker characteristics
configure:12772: result: darwin17.5.0 dyld
configure:12894: checking how to hardcode library paths into programs
configure:12919: result: immediate
configure:13467: checking whether stripping libraries is possible
configure:13481: result: yes
configure:13507: checking if libtool supports shared libraries
configure:13509: result: yes
configure:13512: checking whether to build shared libraries
configure:13537: result: no
configure:13540: checking whether to build static libraries
configure:13544: result: yes
configure:13567: checking how to run the C++ preprocessor
configure:13594: g++ -E  conftest.cpp
configure:13594: $? = 0
configure:13608: g++ -E  conftest.cpp
conftest.cpp:23:10: fatal error: 'ac_nonexistent.h' file not found
#include <ac_nonexistent.h>
         ^~~~~~~~~~~~~~~~~~
1 error generated.
configure:13608: $? = 1
configure: failed program was:
| /* confdefs.h */
| #define PACKAGE_NAME "aircrack-ng"
| #define PACKAGE_TARNAME "aircrack-ng"
| #define PACKAGE_VERSION "1.2-rc5"
| #define PACKAGE_STRING "aircrack-ng 1.2-rc5"
| #define PACKAGE_BUGREPORT "https://forum.aircrack-ng.org"
| #define PACKAGE_URL ""
| #define PACKAGE "aircrack-ng"
| #define VERSION "1.2-rc5"
| #define STDC_HEADERS 1
| #define HAVE_SYS_TYPES_H 1
| #define HAVE_SYS_STAT_H 1
| #define HAVE_STDLIB_H 1
| #define HAVE_STRING_H 1
| #define HAVE_MEMORY_H 1
| #define HAVE_STRINGS_H 1
| #define HAVE_INTTYPES_H 1
| #define HAVE_STDINT_H 1
| #define HAVE_UNISTD_H 1
| #define HAVE_DLFCN_H 1
| #define LT_OBJDIR ".libs/"
| /* end confdefs.h.  */
| #include <ac_nonexistent.h>
configure:13633: result: g++ -E
configure:13653: g++ -E  conftest.cpp
configure:13653: $? = 0
configure:13667: g++ -E  conftest.cpp
conftest.cpp:23:10: fatal error: 'ac_nonexistent.h' file not found
#include <ac_nonexistent.h>
         ^~~~~~~~~~~~~~~~~~
1 error generated.
configure:13667: $? = 1
configure: failed program was:
| /* confdefs.h */
| #define PACKAGE_NAME "aircrack-ng"
| #define PACKAGE_TARNAME "aircrack-ng"
| #define PACKAGE_VERSION "1.2-rc5"
| #define PACKAGE_STRING "aircrack-ng 1.2-rc5"
| #define PACKAGE_BUGREPORT "https://forum.aircrack-ng.org"
| #define PACKAGE_URL ""
| #define PACKAGE "aircrack-ng"
| #define VERSION "1.2-rc5"
| #define STDC_HEADERS 1
| #define HAVE_SYS_TYPES_H 1
| #define HAVE_SYS_STAT_H 1
| #define HAVE_STDLIB_H 1
| #define HAVE_STRING_H 1
| #define HAVE_MEMORY_H 1
| #define HAVE_STRINGS_H 1
| #define HAVE_INTTYPES_H 1
| #define HAVE_STDINT_H 1
| #define HAVE_UNISTD_H 1
| #define HAVE_DLFCN_H 1
| #define LT_OBJDIR ".libs/"
| /* end confdefs.h.  */
| #include <ac_nonexistent.h>
configure:13829: checking for ld used by g++
configure:13896: result: /Applications/Xcode.app/Contents/Developer/Toolchains/XcodeDefault.xctoolchain/usr/bin/ld
configure:13903: checking if the linker (/Applications/Xcode.app/Contents/Developer/Toolchains/XcodeDefault.xctoolchain/usr/bin/ld) is GNU ld
configure:13918: result: no
configure:13973: checking whether the g++ linker (/Applications/Xcode.app/Contents/Developer/Toolchains/XcodeDefault.xctoolchain/usr/bin/ld) supports shared libraries
configure:15046: result: yes
configure:15082: g++ -c   conftest.cpp >&5
configure:15085: $? = 0
configure:15566: checking for g++ option to produce PIC
configure:15573: result: -fno-common -DPIC
configure:15581: checking if g++ PIC flag -fno-common -DPIC works
configure:15599: g++ -c   -fno-common -DPIC -DPIC conftest.cpp >&5
configure:15603: $? = 0
configure:15616: result: yes
configure:15639: checking if g++ static flag -static works
configure:15667: result: no
configure:15679: checking if g++ supports -c -o file.o
configure:15700: g++ -c   -o out/conftest2.o conftest.cpp >&5
configure:15704: $? = 0
configure:15726: result: yes
configure:15731: checking if g++ supports -c -o file.o
configure:15778: result: yes
configure:15808: checking whether the g++ linker (/Applications/Xcode.app/Contents/Developer/Toolchains/XcodeDefault.xctoolchain/usr/bin/ld) supports shared libraries
configure:15848: result: yes
configure:15989: checking dynamic linker characteristics
configure:16734: result: darwin17.5.0 dyld
configure:16799: checking how to hardcode library paths into programs
configure:16824: result: immediate
configure:16902: checking for /usr/local/Homebrew
configure:16915: result: yes
configure:16922: checking for /opt/local/include
configure:16935: result: yes
configure:16941: checking for /opt/local/lib
configure:16954: result: yes
configure:16972: checking for /Applications/Xcode.app/Contents/Developer/Toolchains/XcodeDefault.xctoolchain/usr/lib/swift-migrator/sdk/MacOSX.sdk/usr/include
configure:16985: result: no
configure:17243: checking for pkg-config
configure:17259: found /usr/local/bin/pkg-config
configure:17270: result: pkg-config
configure:17317: checking for openssl/ssl.h in /usr/local/ssl
configure:17324: result: yes
configure:17340: checking whether compiling and linking against OpenSSL works
Trying link with OPENSSL_LDFLAGS=-L/usr/local/ssl/lib; OPENSSL_LIBS=-lssl -lcrypto; OPENSSL_INCLUDES=-I/usr/local/ssl/include
configure:17362: gcc -o conftest  -I/usr/local/ssl/include  -I/usr/local/include -I/opt/local/include -I../..  -L/opt/local/lib -L/usr/local/ssl/lib conftest.c -lssl -lcrypto  >&5
ld: warning: directory not found for option '-L/usr/local/ssl/lib'
configure:17362: $? = 0
configure:17364: result: yes
configure:17386: checking whether gcrypt is enabled
configure:17398: result: 
configure:17997: checking for OpenSSL or libgcrypt
configure:18008: result: OpenSSL
configure:18145: checking for pkg-config
configure:18163: found /usr/local/bin/pkg-config
configure:18175: result: /usr/local/bin/pkg-config
configure:18200: checking pkg-config is at least version 0.9.0
configure:18203: result: yes
configure:20859: checking for malloc in -lduma
configure:20884: gcc -o conftest   -I/usr/local/include -I/opt/local/include -I../..  -L/opt/local/lib conftest.c -lduma   >&5
conftest.c:31:6: warning: incompatible redeclaration of library function 'malloc' [-Wincompatible-library-redeclaration]
char malloc ();
     ^
conftest.c:31:6: note: 'malloc' is a builtin with type 'void *(unsigned long)'
1 warning generated.
ld: library not found for -lduma
clang: error: linker command failed with exit code 1 (use -v to see invocation)
configure:20884: $? = 1
configure: failed program was:
| /* confdefs.h */
| #define PACKAGE_NAME "aircrack-ng"
| #define PACKAGE_TARNAME "aircrack-ng"
| #define PACKAGE_VERSION "1.2-rc5"
| #define PACKAGE_STRING "aircrack-ng 1.2-rc5"
| #define PACKAGE_BUGREPORT "https://forum.aircrack-ng.org"
| #define PACKAGE_URL ""
| #define PACKAGE "aircrack-ng"
| #define VERSION "1.2-rc5"
| #define STDC_HEADERS 1
| #define HAVE_SYS_TYPES_H 1
| #define HAVE_SYS_STAT_H 1
| #define HAVE_STDLIB_H 1
| #define HAVE_STRING_H 1
| #define HAVE_MEMORY_H 1
| #define HAVE_STRINGS_H 1
| #define HAVE_INTTYPES_H 1
| #define HAVE_STDINT_H 1
| #define HAVE_UNISTD_H 1
| #define HAVE_DLFCN_H 1
| #define LT_OBJDIR ".libs/"
| #define _REVISION 0
| /* end confdefs.h.  */
| 
| /* Override any GCC internal prototype to avoid an error.
|    Use char because int might match the return type of a GCC
|    builtin and then its argument prototype would still apply.  */
| #ifdef __cplusplus
| extern "C"
| #endif
| char malloc ();
| int
| main ()
| {
| return malloc ();
|   ;
|   return 0;
| }
configure:20893: result: no
configure:20948: checking for python3
configure:20966: found /usr/local/bin/python3
configure:20978: result: /usr/local/bin/python3
configure:20995: checking for python3-config
configure:21013: found /usr/local/bin/python3-config
configure:21025: result: /usr/local/bin/python3-config
configure:21034: checking for Python prefix
configure:21072: result: /usr/local/opt/python/Frameworks/Python.framework/Versions/3.6
configure:21076: checking for Python site-packages directory
configure:21115: chmod +x conftest.py && cp conftest.py conftest >&5
configure:21115: $? = 0
configure:21144: result: lib/python3.6/site-packages
configure:21154: checking if Python >= '2.7'
configure:21191: chmod +x conftest.py && cp conftest.py conftest >&5
configure:21191: $? = 0
configure:21191: ./conftest
configure:21191: $? = 0
configure:21207: result: yes
configure:21215: checking if Python <= '4.0'
configure:21252: chmod +x conftest.py && cp conftest.py conftest >&5
configure:21252: $? = 0
configure:21252: ./conftest
configure:21252: $? = 0
configure:21268: result: yes
configure:21284: checking for greadlink
configure:21300: found /usr/local/bin/greadlink
configure:21311: result: greadlink
configure:21384: checking pcap header directories
configure:21400: result: /usr/include/pcap
configure:21412: checking pcap.h usability
configure:21412: gcc -c    -I/usr/local/include -I/opt/local/include -I../.. conftest.c >&5
configure:21412: $? = 0
configure:21412: result: yes
configure:21412: checking pcap.h presence
configure:21412: gcc -E  -I/usr/local/include -I/opt/local/include -I../.. conftest.c
configure:21412: $? = 0
configure:21412: result: yes
configure:21412: checking for pcap.h
configure:21412: result: yes
configure:21432: checking for pcap_open_live in -lpcap
configure:21457: gcc -o conftest   -I/usr/local/include -I/opt/local/include -I../..  -L/opt/local/lib conftest.c -lpcap   >&5
configure:21457: $? = 0
configure:21466: result: yes
configure:21496: checking for libpcre
configure:21503: $PKG_CONFIG --exists --print-errors "libpcre"
configure:21506: $? = 0
configure:21520: $PKG_CONFIG --exists --print-errors "libpcre"
configure:21523: $? = 0
configure:21561: result: yes
configure:21577: checking for rfkill
configure:21607: result: no
configure:21656: checking for SQLite3 header
configure:21671: result: found; /usr/include/sqlite3.h
configure:21699: checking sqlite3.h usability
configure:21699: gcc -c   -I/usr/local/include -I/opt/local/include -I../.. -I/usr/include conftest.c >&5
configure:21699: $? = 0
configure:21699: result: yes
configure:21699: checking sqlite3.h presence
configure:21699: gcc -E  -I/usr/local/include -I/opt/local/include -I../.. -I/usr/include conftest.c
configure:21699: $? = 0
configure:21699: result: yes
configure:21699: checking for sqlite3.h
configure:21699: result: yes
configure:21714: checking for sqlite3_open in -lsqlite3
configure:21739: gcc -o conftest   -I/usr/local/include -I/opt/local/include -I../.. -I/usr/include  -L/opt/local/lib -L/usr/lib -lsqlite3 conftest.c -lsqlite3   >&5
configure:21739: $? = 0
configure:21748: result: yes
configure:21761: checking for SQLite3 library version >= 3.0.0
configure:21784: gcc -c   -I/usr/local/include -I/opt/local/include -I../.. -I/usr/include conftest.c >&5
configure:21784: $? = 0
configure:21786: result: yes
configure:21862: checking for zlib
configure:21869: $PKG_CONFIG --exists --print-errors "zlib"
configure:21872: $? = 0
configure:21886: $PKG_CONFIG --exists --print-errors "zlib"
configure:21889: $? = 0
configure:21927: result: yes
configure:21951: checking for special C compiler options needed for large files
configure:21996: result: no
configure:22002: checking for _FILE_OFFSET_BITS value needed for large files
configure:22027: gcc -c   -I/usr/local/include -I/opt/local/include -I../.. conftest.c >&5
configure:22027: $? = 0
configure:22059: result: no
configure:22152: checking whether to add -D_FORTIFY_SOURCE=2 to CPPFLAGS
configure:22168: gcc -o conftest   -I/usr/local/include -I/opt/local/include -I../.. -D_FILE_OFFSET_BITS=64 -D_LARGEFILE64_SOURCE  -L/opt/local/lib conftest.c  >&5
configure:22168: $? = 0
configure:22170: result: yes
configure:22366: checking whether gcc is Clang
configure:22391: result: yes
configure:22438: checking whether Clang needs flag to prevent "argument unused" warning when linking with -pthread
configure:22463: gcc -o conftest -Werror -Wunknown-warning-option  -pthread   -I/usr/local/include -I/opt/local/include -I../.. -D_FILE_OFFSET_BITS=64 -D_LARGEFILE64_SOURCE -D_FORTIFY_SOURCE=2  -L/opt/local/lib conftest.c  >&5
configure:22463: $? = 0
configure:22469: (gcc -c -Werror -Wunknown-warning-option  -pthread   -I/usr/local/include -I/opt/local/include -I../.. -D_FILE_OFFSET_BITS=64 -D_LARGEFILE64_SOURCE -D_FORTIFY_SOURCE=2 conftest.c >&5) && (echo ==== >&5) && (gcc -o conftest -Werror -Wunknown-warning-option  -pthread   -I/usr/local/include -I/opt/local/include -I../.. -D_FILE_OFFSET_BITS=64 -D_LARGEFILE64_SOURCE -D_FORTIFY_SOURCE=2  -L/opt/local/lib conftest.o  >&5)
====
configure:22469: $? = 0
configure:22487: result: no
configure:22636: checking for joinable pthread attribute
configure:22654: gcc -o conftest  -pthread  -I/usr/local/include -I/opt/local/include -I../.. -D_FILE_OFFSET_BITS=64 -D_LARGEFILE64_SOURCE -D_FORTIFY_SOURCE=2  -L/opt/local/lib conftest.c   >&5
configure:22654: $? = 0
configure:22662: result: PTHREAD_CREATE_JOINABLE
configure:22676: checking whether more special flags are required for pthreads
configure:22689: result: no
configure:22697: checking for PTHREAD_PRIO_INHERIT
configure:22713: gcc -o conftest  -pthread  -I/usr/local/include -I/opt/local/include -I../.. -D_FILE_OFFSET_BITS=64 -D_LARGEFILE64_SOURCE -D_FORTIFY_SOURCE=2  -L/opt/local/lib conftest.c   >&5
configure:22713: $? = 0
configure:22722: result: yes
configure:22810: checking for pthread_create in -lpthread
configure:22835: gcc -o conftest   -I/usr/local/include -I/opt/local/include -I../.. -D_FILE_OFFSET_BITS=64 -D_LARGEFILE64_SOURCE -D_FORTIFY_SOURCE=2  -L/opt/local/lib conftest.c -lpthread   >&5
configure:22835: $? = 0
configure:22844: result: yes
configure:22866: checking for library containing gethostbyname
configure:22897: gcc -o conftest   -I/usr/local/include -I/opt/local/include -I../.. -D_FILE_OFFSET_BITS=64 -D_LARGEFILE64_SOURCE -D_FORTIFY_SOURCE=2  -L/opt/local/lib conftest.c  >&5
configure:22897: $? = 0
configure:22914: result: none required
configure:22922: checking for library containing socket
configure:22953: gcc -o conftest   -I/usr/local/include -I/opt/local/include -I../.. -D_FILE_OFFSET_BITS=64 -D_LARGEFILE64_SOURCE -D_FORTIFY_SOURCE=2  -L/opt/local/lib conftest.c  >&5
configure:22953: $? = 0
configure:22970: result: none required
configure:23021: checking for dlopen in -ldl
configure:23046: gcc -o conftest   -I/usr/local/include -I/opt/local/include -I../.. -D_FILE_OFFSET_BITS=64 -D_LARGEFILE64_SOURCE -D_FORTIFY_SOURCE=2  -L/opt/local/lib conftest.c -ldl   >&5
configure:23046: $? = 0
configure:23055: result: yes
configure:23063: checking for sin in -lm
configure:23088: gcc -o conftest   -I/usr/local/include -I/opt/local/include -I../.. -D_FILE_OFFSET_BITS=64 -D_LARGEFILE64_SOURCE -D_FORTIFY_SOURCE=2  -L/opt/local/lib conftest.c -lm   -ldl >&5
conftest.c:40:6: warning: incompatible redeclaration of library function 'sin' [-Wincompatible-library-redeclaration]
char sin ();
     ^
conftest.c:40:6: note: 'sin' is a builtin with type 'double (double)'
1 warning generated.
configure:23088: $? = 0
configure:23097: result: yes
configure:23130: checking whether to build with code coverage support
configure:23150: result: no
configure:23549: : opt_cppflags="$opt_cppflags"
configure:23552: $? = 0
configure:23581: : opt_cflags="$opt_cflags"
configure:23584: $? = 0
configure:23613: : opt_cxxflags="$opt_cxxflags"
configure:23616: $? = 0
configure:23645: : opt_libs="$opt_libs"
configure:23648: $? = 0
configure:23672: checking for valgrind
configure:23702: result: no
configure:23991: checking for C compiler vendor
configure:24038: gcc -c   -I/usr/local/include -I/opt/local/include -I../.. -D_FILE_OFFSET_BITS=64 -D_LARGEFILE64_SOURCE -D_FORTIFY_SOURCE=2 conftest.c >&5
conftest.c:39:9: error: use of undeclared identifier 'thisisanerror'
        thisisanerror;
        ^
1 error generated.
configure:24038: $? = 1
configure: failed program was:
| /* confdefs.h */
| #define PACKAGE_NAME "aircrack-ng"
| #define PACKAGE_TARNAME "aircrack-ng"
| #define PACKAGE_VERSION "1.2-rc5"
| #define PACKAGE_STRING "aircrack-ng 1.2-rc5"
| #define PACKAGE_BUGREPORT "https://forum.aircrack-ng.org"
| #define PACKAGE_URL ""
| #define PACKAGE "aircrack-ng"
| #define VERSION "1.2-rc5"
| #define STDC_HEADERS 1
| #define HAVE_SYS_TYPES_H 1
| #define HAVE_SYS_STAT_H 1
| #define HAVE_STDLIB_H 1
| #define HAVE_STRING_H 1
| #define HAVE_MEMORY_H 1
| #define HAVE_STRINGS_H 1
| #define HAVE_INTTYPES_H 1
| #define HAVE_STDINT_H 1
| #define HAVE_UNISTD_H 1
| #define HAVE_DLFCN_H 1
| #define LT_OBJDIR ".libs/"
| #define _REVISION 0
| #define HAVE_PCAP_H 1
| #define HAVE_PCAP 1
| #define HAVE_PCRE 1
| #define HAVE_SQLITE3_H 1
| #define HAVE_SQLITE3 1
| #define HAVE_SQLITE 1
| #define HAVE_ZLIB 1
| #define HAVE_PTHREAD_PRIO_INHERIT 1
| #define _REENTRANT 1
| /* end confdefs.h.  */
| 
| int
| main ()
| {
| 
|       #if !(defined(__ICC) || defined(__ECC) || defined(__INTEL_COMPILER))
|         thisisanerror;
|       #endif
| 
|   ;
|   return 0;
| }
configure:24038: gcc -c   -I/usr/local/include -I/opt/local/include -I../.. -D_FILE_OFFSET_BITS=64 -D_LARGEFILE64_SOURCE -D_FORTIFY_SOURCE=2 conftest.c >&5
conftest.c:39:9: error: use of undeclared identifier 'thisisanerror'
        thisisanerror;
        ^
1 error generated.
configure:24038: $? = 1
configure: failed program was:
| /* confdefs.h */
| #define PACKAGE_NAME "aircrack-ng"
| #define PACKAGE_TARNAME "aircrack-ng"
| #define PACKAGE_VERSION "1.2-rc5"
| #define PACKAGE_STRING "aircrack-ng 1.2-rc5"
| #define PACKAGE_BUGREPORT "https://forum.aircrack-ng.org"
| #define PACKAGE_URL ""
| #define PACKAGE "aircrack-ng"
| #define VERSION "1.2-rc5"
| #define STDC_HEADERS 1
| #define HAVE_SYS_TYPES_H 1
| #define HAVE_SYS_STAT_H 1
| #define HAVE_STDLIB_H 1
| #define HAVE_STRING_H 1
| #define HAVE_MEMORY_H 1
| #define HAVE_STRINGS_H 1
| #define HAVE_INTTYPES_H 1
| #define HAVE_STDINT_H 1
| #define HAVE_UNISTD_H 1
| #define HAVE_DLFCN_H 1
| #define LT_OBJDIR ".libs/"
| #define _REVISION 0
| #define HAVE_PCAP_H 1
| #define HAVE_PCAP 1
| #define HAVE_PCRE 1
| #define HAVE_SQLITE3_H 1
| #define HAVE_SQLITE3 1
| #define HAVE_SQLITE 1
| #define HAVE_ZLIB 1
| #define HAVE_PTHREAD_PRIO_INHERIT 1
| #define _REENTRANT 1
| /* end confdefs.h.  */
| 
| int
| main ()
| {
| 
|       #if !(defined(__xlc__) || defined(__xlC__) || defined(__IBMC__) || defined(__IBMCPP__))
|         thisisanerror;
|       #endif
| 
|   ;
|   return 0;
| }
configure:24038: gcc -c   -I/usr/local/include -I/opt/local/include -I../.. -D_FILE_OFFSET_BITS=64 -D_LARGEFILE64_SOURCE -D_FORTIFY_SOURCE=2 conftest.c >&5
conftest.c:39:9: error: use of undeclared identifier 'thisisanerror'
        thisisanerror;
        ^
1 error generated.
configure:24038: $? = 1
configure: failed program was:
| /* confdefs.h */
| #define PACKAGE_NAME "aircrack-ng"
| #define PACKAGE_TARNAME "aircrack-ng"
| #define PACKAGE_VERSION "1.2-rc5"
| #define PACKAGE_STRING "aircrack-ng 1.2-rc5"
| #define PACKAGE_BUGREPORT "https://forum.aircrack-ng.org"
| #define PACKAGE_URL ""
| #define PACKAGE "aircrack-ng"
| #define VERSION "1.2-rc5"
| #define STDC_HEADERS 1
| #define HAVE_SYS_TYPES_H 1
| #define HAVE_SYS_STAT_H 1
| #define HAVE_STDLIB_H 1
| #define HAVE_STRING_H 1
| #define HAVE_MEMORY_H 1
| #define HAVE_STRINGS_H 1
| #define HAVE_INTTYPES_H 1
| #define HAVE_STDINT_H 1
| #define HAVE_UNISTD_H 1
| #define HAVE_DLFCN_H 1
| #define LT_OBJDIR ".libs/"
| #define _REVISION 0
| #define HAVE_PCAP_H 1
| #define HAVE_PCAP 1
| #define HAVE_PCRE 1
| #define HAVE_SQLITE3_H 1
| #define HAVE_SQLITE3 1
| #define HAVE_SQLITE 1
| #define HAVE_ZLIB 1
| #define HAVE_PTHREAD_PRIO_INHERIT 1
| #define _REENTRANT 1
| /* end confdefs.h.  */
| 
| int
| main ()
| {
| 
|       #if !(defined(__PATHCC__) || defined(__PATHSCALE__))
|         thisisanerror;
|       #endif
| 
|   ;
|   return 0;
| }
configure:24038: gcc -c   -I/usr/local/include -I/opt/local/include -I../.. -D_FILE_OFFSET_BITS=64 -D_LARGEFILE64_SOURCE -D_FORTIFY_SOURCE=2 conftest.c >&5
configure:24038: $? = 0
configure:24046: result: clang
configure:24051: checking for C compiler version
configure:24211: gcc -o conftest   -I/usr/local/include -I/opt/local/include -I../.. -D_FILE_OFFSET_BITS=64 -D_LARGEFILE64_SOURCE -D_FORTIFY_SOURCE=2  -L/opt/local/lib conftest.c  -ldl -lm >&5
configure:24211: $? = 0
configure:24211: ./conftest
configure:24211: $? = 0
configure:24220: gcc -o conftest   -I/usr/local/include -I/opt/local/include -I../.. -D_FILE_OFFSET_BITS=64 -D_LARGEFILE64_SOURCE -D_FORTIFY_SOURCE=2  -L/opt/local/lib conftest.c  -ldl -lm >&5
configure:24220: $? = 0
configure:24220: ./conftest
configure:24220: $? = 0
configure:24229: gcc -o conftest   -I/usr/local/include -I/opt/local/include -I../.. -D_FILE_OFFSET_BITS=64 -D_LARGEFILE64_SOURCE -D_FORTIFY_SOURCE=2  -L/opt/local/lib conftest.c  -ldl -lm >&5
configure:24229: $? = 0
configure:24229: ./conftest
configure:24229: $? = 0
configure:24956: result: 9.1.0
configure:24968: checking CFLAGS for maximum warnings
configure:24988: gcc -c  -warn all  -warn all  -I/usr/local/include -I/opt/local/include -I../.. -D_FILE_OFFSET_BITS=64 -D_LARGEFILE64_SOURCE -D_FORTIFY_SOURCE=2 conftest.c >&5
clang: error: unknown argument: '-warn'
clang: error: unknown argument: '-warn'
clang: error: no such file or directory: 'all'
clang: error: no such file or directory: 'all'
configure:24988: $? = 1
configure: failed program was:
| /* confdefs.h */
| #define PACKAGE_NAME "aircrack-ng"
| #define PACKAGE_TARNAME "aircrack-ng"
| #define PACKAGE_VERSION "1.2-rc5"
| #define PACKAGE_STRING "aircrack-ng 1.2-rc5"
| #define PACKAGE_BUGREPORT "https://forum.aircrack-ng.org"
| #define PACKAGE_URL ""
| #define PACKAGE "aircrack-ng"
| #define VERSION "1.2-rc5"
| #define STDC_HEADERS 1
| #define HAVE_SYS_TYPES_H 1
| #define HAVE_SYS_STAT_H 1
| #define HAVE_STDLIB_H 1
| #define HAVE_STRING_H 1
| #define HAVE_MEMORY_H 1
| #define HAVE_STRINGS_H 1
| #define HAVE_INTTYPES_H 1
| #define HAVE_STDINT_H 1
| #define HAVE_UNISTD_H 1
| #define HAVE_DLFCN_H 1
| #define LT_OBJDIR ".libs/"
| #define _REVISION 0
| #define HAVE_PCAP_H 1
| #define HAVE_PCAP 1
| #define HAVE_PCRE 1
| #define HAVE_SQLITE3_H 1
| #define HAVE_SQLITE3 1
| #define HAVE_SQLITE 1
| #define HAVE_ZLIB 1
| #define HAVE_PTHREAD_PRIO_INHERIT 1
| #define _REENTRANT 1
| /* end confdefs.h.  */
| 
| int
| main ()
| {
| 
|   ;
|   return 0;
| }
configure:24988: gcc -c  -pedantic  -Wall  -I/usr/local/include -I/opt/local/include -I../.. -D_FILE_OFFSET_BITS=64 -D_LARGEFILE64_SOURCE -D_FORTIFY_SOURCE=2 conftest.c >&5
configure:24988: $? = 0
configure:24996: result: -Wall
configure:25016: : CFLAGS="$CFLAGS"
configure:25019: $? = 0
configure:25057: : opt_cflags="$opt_cflags"
configure:25060: $? = 0
configure:25086: checking CXXFLAGS for maximum warnings
configure:25106: g++ -c  -warn all  -warn all  -I/usr/local/include -I/opt/local/include -I../.. -D_FILE_OFFSET_BITS=64 -D_LARGEFILE64_SOURCE -D_FORTIFY_SOURCE=2 conftest.cpp >&5
clang: error: unknown argument: '-warn'
clang: error: unknown argument: '-warn'
clang: error: no such file or directory: 'all'
clang: error: no such file or directory: 'all'
configure:25106: $? = 1
configure: failed program was:
| /* confdefs.h */
| #define PACKAGE_NAME "aircrack-ng"
| #define PACKAGE_TARNAME "aircrack-ng"
| #define PACKAGE_VERSION "1.2-rc5"
| #define PACKAGE_STRING "aircrack-ng 1.2-rc5"
| #define PACKAGE_BUGREPORT "https://forum.aircrack-ng.org"
| #define PACKAGE_URL ""
| #define PACKAGE "aircrack-ng"
| #define VERSION "1.2-rc5"
| #define STDC_HEADERS 1
| #define HAVE_SYS_TYPES_H 1
| #define HAVE_SYS_STAT_H 1
| #define HAVE_STDLIB_H 1
| #define HAVE_STRING_H 1
| #define HAVE_MEMORY_H 1
| #define HAVE_STRINGS_H 1
| #define HAVE_INTTYPES_H 1
| #define HAVE_STDINT_H 1
| #define HAVE_UNISTD_H 1
| #define HAVE_DLFCN_H 1
| #define LT_OBJDIR ".libs/"
| #define _REVISION 0
| #define HAVE_PCAP_H 1
| #define HAVE_PCAP 1
| #define HAVE_PCRE 1
| #define HAVE_SQLITE3_H 1
| #define HAVE_SQLITE3 1
| #define HAVE_SQLITE 1
| #define HAVE_ZLIB 1
| #define HAVE_PTHREAD_PRIO_INHERIT 1
| #define _REENTRANT 1
| /* end confdefs.h.  */
| 
| int
| main ()
| {
| 
|   ;
|   return 0;
| }
configure:25106: g++ -c  -pedantic  -Wall  -I/usr/local/include -I/opt/local/include -I../.. -D_FILE_OFFSET_BITS=64 -D_LARGEFILE64_SOURCE -D_FORTIFY_SOURCE=2 conftest.cpp >&5
configure:25106: $? = 0
configure:25114: result: -Wall
configure:25134: : CXXFLAGS="$CXXFLAGS"
configure:25137: $? = 0
configure:25175: : opt_cxxflags="$opt_cxxflags"
configure:25178: $? = 0
configure:25211: : opt_cppflags="$opt_cppflags"
configure:25214: $? = 0
configure:25243: : opt_cflags="$opt_cflags"
configure:25246: $? = 0
configure:25275: : opt_cxxflags="$opt_cxxflags"
configure:25278: $? = 0
configure:25318: : opt_ldflags="$opt_ldflags"
configure:25321: $? = 0
configure:25340: checking whether C compiler accepts -O3
configure:25359: gcc -c   -O3  -I/usr/local/include -I/opt/local/include -I../.. -D_FILE_OFFSET_BITS=64 -D_LARGEFILE64_SOURCE -D_FORTIFY_SOURCE=2 conftest.c >&5
configure:25359: $? = 0
configure:25367: result: yes
configure:25384: : opt_cflags="$opt_cflags"
configure:25387: $? = 0
configure:25415: checking whether C compiler accepts -std=gnu99
configure:25434: gcc -c   -std=gnu99  -I/usr/local/include -I/opt/local/include -I../.. -D_FILE_OFFSET_BITS=64 -D_LARGEFILE64_SOURCE -D_FORTIFY_SOURCE=2 conftest.c >&5
configure:25434: $? = 0
configure:25442: result: yes
configure:25459: : opt_cflags="$opt_cflags"
configure:25462: $? = 0
configure:25683: checking whether C compiler accepts -fstack-protector-strong
configure:25702: gcc -c   -fstack-protector-strong  -I/usr/local/include -I/opt/local/include -I../.. -D_FILE_OFFSET_BITS=64 -D_LARGEFILE64_SOURCE -D_FORTIFY_SOURCE=2 conftest.c >&5
configure:25702: $? = 0
configure:25710: result: yes
configure:25727: : opt_cflags="$opt_cflags"
configure:25730: $? = 0
configure:25832: checking whether C compiler accepts -Wno-array-bounds
configure:25851: gcc -c   -Wno-array-bounds  -I/usr/local/include -I/opt/local/include -I../.. -D_FILE_OFFSET_BITS=64 -D_LARGEFILE64_SOURCE -D_FORTIFY_SOURCE=2 conftest.c >&5
configure:25851: $? = 0
configure:25859: result: yes
configure:25876: : opt_cflags="$opt_cflags"
configure:25879: $? = 0
configure:25933: checking for C++ compiler vendor
configure:25980: g++ -c   -I/usr/local/include -I/opt/local/include -I../.. -D_FILE_OFFSET_BITS=64 -D_LARGEFILE64_SOURCE -D_FORTIFY_SOURCE=2 conftest.cpp >&5
conftest.cpp:39:9: error: use of undeclared identifier 'thisisanerror'
        thisisanerror;
        ^
1 error generated.
configure:25980: $? = 1
configure: failed program was:
| /* confdefs.h */
| #define PACKAGE_NAME "aircrack-ng"
| #define PACKAGE_TARNAME "aircrack-ng"
| #define PACKAGE_VERSION "1.2-rc5"
| #define PACKAGE_STRING "aircrack-ng 1.2-rc5"
| #define PACKAGE_BUGREPORT "https://forum.aircrack-ng.org"
| #define PACKAGE_URL ""
| #define PACKAGE "aircrack-ng"
| #define VERSION "1.2-rc5"
| #define STDC_HEADERS 1
| #define HAVE_SYS_TYPES_H 1
| #define HAVE_SYS_STAT_H 1
| #define HAVE_STDLIB_H 1
| #define HAVE_STRING_H 1
| #define HAVE_MEMORY_H 1
| #define HAVE_STRINGS_H 1
| #define HAVE_INTTYPES_H 1
| #define HAVE_STDINT_H 1
| #define HAVE_UNISTD_H 1
| #define HAVE_DLFCN_H 1
| #define LT_OBJDIR ".libs/"
| #define _REVISION 0
| #define HAVE_PCAP_H 1
| #define HAVE_PCAP 1
| #define HAVE_PCRE 1
| #define HAVE_SQLITE3_H 1
| #define HAVE_SQLITE3 1
| #define HAVE_SQLITE 1
| #define HAVE_ZLIB 1
| #define HAVE_PTHREAD_PRIO_INHERIT 1
| #define _REENTRANT 1
| /* end confdefs.h.  */
| 
| int
| main ()
| {
| 
|       #if !(defined(__ICC) || defined(__ECC) || defined(__INTEL_COMPILER))
|         thisisanerror;
|       #endif
| 
|   ;
|   return 0;
| }
configure:25980: g++ -c   -I/usr/local/include -I/opt/local/include -I../.. -D_FILE_OFFSET_BITS=64 -D_LARGEFILE64_SOURCE -D_FORTIFY_SOURCE=2 conftest.cpp >&5
conftest.cpp:39:9: error: use of undeclared identifier 'thisisanerror'
        thisisanerror;
        ^
1 error generated.
configure:25980: $? = 1
configure: failed program was:
| /* confdefs.h */
| #define PACKAGE_NAME "aircrack-ng"
| #define PACKAGE_TARNAME "aircrack-ng"
| #define PACKAGE_VERSION "1.2-rc5"
| #define PACKAGE_STRING "aircrack-ng 1.2-rc5"
| #define PACKAGE_BUGREPORT "https://forum.aircrack-ng.org"
| #define PACKAGE_URL ""
| #define PACKAGE "aircrack-ng"
| #define VERSION "1.2-rc5"
| #define STDC_HEADERS 1
| #define HAVE_SYS_TYPES_H 1
| #define HAVE_SYS_STAT_H 1
| #define HAVE_STDLIB_H 1
| #define HAVE_STRING_H 1
| #define HAVE_MEMORY_H 1
| #define HAVE_STRINGS_H 1
| #define HAVE_INTTYPES_H 1
| #define HAVE_STDINT_H 1
| #define HAVE_UNISTD_H 1
| #define HAVE_DLFCN_H 1
| #define LT_OBJDIR ".libs/"
| #define _REVISION 0
| #define HAVE_PCAP_H 1
| #define HAVE_PCAP 1
| #define HAVE_PCRE 1
| #define HAVE_SQLITE3_H 1
| #define HAVE_SQLITE3 1
| #define HAVE_SQLITE 1
| #define HAVE_ZLIB 1
| #define HAVE_PTHREAD_PRIO_INHERIT 1
| #define _REENTRANT 1
| /* end confdefs.h.  */
| 
| int
| main ()
| {
| 
|       #if !(defined(__xlc__) || defined(__xlC__) || defined(__IBMC__) || defined(__IBMCPP__))
|         thisisanerror;
|       #endif
| 
|   ;
|   return 0;
| }
configure:25980: g++ -c   -I/usr/local/include -I/opt/local/include -I../.. -D_FILE_OFFSET_BITS=64 -D_LARGEFILE64_SOURCE -D_FORTIFY_SOURCE=2 conftest.cpp >&5
conftest.cpp:39:9: error: use of undeclared identifier 'thisisanerror'
        thisisanerror;
        ^
1 error generated.
configure:25980: $? = 1
configure: failed program was:
| /* confdefs.h */
| #define PACKAGE_NAME "aircrack-ng"
| #define PACKAGE_TARNAME "aircrack-ng"
| #define PACKAGE_VERSION "1.2-rc5"
| #define PACKAGE_STRING "aircrack-ng 1.2-rc5"
| #define PACKAGE_BUGREPORT "https://forum.aircrack-ng.org"
| #define PACKAGE_URL ""
| #define PACKAGE "aircrack-ng"
| #define VERSION "1.2-rc5"
| #define STDC_HEADERS 1
| #define HAVE_SYS_TYPES_H 1
| #define HAVE_SYS_STAT_H 1
| #define HAVE_STDLIB_H 1
| #define HAVE_STRING_H 1
| #define HAVE_MEMORY_H 1
| #define HAVE_STRINGS_H 1
| #define HAVE_INTTYPES_H 1
| #define HAVE_STDINT_H 1
| #define HAVE_UNISTD_H 1
| #define HAVE_DLFCN_H 1
| #define LT_OBJDIR ".libs/"
| #define _REVISION 0
| #define HAVE_PCAP_H 1
| #define HAVE_PCAP 1
| #define HAVE_PCRE 1
| #define HAVE_SQLITE3_H 1
| #define HAVE_SQLITE3 1
| #define HAVE_SQLITE 1
| #define HAVE_ZLIB 1
| #define HAVE_PTHREAD_PRIO_INHERIT 1
| #define _REENTRANT 1
| /* end confdefs.h.  */
| 
| int
| main ()
| {
| 
|       #if !(defined(__PATHCC__) || defined(__PATHSCALE__))
|         thisisanerror;
|       #endif
| 
|   ;
|   return 0;
| }
configure:25980: g++ -c   -I/usr/local/include -I/opt/local/include -I../.. -D_FILE_OFFSET_BITS=64 -D_LARGEFILE64_SOURCE -D_FORTIFY_SOURCE=2 conftest.cpp >&5
configure:25980: $? = 0
configure:25988: result: clang
configure:25993: checking for C++ compiler version
configure:26153: g++ -o conftest   -I/usr/local/include -I/opt/local/include -I../.. -D_FILE_OFFSET_BITS=64 -D_LARGEFILE64_SOURCE -D_FORTIFY_SOURCE=2  -L/opt/local/lib conftest.cpp  -ldl -lm >&5
configure:26153: $? = 0
configure:26153: ./conftest
configure:26153: $? = 0
configure:26162: g++ -o conftest   -I/usr/local/include -I/opt/local/include -I../.. -D_FILE_OFFSET_BITS=64 -D_LARGEFILE64_SOURCE -D_FORTIFY_SOURCE=2  -L/opt/local/lib conftest.cpp  -ldl -lm >&5
configure:26162: $? = 0
configure:26162: ./conftest
configure:26162: $? = 0
configure:26171: g++ -o conftest   -I/usr/local/include -I/opt/local/include -I../.. -D_FILE_OFFSET_BITS=64 -D_LARGEFILE64_SOURCE -D_FORTIFY_SOURCE=2  -L/opt/local/lib conftest.cpp  -ldl -lm >&5
configure:26171: $? = 0
configure:26171: ./conftest
configure:26171: $? = 0
configure:26898: result: 9.1.0
configure:26910: checking CFLAGS for maximum warnings
configure:26938: result: -Wall
configure:26958: : CFLAGS="$CFLAGS"
configure:26961: $? = 0
configure:26991: : opt_cflags already contains $CFLAGS
configure:26994: $? = 0
configure:27028: checking CXXFLAGS for maximum warnings
configure:27056: result: -Wall
configure:27076: : CXXFLAGS="$CXXFLAGS"
configure:27079: $? = 0
configure:27109: : opt_cxxflags already contains $CXXFLAGS
configure:27112: $? = 0
configure:27145: : opt_cppflags already contains -Wno-unused-command-line-argument
configure:27148: $? = 0
configure:27177: : opt_cflags already contains -Wno-unused-command-line-argument
configure:27180: $? = 0
configure:27209: : opt_cxxflags already contains -Wno-unused-command-line-argument
configure:27212: $? = 0
configure:27241: : opt_ldflags already contains -Wno-unused-command-line-argument
configure:27244: $? = 0
configure:27282: checking whether C++ compiler accepts -O3
configure:27301: g++ -c   -O3  -I/usr/local/include -I/opt/local/include -I../.. -D_FILE_OFFSET_BITS=64 -D_LARGEFILE64_SOURCE -D_FORTIFY_SOURCE=2 conftest.cpp >&5
configure:27301: $? = 0
configure:27309: result: yes
configure:27326: : opt_cxxflags="$opt_cxxflags"
configure:27329: $? = 0
configure:27555: checking whether C++ compiler accepts -fstack-protector-strong
configure:27574: g++ -c   -fstack-protector-strong  -I/usr/local/include -I/opt/local/include -I../.. -D_FILE_OFFSET_BITS=64 -D_LARGEFILE64_SOURCE -D_FORTIFY_SOURCE=2 conftest.cpp >&5
configure:27574: $? = 0
configure:27582: result: yes
configure:27599: : opt_cxxflags="$opt_cxxflags"
configure:27602: $? = 0
configure:27704: checking whether C++ compiler accepts -Wno-array-bounds
configure:27723: g++ -c   -Wno-array-bounds  -I/usr/local/include -I/opt/local/include -I../.. -D_FILE_OFFSET_BITS=64 -D_LARGEFILE64_SOURCE -D_FORTIFY_SOURCE=2 conftest.cpp >&5
configure:27723: $? = 0
configure:27731: result: yes
configure:27748: : opt_cxxflags="$opt_cxxflags"
configure:27751: $? = 0
configure:27803: checking for C compiler vendor
configure:27858: result: clang
configure:27863: checking for C compiler version
configure:28768: result: 9.1.0
configure:29539: checking whether C compiler accepts -mavx2
configure:29558: gcc -c   -mavx2  -I/usr/local/include -I/opt/local/include -I../.. -D_FILE_OFFSET_BITS=64 -D_LARGEFILE64_SOURCE -D_FORTIFY_SOURCE=2 conftest.c >&5
configure:29558: $? = 0
configure:29566: result: yes
configure:29594: : x86_avx2_cflags="$x86_avx2_cflags"
configure:29597: $? = 0
configure:29609: checking whether C compiler accepts -mavx
configure:29628: gcc -c   -mavx  -I/usr/local/include -I/opt/local/include -I../.. -D_FILE_OFFSET_BITS=64 -D_LARGEFILE64_SOURCE -D_FORTIFY_SOURCE=2 conftest.c >&5
configure:29628: $? = 0
configure:29636: result: yes
configure:29664: : x86_avx_cflags="$x86_avx_cflags"
configure:29667: $? = 0
configure:29679: checking whether C compiler accepts -msse2
configure:29698: gcc -c   -msse2  -I/usr/local/include -I/opt/local/include -I../.. -D_FILE_OFFSET_BITS=64 -D_LARGEFILE64_SOURCE -D_FORTIFY_SOURCE=2 conftest.c >&5
configure:29698: $? = 0
configure:29706: result: yes
configure:29734: : x86_sse2_cflags="$x86_sse2_cflags"
configure:29737: $? = 0
configure:29749: checking whether C compiler accepts -mmmx
configure:29768: gcc -c   -mmmx  -I/usr/local/include -I/opt/local/include -I../.. -D_FILE_OFFSET_BITS=64 -D_LARGEFILE64_SOURCE -D_FORTIFY_SOURCE=2 conftest.c >&5
configure:29768: $? = 0
configure:29776: result: yes
configure:29804: : x86_mmx_cflags="$x86_mmx_cflags"
configure:29807: $? = 0
configure:29872: checking for C++ compiler vendor
configure:29927: result: clang
configure:29932: checking for C++ compiler version
configure:30837: result: 9.1.0
configure:30878: checking whether C++ compiler accepts -masm=intel
configure:30897: g++ -c   -masm=intel  -I/usr/local/include -I/opt/local/include -I../.. -D_FILE_OFFSET_BITS=64 -D_LARGEFILE64_SOURCE -D_FORTIFY_SOURCE=2 conftest.cpp >&5
configure:30897: $? = 0
configure:30905: result: yes
configure:30922: : opt_cxxflags="$opt_cxxflags"
configure:30925: $? = 0
configure:31680: checking whether C++ compiler accepts -mavx2
configure:31699: g++ -c   -mavx2  -I/usr/local/include -I/opt/local/include -I../.. -D_FILE_OFFSET_BITS=64 -D_LARGEFILE64_SOURCE -D_FORTIFY_SOURCE=2 conftest.cpp >&5
configure:31699: $? = 0
configure:31707: result: yes
configure:31735: : x86_avx2_cxxflags="$x86_avx2_cxxflags"
configure:31738: $? = 0
configure:31750: checking whether C++ compiler accepts -mavx
configure:31769: g++ -c   -mavx  -I/usr/local/include -I/opt/local/include -I../.. -D_FILE_OFFSET_BITS=64 -D_LARGEFILE64_SOURCE -D_FORTIFY_SOURCE=2 conftest.cpp >&5
configure:31769: $? = 0
configure:31777: result: yes
configure:31805: : x86_avx_cxxflags="$x86_avx_cxxflags"
configure:31808: $? = 0
configure:31820: checking whether C++ compiler accepts -msse2
configure:31839: g++ -c   -msse2  -I/usr/local/include -I/opt/local/include -I../.. -D_FILE_OFFSET_BITS=64 -D_LARGEFILE64_SOURCE -D_FORTIFY_SOURCE=2 conftest.cpp >&5
configure:31839: $? = 0
configure:31847: result: yes
configure:31875: : x86_sse2_cxxflags="$x86_sse2_cxxflags"
configure:31878: $? = 0
configure:31890: checking whether C++ compiler accepts -mmmx
configure:31909: g++ -c   -mmmx  -I/usr/local/include -I/opt/local/include -I../.. -D_FILE_OFFSET_BITS=64 -D_LARGEFILE64_SOURCE -D_FORTIFY_SOURCE=2 conftest.cpp >&5
configure:31909: $? = 0
configure:31917: result: yes
configure:31945: : x86_mmx_cxxflags="$x86_mmx_cxxflags"
configure:31948: $? = 0
configure:32182: checking that generated files are newer than configure
configure:32188: result: done
configure:32315: creating ./config.status

## ---------------------- ##
## Running config.status. ##
## ---------------------- ##

This file was extended by aircrack-ng config.status 1.2-rc5, which was
generated by GNU Autoconf 2.69.  Invocation command line was

  CONFIG_FILES    = 
  CONFIG_HEADERS  = 
  CONFIG_LINKS    = 
  CONFIG_COMMANDS = 
  $ ./config.status 

on Charlies-MacBook-Pro.local

config.status:1462: creating Makefile
config.status:1462: creating manpages/Makefile
config.status:1462: creating scripts/Makefile
config.status:1462: creating scripts/airdrop-ng/Makefile
config.status:1462: creating scripts/airdrop-ng/doc/Makefile
config.status:1462: creating scripts/airgraph-ng/Makefile
config.status:1462: creating scripts/airgraph-ng/man/Makefile
config.status:1462: creating scripts/versuck-ng/Makefile
config.status:1462: creating src/Makefile
config.status:1462: creating src/include/Makefile
config.status:1462: creating src/osdep/Makefile
config.status:1462: creating src/osdep/radiotap/Makefile
config.status:1462: creating test/Makefile
config.status:1462: creating test/test-env.sh
config.status:1462: creating test/cryptounittest/Makefile
config.status:1634: executing depfiles commands
config.status:1634: executing libtool commands

## ---------------- ##
## Cache variables. ##
## ---------------- ##

ac_cv_build=x86_64-apple-darwin17.5.0
ac_cv_c_compiler_gnu=yes
ac_cv_cflags_warn_all=-Wall
ac_cv_cxx_compiler_gnu=yes
ac_cv_cxxflags_warn_all=-Wall
ac_cv_env_CCASFLAGS_set=
ac_cv_env_CCASFLAGS_value=
ac_cv_env_CCAS_set=
ac_cv_env_CCAS_value=
ac_cv_env_CCC_set=
ac_cv_env_CCC_value=
ac_cv_env_CC_set=
ac_cv_env_CC_value=
ac_cv_env_CFLAGS_set=
ac_cv_env_CFLAGS_value=
ac_cv_env_CPPFLAGS_set=
ac_cv_env_CPPFLAGS_value=
ac_cv_env_CPP_set=
ac_cv_env_CPP_value=
ac_cv_env_CXXCPP_set=
ac_cv_env_CXXCPP_value=
ac_cv_env_CXXFLAGS_set=
ac_cv_env_CXXFLAGS_value=
ac_cv_env_CXX_set=
ac_cv_env_CXX_value=
ac_cv_env_ETHTOOL_set=
ac_cv_env_ETHTOOL_value=
ac_cv_env_LDFLAGS_set=
ac_cv_env_LDFLAGS_value=
ac_cv_env_LIBNL1_CFLAGS_set=
ac_cv_env_LIBNL1_CFLAGS_value=
ac_cv_env_LIBNL1_LIBS_set=
ac_cv_env_LIBNL1_LIBS_value=
ac_cv_env_LIBNL30_CFLAGS_set=
ac_cv_env_LIBNL30_CFLAGS_value=
ac_cv_env_LIBNL30_LIBS_set=
ac_cv_env_LIBNL30_LIBS_value=
ac_cv_env_LIBNL31_CFLAGS_set=
ac_cv_env_LIBNL31_CFLAGS_value=
ac_cv_env_LIBNL31_LIBS_set=
ac_cv_env_LIBNL31_LIBS_value=
ac_cv_env_LIBNL3X_CFLAGS_set=
ac_cv_env_LIBNL3X_CFLAGS_value=
ac_cv_env_LIBNL3X_LIBS_set=
ac_cv_env_LIBNL3X_LIBS_value=
ac_cv_env_LIBNLT_CFLAGS_set=
ac_cv_env_LIBNLT_CFLAGS_value=
ac_cv_env_LIBNLT_LIBS_set=
ac_cv_env_LIBNLT_LIBS_value=
ac_cv_env_LIBS_set=
ac_cv_env_LIBS_value=
ac_cv_env_LT_SYS_LIBRARY_PATH_set=
ac_cv_env_LT_SYS_LIBRARY_PATH_value=
ac_cv_env_PCRE_CFLAGS_set=
ac_cv_env_PCRE_CFLAGS_value=
ac_cv_env_PCRE_LIBS_set=
ac_cv_env_PCRE_LIBS_value=
ac_cv_env_PKG_CONFIG_LIBDIR_set=
ac_cv_env_PKG_CONFIG_LIBDIR_value=
ac_cv_env_PKG_CONFIG_PATH_set=
ac_cv_env_PKG_CONFIG_PATH_value=
ac_cv_env_PKG_CONFIG_set=
ac_cv_env_PKG_CONFIG_value=
ac_cv_env_PYTHON_CONFIG_set=
ac_cv_env_PYTHON_CONFIG_value=
ac_cv_env_PYTHON_set=
ac_cv_env_PYTHON_value=
ac_cv_env_RFKILL_set=
ac_cv_env_RFKILL_value=
ac_cv_env_ZLIB_CFLAGS_set=
ac_cv_env_ZLIB_CFLAGS_value=
ac_cv_env_ZLIB_LIBS_set=
ac_cv_env_ZLIB_LIBS_value=
ac_cv_env__REVISION_set=
ac_cv_env__REVISION_value=
ac_cv_env_build_alias_set=
ac_cv_env_build_alias_value=
ac_cv_env_host_alias_set=
ac_cv_env_host_alias_value=
ac_cv_env_target_alias_set=
ac_cv_env_target_alias_value=
ac_cv_file__Applications_Xcode_app_Contents_Developer_Toolchains_XcodeDefault_xctoolchain_usr_lib_swift_migrator_sdk_MacOSX_sdk_usr_include=no
ac_cv_file__opt_local_include=yes
ac_cv_file__opt_local_lib=yes
ac_cv_file__usr_local_Homebrew=yes
ac_cv_header_dlfcn_h=yes
ac_cv_header_inttypes_h=yes
ac_cv_header_memory_h=yes
ac_cv_header_pcap_h=yes
ac_cv_header_sqlite3_h=yes
ac_cv_header_stdc=yes
ac_cv_header_stdint_h=yes
ac_cv_header_stdlib_h=yes
ac_cv_header_string_h=yes
ac_cv_header_strings_h=yes
ac_cv_header_sys_stat_h=yes
ac_cv_header_sys_types_h=yes
ac_cv_header_unistd_h=yes
ac_cv_host=x86_64-apple-darwin17.5.0
ac_cv_lib_dl_dlopen=yes
ac_cv_lib_duma_malloc=no
ac_cv_lib_m_sin=yes
ac_cv_lib_pcap_pcap_open_live=yes
ac_cv_lib_pthread_pthread_create=yes
ac_cv_lib_sqlite3_sqlite3_open=yes
ac_cv_objext=o
ac_cv_path_EGREP='/usr/local/bin/grep -E'
ac_cv_path_FGREP='/usr/local/bin/grep -F'
ac_cv_path_GREP=/usr/local/bin/grep
ac_cv_path_PYTHON=/usr/local/bin/python3
ac_cv_path_PYTHON_CONFIG=/usr/local/bin/python3-config
ac_cv_path_SED=/usr/local/bin/sed
ac_cv_path_ac_pt_PKG_CONFIG=/usr/local/bin/pkg-config
ac_cv_path_install='/usr/local/opt/coreutils/libexec/gnubin/install -c'
ac_cv_path_lt_DD=/usr/local/opt/coreutils/libexec/gnubin/dd
ac_cv_path_mkdir=/usr/local/opt/coreutils/libexec/gnubin/mkdir
ac_cv_prog_AWK=gawk
ac_cv_prog_CPP='gcc -E'
ac_cv_prog_CXXCPP='g++ -E'
ac_cv_prog_READLINK=greadlink
ac_cv_prog_ac_ct_AR=ar
ac_cv_prog_ac_ct_CC=gcc
ac_cv_prog_ac_ct_CXX=g++
ac_cv_prog_ac_ct_DSYMUTIL=dsymutil
ac_cv_prog_ac_ct_LIPO=lipo
ac_cv_prog_ac_ct_NMEDIT=nmedit
ac_cv_prog_ac_ct_OBJDUMP=objdump
ac_cv_prog_ac_ct_OTOOL=otool
ac_cv_prog_ac_ct_PKG_CONFIG=pkg-config
ac_cv_prog_ac_ct_RANLIB=ranlib
ac_cv_prog_ac_ct_STRIP=strip
ac_cv_prog_cc_c89=
ac_cv_prog_cc_g=yes
ac_cv_prog_cxx_g=yes
ac_cv_prog_make_make_set=yes
ac_cv_search_gethostbyname='none required'
ac_cv_search_socket='none required'
ac_cv_sys_file_offset_bits=no
ac_cv_sys_largefile_CC=no
ac_cv_target=x86_64-apple-darwin17.5.0
am_cv_CCAS_dependencies_compiler_type=gcc3
am_cv_CC_dependencies_compiler_type=gcc3
am_cv_CXX_dependencies_compiler_type=gcc3
am_cv_make_support_nested_variables=yes
am_cv_prog_cc_c_o=yes
ax_cv_PTHREAD_CLANG=yes
ax_cv_PTHREAD_CLANG_NO_WARN_FLAG=no
ax_cv_PTHREAD_JOINABLE_ATTR=PTHREAD_CREATE_JOINABLE
ax_cv_PTHREAD_PRIO_INHERIT=yes
ax_cv_PTHREAD_SPECIAL_FLAGS=no
ax_cv_c_compiler_vendor=clang
ax_cv_c_compiler_version=9.1.0
ax_cv_check_cflags___O3=yes
ax_cv_check_cflags___Wno_array_bounds=yes
ax_cv_check_cflags___fstack_protector_strong=yes
ax_cv_check_cflags___mavx2=yes
ax_cv_check_cflags___mavx=yes
ax_cv_check_cflags___mmmx=yes
ax_cv_check_cflags___msse2=yes
ax_cv_check_cflags___std_gnu99=yes
ax_cv_check_cxxflags___O3=yes
ax_cv_check_cxxflags___Wno_array_bounds=yes
ax_cv_check_cxxflags___fstack_protector_strong=yes
ax_cv_check_cxxflags___masm_intel=yes
ax_cv_check_cxxflags___mavx2=yes
ax_cv_check_cxxflags___mavx=yes
ax_cv_check_cxxflags___mmmx=yes
ax_cv_check_cxxflags___msse2=yes
ax_cv_cxx_compiler_vendor=clang
ax_cv_cxx_compiler_version=9.1.0
lt_cv_apple_cc_single_mod=yes
lt_cv_ar_at_file=no
lt_cv_deplibs_check_method=pass_all
lt_cv_file_magic_cmd='$MAGIC_CMD'
lt_cv_file_magic_test_file=
lt_cv_ld_exported_symbols_list=yes
lt_cv_ld_force_load=yes
lt_cv_ld_reload_flag=-r
lt_cv_nm_interface='BSD nm'
lt_cv_objdir=.libs
lt_cv_path_LD=/Applications/Xcode.app/Contents/Developer/Toolchains/XcodeDefault.xctoolchain/usr/bin/ld
lt_cv_path_LDCXX=/Applications/Xcode.app/Contents/Developer/Toolchains/XcodeDefault.xctoolchain/usr/bin/ld
lt_cv_path_NM='/usr/bin/nm -B'
lt_cv_path_mainfest_tool=no
lt_cv_prog_compiler_c_o=yes
lt_cv_prog_compiler_c_o_CXX=yes
lt_cv_prog_compiler_pic='-fno-common -DPIC'
lt_cv_prog_compiler_pic_CXX='-fno-common -DPIC'
lt_cv_prog_compiler_pic_works=yes
lt_cv_prog_compiler_pic_works_CXX=yes
lt_cv_prog_compiler_rtti_exceptions=yes
lt_cv_prog_compiler_static_works=no
lt_cv_prog_compiler_static_works_CXX=no
lt_cv_prog_gnu_ld=no
lt_cv_prog_gnu_ldcxx=no
lt_cv_sharedlib_from_linklib_cmd='printf %s\n'
lt_cv_sys_global_symbol_pipe='sed -n -e '\''s/^.*[	 ]\([BCDEGRST][BCDEGRST]*\)[	 ][	 ]*_\([_A-Za-z][_A-Za-z0-9]*\)$/\1 _\2 \2/p'\'' | sed '\''/ __gnu_lto/d'\'''
lt_cv_sys_global_symbol_to_c_name_address='sed -n -e '\''s/^: \(.*\) .*$/  {"\1", (void *) 0},/p'\'' -e '\''s/^[BCDEGRST][BCDEGRST]* .* \(.*\)$/  {"\1", (void *) \&\1},/p'\'''
lt_cv_sys_global_symbol_to_c_name_address_lib_prefix='sed -n -e '\''s/^: \(.*\) .*$/  {"\1", (void *) 0},/p'\'' -e '\''s/^[BCDEGRST][BCDEGRST]* .* \(lib.*\)$/  {"\1", (void *) \&\1},/p'\'' -e '\''s/^[BCDEGRST][BCDEGRST]* .* \(.*\)$/  {"lib\1", (void *) \&\1},/p'\'''
lt_cv_sys_global_symbol_to_cdecl='sed -n -e '\''s/^T .* \(.*\)$/extern int \1();/p'\'' -e '\''s/^[BCDEGRST][BCDEGRST]* .* \(.*\)$/extern char \1;/p'\'''
lt_cv_sys_global_symbol_to_import=
lt_cv_sys_max_cmd_len=196608
lt_cv_to_host_file_cmd=func_convert_file_noop
lt_cv_to_tool_file_cmd=func_convert_file_noop
lt_cv_truncate_bin='/usr/local/opt/coreutils/libexec/gnubin/dd bs=4096 count=1'
pc_cv_python_prefix=/usr/local/opt/python/Frameworks/Python.framework/Versions/3.6
pc_cv_python_req_version_2_7=yes
pc_cv_python_req_version_4_0=yes
pc_cv_python_site_dir=lib/python3.6/site-packages
pkg_cv_PCRE_CFLAGS=-I/usr/local/Cellar/pcre/8.42/include
pkg_cv_PCRE_LIBS='-L/usr/local/Cellar/pcre/8.42/lib -lpcre'
pkg_cv_ZLIB_CFLAGS=
pkg_cv_ZLIB_LIBS=-lz

## ----------------- ##
## Output variables. ##
## ----------------- ##





































			$(MAKE) $(AM_MAKEFLAGS) -k check-valgrind-tool VALGRIND_TOOL=$(tool); \
		$(if $(VALGRIND_HAVE_TOOL_$(tool))$(VALGRIND_HAVE_TOOL_exp_$(tool)), \
		) \
		LOG_COMPILER="$(VALGRIND_LOG_COMPILER)" \
		LOG_COMPILER="$(VALGRIND_LOG_COMPILER)" \
		LOG_COMPILER="$(VALGRIND_LOG_COMPILER)" \
		LOG_COMPILER="$(VALGRIND_LOG_COMPILER)" \
		LOG_COMPILER="$(VALGRIND_LOG_COMPILER)" \
		LOG_FLAGS="$(valgrind_$(VALGRIND_TOOL)_flags)" \
		LOG_FLAGS="$(valgrind_drd_flags)" \
		LOG_FLAGS="$(valgrind_helgrind_flags)" \
		LOG_FLAGS="$(valgrind_memcheck_flags)" \
		LOG_FLAGS="$(valgrind_sgcheck_flags)" \
		TESTS_ENVIRONMENT="$(VALGRIND_TESTS_ENVIRONMENT)" \
		TESTS_ENVIRONMENT="$(VALGRIND_TESTS_ENVIRONMENT)" \
		TESTS_ENVIRONMENT="$(VALGRIND_TESTS_ENVIRONMENT)" \
		TESTS_ENVIRONMENT="$(VALGRIND_TESTS_ENVIRONMENT)" \
		TESTS_ENVIRONMENT="$(VALGRIND_TESTS_ENVIRONMENT)" \
		TEST_SUITE_LOG=test-suite-$(VALGRIND_TOOL).log
		TEST_SUITE_LOG=test-suite-drd.log
		TEST_SUITE_LOG=test-suite-helgrind.log
		TEST_SUITE_LOG=test-suite-memcheck.log
		TEST_SUITE_LOG=test-suite-sgcheck.log
	$(MAKE) check-TESTS \
	$(MAKE) check-TESTS \
	$(MAKE) check-TESTS \
	$(MAKE) check-TESTS \
	$(MAKE) check-TESTS \
	$(TESTS_ENVIRONMENT) \
	$(VALGRIND) $(VALGRIND_SUPPRESSIONS) --error-exitcode=1 $(VALGRIND_FLAGS)
	$(valgrind_lt) \
	)
	-$(foreach tool,$(valgrind_tools), \
	@echo "Need to reconfigure with --enable-code-coverage"
	@echo "Need to reconfigure with --enable-code-coverage"
	@echo "Need to reconfigure with --enable-valgrind"
	@echo "Need to reconfigure with --enable-valgrind"
	@echo "Need to reconfigure with --enable-valgrind"
	@echo "Need to reconfigure with --enable-valgrind"
	@echo "Need to reconfigure with --enable-valgrind"
	@echo "Need to reconfigure with --enable-valgrind"
	G_DEBUG=fatal-warnings,fatal-criticals,gc-friendly
	G_SLICE=always-malloc,debug-blocks \
	env VALGRIND=$(VALGRIND) \
        check-code-coverage code-coverage-join code-coverage-remove code-coverage-genhtml code-coverage-capture-hook code-coverage-clean
 $(CODE_COVERAGE_IGNORE_PATTERN);
 $(CODE_COVERAGE_OUTPUT_FILE);
#
#
#
#    $(PACKAGE_NAME)-$(PACKAGE_VERSION)-coverage)
#    $(PACKAGE_NAME)-$(PACKAGE_VERSION)-coverage.info)
#    (Default: $(top_builddir))
#    (Default: --num-callers=30)
#    (Default: empty)
#    Multiple directories may be specified, separated by whitespace.
#    by lcov for code coverage. (Default:
#    collecting lcov instance. (Default: $CODE_COVERAGE_LCOV_OPTIONS_GCOVPATH)
#    files to load. (Default: empty)
#    genhtml instance. (Default: based on $CODE_COVERAGE_BRANCH_COVERAGE)
#    instance. (Default: $CODE_COVERAGE_GENHTML_OPTIONS_DEFAULT)
#    instance. (Default: $CODE_COVERAGE_LCOV_OPTIONS_DEFAULT)
#    instance. (Default: $CODE_COVERAGE_LCOV_RMOPTS_DEFAULT)
#    instances. (Default: $CODE_COVERAGE_LCOV_SHOPTS_DEFAULT)
#    instances. (Default: based on $CODE_COVERAGE_BRANCH_COVERAGE)
#    lcov instance. (Default: empty)
#    memcheck, helgrind, drd, sgcheck). (Default: various)
#    reports to be created. (Default:
#    set to 0 to disable it and leave empty to stay with the default.
#  - CODE_COVERAGE_BRANCH_COVERAGE: Set to 1 to enforce branch coverage,
#  - CODE_COVERAGE_DIRECTORY: Top-level directory for code coverage reporting.
#  - CODE_COVERAGE_GENHTML_OPTIONS: Extra options to pass to the genhtml
#  - CODE_COVERAGE_GENHTML_OPTIONS_DEFAULT: Extra options to pass to the
#  - CODE_COVERAGE_IGNORE_PATTERN: Extra glob pattern of files to ignore
#  - CODE_COVERAGE_LCOV_OPTIONS: Extra options to pass to the collecting lcov
#  - CODE_COVERAGE_LCOV_OPTIONS_DEFAULT: Extra options to pass to the
#  - CODE_COVERAGE_LCOV_OPTIONS_GCOVPATH: --gcov-tool pathtogcov
#  - CODE_COVERAGE_LCOV_RMOPTS: Extra options to pass to the filtering lcov
#  - CODE_COVERAGE_LCOV_RMOPTS_DEFAULT: Extra options to pass to the filtering
#  - CODE_COVERAGE_LCOV_SHOPTS: Extra options to shared between both lcov
#  - CODE_COVERAGE_LCOV_SHOPTS_DEFAULT: Extra options shared between both lcov
#  - CODE_COVERAGE_OUTPUT_DIRECTORY: Directory for generated code coverage
#  - CODE_COVERAGE_OUTPUT_FILE: Filename and path for the .info file generated
#  - VALGRIND_$toolname_FLAGS: Flags to pass to Valgrind $toolname (one of:
#  - VALGRIND_FLAGS: General flags to pass to all Valgrind tools.
#  - VALGRIND_SUPPRESSIONS_FILES: Space-separated list of Valgrind suppressions
# $(PACKAGE_VERSION). In order to add the current git hash to the title,
# .PHONY: check-code-coverage code-coverage-capture code-coverage-capture-recursive code-coverage-capture-am code-coverage-join code-coverage-remove code-coverage-genhtml code-coverage-capture-hook code-coverage-clean
# Capture code coverage data
# Code coverage
# Hook rule executed before code-coverage-capture, overridable by the user
# Internal use
# Optional variables
# Optional variables
# Optional:
# Optional:
# Support running with and without libtool.
# The generated report will be titled using the $(PACKAGE_NAME) and
# Use recursive makes in order to ignore errors during check
# Use recursive makes in order to ignore errors during check
# Valgrind check
# Valgrind running
# sanitizes the test-name: replaces with underscores: dashes and dots
# use the git-version-gen script, available online.
#am__extra_recursive_targets = code-coverage-capture
#am__recursive_targets += code-coverage-capture
$(if $(CODE_COVERAGE_BRANCH_COVERAGE),\
'
'
--rc genhtml_branch_coverage=$(CODE_COVERAGE_BRANCH_COVERAGE))
--rc lcov_branch_coverage=$(CODE_COVERAGE_BRANCH_COVERAGE))
.MAKE: code-coverage-capture-am
.PHONY: check-valgrind check-valgrind-tool
.PHONY: code-coverage-capture-am code-coverage-capture  \
ACLOCAL='${SHELL} /Users/charlieporth/Downloads/aircrack-ng-1.2-rc5/missing aclocal-1.16'
ACLOCAL_AMFLAGS='-I build/m4/stubs -I build/m4 ${ACLOCAL_FLAGS}'
AIRPCAP_CFLAGS=''
AIRPCAP_FALSE=''
AIRPCAP_LIBS=''
AIRPCAP_TRUE='#'
AMDEPBACKSLASH='\'
AMDEP_FALSE='#'
AMDEP_TRUE=''
AMTAR='$${TAR-tar}'
AM_BACKSLASH='\'
AM_DEFAULT_V='$(AM_DEFAULT_VERBOSITY)'
AM_DEFAULT_VERBOSITY='0'
AM_DISTCHECK_CONFIGURE_FLAGS += --disable-code-coverage
AM_DISTCHECK_CONFIGURE_FLAGS += --disable-valgrind
AM_DISTCHECK_CONFIGURE_FLAGS ?=
AM_DISTCHECK_CONFIGURE_FLAGS ?=
AM_V='$(V)'
AR='ar'
ARM_FALSE=''
ARM_TRUE='#'
AUTOCONF='${SHELL} /Users/charlieporth/Downloads/aircrack-ng-1.2-rc5/missing autoconf'
AUTOHEADER='${SHELL} /Users/charlieporth/Downloads/aircrack-ng-1.2-rc5/missing autoheader'
AUTOMAKE='${SHELL} /Users/charlieporth/Downloads/aircrack-ng-1.2-rc5/missing automake-1.16'
AWK='gawk'
CC='gcc'
CCAS='gcc'
CCASDEPMODE='depmode=gcc3'
CCASFLAGS=''
CCDEPMODE='depmode=gcc3'
CFLAGS='  -Wall -Wno-unused-command-line-argument -O3 -std=gnu99 -fstack-protector-strong -Wno-array-bounds '
CODE_COVERAGE_BRANCH_COVERAGE ?=
CODE_COVERAGE_CFLAGS=''
CODE_COVERAGE_CPPFLAGS=''
CODE_COVERAGE_CXXFLAGS=''
CODE_COVERAGE_DIRECTORY ?= $(builddir)
CODE_COVERAGE_ENABLED='no'
CODE_COVERAGE_ENABLED_FALSE=''
CODE_COVERAGE_ENABLED_TRUE='#'
CODE_COVERAGE_GENHTML_OPTIONS ?= $(CODE_COVERAGE_GENHTML_OPTIONS_DEFAULT)
CODE_COVERAGE_GENHTML_OPTIONS_DEFAULT ?=\
CODE_COVERAGE_IGNORE_PATTERN ?=
CODE_COVERAGE_IGNORE_PATTERN='/usr/include/\* /usr/local/include/\* /usr/lib/gcc/\* /usr/local/lib/gcc/\*'
CODE_COVERAGE_LCOV_OPTIONS ?= $(CODE_COVERAGE_LCOV_OPTIONS_DEFAULT)
CODE_COVERAGE_LCOV_OPTIONS_DEFAULT ?= $(CODE_COVERAGE_LCOV_OPTIONS_GCOVPATH)
CODE_COVERAGE_LCOV_OPTIONS_GCOVPATH ?= --gcov-tool "$(GCOV)"
CODE_COVERAGE_LCOV_RMOPTS ?= $(CODE_COVERAGE_LCOV_RMOPTS_DEFAULT)
CODE_COVERAGE_LCOV_RMOPTS_DEFAULT ?=
CODE_COVERAGE_LCOV_SHOPTS ?= $(CODE_COVERAGE_LCOV_SHOPTS_DEFAULT)
CODE_COVERAGE_LCOV_SHOPTS_DEFAULT ?= -b $(abs_srcdir) $(if $(CODE_COVERAGE_BRANCH_COVERAGE),\
CODE_COVERAGE_LDFLAGS=''
CODE_COVERAGE_LIBS=''
CODE_COVERAGE_OUTPUT_DIRECTORY ?= $(abs_builddir)/$(PACKAGE_NAME)-$(PACKAGE_VERSION)-coverage
CODE_COVERAGE_OUTPUT_FILE ?= $(abs_builddir)/$(PACKAGE_NAME)-$(PACKAGE_VERSION)-coverage.info
CODE_COVERAGE_RULES='
CPP='gcc -E'
CPPFLAGS=' -Wno-unused-command-line-argument  -I/usr/local/include -I/opt/local/include -I../.. -D_FILE_OFFSET_BITS=64 -D_LARGEFILE64_SOURCE -D_FORTIFY_SOURCE=2'
CRYPTO_CFLAGS=''
CRYPTO_INCLUDES='-I/usr/local/ssl/include'
CRYPTO_LDFLAGS='-L/usr/local/ssl/lib'
CRYPTO_LIBS='-lssl -lcrypto'
CXX='g++'
CXXCPP='g++ -E'
CXXDEPMODE='depmode=gcc3'
CXXFLAGS='  -Wall -Wno-unused-command-line-argument -O3 -fstack-protector-strong -Wno-array-bounds -masm=intel '
CYGPATH_W='echo'
CYGWIN_FALSE=''
CYGWIN_TRUE='#'
DARWIN_FALSE='#'
DARWIN_TRUE=''
DEFS='-DPACKAGE_NAME=\"aircrack-ng\" -DPACKAGE_TARNAME=\"aircrack-ng\" -DPACKAGE_VERSION=\"1.2-rc5\" -DPACKAGE_STRING=\"aircrack-ng\ 1.2-rc5\" -DPACKAGE_BUGREPORT=\"https://forum.aircrack-ng.org\" -DPACKAGE_URL=\"\" -DPACKAGE=\"aircrack-ng\" -DVERSION=\"1.2-rc5\" -DSTDC_HEADERS=1 -DHAVE_SYS_TYPES_H=1 -DHAVE_SYS_STAT_H=1 -DHAVE_STDLIB_H=1 -DHAVE_STRING_H=1 -DHAVE_MEMORY_H=1 -DHAVE_STRINGS_H=1 -DHAVE_INTTYPES_H=1 -DHAVE_STDINT_H=1 -DHAVE_UNISTD_H=1 -DHAVE_DLFCN_H=1 -DLT_OBJDIR=\".libs/\" -D_REVISION=0 -DHAVE_PCAP_H=1 -DHAVE_PCAP=1 -DHAVE_PCRE=1 -DHAVE_SQLITE3_H=1 -DHAVE_SQLITE3=1 -DHAVE_SQLITE=1 -DHAVE_ZLIB=1 -DHAVE_PTHREAD_PRIO_INHERIT=1 -D_REENTRANT=1 -DINTEL_ASM=1'
DEPDIR='.deps'
DLLTOOL='false'
DSYMUTIL='dsymutil'
DUMMY_FALSE=''
DUMMY_TRUE='#'
DUMPBIN=''
ECHO_C='\c'
ECHO_N=''
ECHO_T=''
EGREP='/usr/local/bin/grep -E'
ETHTOOL=''
EXEEXT=''
EXPERIMENTAL_FALSE=''
EXPERIMENTAL_TRUE='#'
EXT_SCRIPTS_FALSE=''
EXT_SCRIPTS_TRUE='#'
FGREP='/usr/local/bin/grep -F'
FREEBSD_FALSE=''
FREEBSD_TRUE='#'
GCOV=''
GCRYPT_CFLAGS=''
GCRYPT_LIBS=''
GENHTML=''
GITIGNOREFILES += $(CODE_COVERAGE_OUTPUT_FILE) $(CODE_COVERAGE_OUTPUT_DIRECTORY)
GITIGNOREFILES ?=
GREP='/usr/local/bin/grep'
HAVE_AIRPCAP_OR_PCAP_FALSE='#'
HAVE_AIRPCAP_OR_PCAP_TRUE=''
HAVE_PCAP_FALSE='#'
HAVE_PCAP_TRUE=''
HAVE_SQLITE3='yes'
HAVE_SQLITE3_FALSE='#'
HAVE_SQLITE3_TRUE=''
INSTALL_DATA='${INSTALL} -m 644'
INSTALL_PROGRAM='${INSTALL}'
INSTALL_SCRIPT='${INSTALL}'
INSTALL_STRIP_PROGRAM='$(install_sh) -c -s'
LCOV=''
LD='/Applications/Xcode.app/Contents/Developer/Toolchains/XcodeDefault.xctoolchain/usr/bin/ld'
LDFLAGS=' -L/opt/local/lib'
LIBGCRYPT_CFLAGS=''
LIBGCRYPT_CONFIG=''
LIBGCRYPT_FALSE=''
LIBGCRYPT_LIBS=''
LIBGCRYPT_TRUE='#'
LIBNL1_CFLAGS=''
LIBNL1_LIBS=''
LIBNL30_CFLAGS=''
LIBNL30_LIBS=''
LIBNL31_CFLAGS=''
LIBNL31_LIBS=''
LIBNL3X_CFLAGS=''
LIBNL3X_LIBS=''
LIBNLT_CFLAGS=''
LIBNLT_LIBS=''
LIBNL_CFLAGS=''
LIBNL_LIBS=''
LIBOBJS=''
LIBS='  -ldl -lm'
LIBTOOL='$(SHELL) $(top_builddir)/libtool'
LINUX_FALSE=''
LINUX_TRUE='#'
LIPO='lipo'
LN_S='ln -s'
LTLIBOBJS=''
LT_SYS_LIBRARY_PATH=''
MAINT=''
MAINTAINER_MODE_FALSE='#'
MAINTAINER_MODE_TRUE=''
MAKEINFO='${SHELL} /Users/charlieporth/Downloads/aircrack-ng-1.2-rc5/missing makeinfo'
MANIFEST_TOOL=':'
MKDIR_P='/usr/local/opt/coreutils/libexec/gnubin/mkdir -p'
MOSTLYCLEANFILES += $(valgrind_log_files)
MOSTLYCLEANFILES ?=
MULTIBIN_FALSE=''
MULTIBIN_TRUE='#'
NETBSD_FALSE=''
NETBSD_TRUE='#'
NLLIBNAME=''
NM='/usr/bin/nm -B'
NMEDIT='nmedit'
OBJDUMP='objdump'
OBJEXT='o'
OPENBSD_FALSE=''
OPENBSD_TRUE='#'
OPENSSL_INCLUDES='-I/usr/local/ssl/include'
OPENSSL_LDFLAGS='-L/usr/local/ssl/lib'
OPENSSL_LIBS='-lssl -lcrypto'
OTOOL64=':'
OTOOL='otool'
PACKAGE='aircrack-ng'
PACKAGE_BUGREPORT='https://forum.aircrack-ng.org'
PACKAGE_NAME='aircrack-ng'
PACKAGE_STRING='aircrack-ng 1.2-rc5'
PACKAGE_TARNAME='aircrack-ng'
PACKAGE_URL=''
PACKAGE_VERSION='1.2-rc5'
PATH_SEPARATOR=':'
PCAP_CFLAGS='-I/usr/include/pcap'
PCAP_LIBS='-lpcap'
PCRE_CFLAGS='-I/usr/local/Cellar/pcre/8.42/include'
PCRE_LIBS='-L/usr/local/Cellar/pcre/8.42/lib -lpcre'
PKG_CONFIG='/usr/local/bin/pkg-config'
PKG_CONFIG_LIBDIR=''
PKG_CONFIG_PATH=''
PPC_FALSE=''
PPC_TRUE='#'
PTHREAD_CC='gcc'
PTHREAD_CFLAGS='-pthread'
PTHREAD_LIBS='-lpthread'
PYTHON='/usr/local/bin/python3'
PYTHON_CONFIG='/usr/local/bin/python3-config'
PYTHON_PREFIX='/usr/local/opt/python/Frameworks/Python.framework/Versions/3.6'
RANLIB='ranlib'
READLINK='greadlink'
RFKILL=''
SED='/usr/local/bin/sed'
SET_MAKE=''
SHELL='/bin/sh'
SQLITE3_CFLAGS='-I/usr/include'
SQLITE3_LDFLAGS='-L/usr/lib -lsqlite3'
SQLITE3_VERSION='3.19.3'
STRIP='strip'
VALGRIND=''
VALGRIND_CHECK_RULES='
VALGRIND_ENABLED='no'
VALGRIND_ENABLED_FALSE=''
VALGRIND_ENABLED_TRUE='#'
VALGRIND_FLAGS ?= --num-callers=30
VALGRIND_HAVE_TOOL_drd=''
VALGRIND_HAVE_TOOL_exp_sgcheck=''
VALGRIND_HAVE_TOOL_helgrind=''
VALGRIND_HAVE_TOOL_memcheck=''
VALGRIND_LOG_COMPILER = \
VALGRIND_SUPPRESSIONS ?= $(addprefix --suppressions=,$(VALGRIND_SUPPRESSIONS_FILES))
VALGRIND_TESTS_ENVIRONMENT = \
VALGRIND_drd_FLAGS ?=
VALGRIND_helgrind_FLAGS ?= --history-level=approx
VALGRIND_memcheck_FLAGS ?= --leak-check=full --show-reachable=no
VALGRIND_sgcheck_FLAGS ?=
VERSION='1.2-rc5'
X86_FALSE='#'
X86_TRUE=''
ZLIB_CFLAGS=''
ZLIB_LIBS='-lz'
_REVISION=''
ac_ct_AR='ar'
ac_ct_CC='gcc'
ac_ct_CXX='g++'
ac_ct_DUMPBIN=''
am__EXEEXT_FALSE=''
am__EXEEXT_TRUE='#'
am__extra_recursive_targets='code-coverage-capture-recursive'
am__fastdepCCAS_FALSE='#'
am__fastdepCCAS_TRUE=''
am__fastdepCC_FALSE='#'
am__fastdepCC_TRUE=''
am__fastdepCXX_FALSE='#'
am__fastdepCXX_TRUE=''
am__include='include'
am__isrc=''
am__leading_dot='.'
am__nodep='_no'
am__quote=''
am__tar='$${TAR-tar} chof - "$$tardir"'
am__untar='$${TAR-tar} xf -'
arm_neon_cflags=''
arm_neon_cxxflags=''
ax_pthread_config=''
bindir='${exec_prefix}/bin'
build='x86_64-apple-darwin17.5.0'
build_alias=''
build_cpu='x86_64'
build_os='darwin17.5.0'
build_vendor='apple'
check-code-coverage:
check-valgrind-drd:
check-valgrind-helgrind:
check-valgrind-memcheck:
check-valgrind-sgcheck:
check-valgrind-tool:
check-valgrind:
code-coverage-capture-am: code-coverage-capture-hook
code-coverage-capture-hook:
code-coverage-capture: code-coverage-capture-am
code-coverage-capture: code-coverage-capture-recursive
code-coverage-genhtml:
code-coverage-join:
code-coverage-remove:
code_coverage_quiet = $(code_coverage_quiet_$(V))
code_coverage_quiet_ = $(code_coverage_quiet_$(AM_DEFAULT_VERBOSITY))
code_coverage_quiet_0 = --quiet
code_coverage_sanitize = $(subst -,_,$(subst .,_,$(1)))
code_coverage_v_genhtml = $(code_coverage_v_genhtml_$(V))
code_coverage_v_genhtml_ = $(code_coverage_v_genhtml_$(AM_DEFAULT_VERBOSITY))
code_coverage_v_genhtml_0 = @echo "  GEN   " $(CODE_COVERAGE_OUTPUT_DIRECTORY);
code_coverage_v_lcov_cap = $(code_coverage_v_lcov_cap_$(V))
code_coverage_v_lcov_cap_ = $(code_coverage_v_lcov_cap_$(AM_DEFAULT_VERBOSITY))
code_coverage_v_lcov_cap_0 = @echo "  LCOV   --capture"\
code_coverage_v_lcov_ign = $(code_coverage_v_lcov_ign_$(V))
code_coverage_v_lcov_ign_ = $(code_coverage_v_lcov_ign_$(AM_DEFAULT_VERBOSITY))
code_coverage_v_lcov_ign_0 = @echo "  LCOV   --remove /tmp/*"\
datadir='${datarootdir}'
datarootdir='${prefix}/share'
docdir='${datarootdir}/doc/${PACKAGE_TARNAME}'
dvidir='${docdir}'
else
else
else
else
else
else
else
else
endif
endif
endif
endif
endif
endif
endif
endif
exec_prefix='${prefix}'
host='x86_64-apple-darwin17.5.0'
host_alias=''
host_cpu='x86_64'
host_os='darwin17.5.0'
host_vendor='apple'
htmldir='${docdir}'
ifeq ($(VALGRIND_ENABLED),yes)
ifeq ($(VALGRIND_ENABLED),yes)
ifeq ($(VALGRIND_ENABLED),yes)
ifeq ($(VALGRIND_ENABLED),yes)
ifeq ($(VALGRIND_ENABLED),yes)
ifeq ($(VALGRIND_ENABLED),yes)
ifneq ($(LIBTOOL),)
ifneq ($(SUBDIRS),)
includedir='${prefix}/include'
infodir='${datarootdir}/info'
install_sh='${SHELL} /Users/charlieporth/Downloads/aircrack-ng-1.2-rc5/install-sh'
libdir='${exec_prefix}/lib'
libexecdir='${exec_prefix}/libexec'
localedir='${datarootdir}/locale'
localstatedir='${prefix}/var'
mandir='${datarootdir}/man'
mkdir_p='$(MKDIR_P)'
oldincludedir='/usr/include'
pdfdir='${docdir}'
pkgpythondir='${pythondir}/aircrack-ng'
ppc_altivec_cflags=''
ppc_altivec_cxxflags=''
prefix='/usr/local'
program_transform_name='s,x,x,'
psdir='${docdir}'
pythondir='${prefix}/lib/python3.6/site-packages'
sbindir='${exec_prefix}/sbin'
sharedstatedir='${prefix}/com'
sysconfdir='${prefix}/etc'
target='x86_64-apple-darwin17.5.0'
target_alias=''
target_cpu='x86_64'
target_os='darwin17.5.0'
target_vendor='apple'
valgrind_drd_flags = --tool=drd $(VALGRIND_drd_FLAGS)
valgrind_helgrind_flags = --tool=helgrind $(VALGRIND_helgrind_FLAGS)
valgrind_log_files = $(addprefix test-suite-,$(addsuffix .log,$(valgrind_tools)))
valgrind_lt =
valgrind_lt = $(LIBTOOL) $(AM_LIBTOOLFLAGS) $(LIBTOOLFLAGS) --mode=execute
valgrind_memcheck_flags = --tool=memcheck $(VALGRIND_memcheck_FLAGS)
valgrind_quiet = $(valgrind_quiet_$(V))
valgrind_quiet_ = $(valgrind_quiet_$(AM_DEFAULT_VERBOSITY))
valgrind_quiet_0 = --quiet
valgrind_sgcheck_flags = --tool=exp-sgcheck $(VALGRIND_sgcheck_FLAGS)
valgrind_tools = memcheck helgrind drd sgcheck
x86_avx2_cflags='-mavx2'
x86_avx2_cxxflags='-mavx2'
x86_avx_cflags='-mavx'
x86_avx_cxxflags='-mavx'
x86_mmx_cflags='-mmmx'
x86_mmx_cxxflags='-mmmx'
x86_sse2_cflags='-msse2'
x86_sse2_cxxflags='-msse2'

## ----------- ##
## confdefs.h. ##
## ----------- ##

/* confdefs.h */
#define PACKAGE_NAME "aircrack-ng"
#define PACKAGE_TARNAME "aircrack-ng"
#define PACKAGE_VERSION "1.2-rc5"
#define PACKAGE_STRING "aircrack-ng 1.2-rc5"
#define PACKAGE_BUGREPORT "https://forum.aircrack-ng.org"
#define PACKAGE_URL ""
#define PACKAGE "aircrack-ng"
#define VERSION "1.2-rc5"
#define STDC_HEADERS 1
#define HAVE_SYS_TYPES_H 1
#define HAVE_SYS_STAT_H 1
#define HAVE_STDLIB_H 1
#define HAVE_STRING_H 1
#define HAVE_MEMORY_H 1
#define HAVE_STRINGS_H 1
#define HAVE_INTTYPES_H 1
#define HAVE_STDINT_H 1
#define HAVE_UNISTD_H 1
#define HAVE_DLFCN_H 1
#define LT_OBJDIR ".libs/"
#define _REVISION 0
#define HAVE_PCAP_H 1
#define HAVE_PCAP 1
#define HAVE_PCRE 1
#define HAVE_SQLITE3_H 1
#define HAVE_SQLITE3 1
#define HAVE_SQLITE 1
#define HAVE_ZLIB 1
#define HAVE_PTHREAD_PRIO_INHERIT 1
#define _REENTRANT 1
#define INTEL_ASM 1

configure: exit 0
