This file contains any messages produced by compilers while
running configure, to aid debugging if configure makes a mistake.

It was created by libvidcap configure 0.2.1, which was
generated by GNU Autoconf 2.69.  Invocation command line was

  $ ./configure 

## --------- ##
## Platform. ##
## --------- ##

hostname = Charlies-MacBook-Pro.local
uname -m = x86_64
uname -r = 17.5.0
uname -s = Darwin
uname -v = Darwin Kernel Version 17.5.0: Mon Mar  5 22:24:32 PST 2018; root:xnu-4570.51.1~1/RELEASE_X86_64

/usr/bin/uname -p = i386
/bin/uname -X     = unknown

/bin/arch              = unknown
/usr/bin/arch -k       = unknown
/usr/convex/getsysinfo = unknown
/usr/bin/hostinfo      = Mach kernel version:
	 Darwin Kernel Version 17.5.0: Mon Mar  5 22:24:32 PST 2018; root:xnu-4570.51.1~1/RELEASE_X86_64
Kernel configured for up to 8 processors.
4 processors are physically available.
8 processors are logically available.
Processor type: x86_64h (Intel x86-64h Haswell)
Processors active: 0 1 2 3 4 5 6 7
Primary memory available: 16.00 gigabytes
Default processor set: 758 tasks, 3629 threads, 8 processors
Load average: 5.09, Mach factor: 3.56
/bin/machine           = unknown
/usr/bin/oslevel       = unknown
/bin/universe          = unknown

PATH: /Users/charlieporth/.opam/system/bin
PATH: /Users/charlieporth/google-cloud-sdk/bin
PATH: /usr/local/opt/sqlite/bin
PATH: /usr/local/opt/coreutils/libexec/gnubin
PATH: /usr/local/bin
PATH: ~/Library/Android/sdk/tools
PATH: /usr/local/bin
PATH: /usr/bin
PATH: /usr/local/sbin
PATH: /sbin
PATH: /bin
PATH: /usr/sbin
PATH: /opt/local/bin
PATH: /opt/local/sbin
PATH: /opt/metasploit-framework/bin/Library/Frameworks/Python.framework/Versions/3.6/bin
PATH: /Library/Frameworks/Python.framework/Versions/3.6/bin
PATH: ~/Library/Android/sdk/tools/bin/
PATH: /Users/charlieporth/.cargo/bin
PATH: /bin
PATH: /sbin/usr/local/bin
PATH: /usr/local/sbin
PATH: /usr/sbin
PATH: /usr/bin
PATH: /Users/charlieporth/.local/bin
PATH: /opt/metasploit-framework/bin
PATH: /Users/charlieporth/platform-tools
PATH: /Users/charlieporth/miniconda3/bin
PATH: /Users/charlieporth/.opam/system/bin
PATH: /Users/charlieporth/.opam/system/sbin
PATH: /opt/X11/bin
PATH: /usr/local/opt/make/libexec/gnubin
PATH: /usr/libexec
PATH: /usr/local/opt/apktool/libexec
PATH: /usr/local/opt/arpack/libexec
PATH: /usr/local/opt/auto-scaling/libexec
PATH: /usr/local/opt/autocode/libexec
PATH: /usr/local/opt/autopsy/libexec
PATH: /usr/local/opt/aws-as/libexec
PATH: /usr/local/opt/awscli/libexec
PATH: /usr/local/opt/bltool/libexec
PATH: /usr/local/opt/bower/libexec
PATH: /usr/local/opt/cocoapods/libexec
PATH: /usr/local/opt/conjure-up/libexec
PATH: /usr/local/opt/coreutils/libexec
PATH: /usr/local/opt/curl/libexec
PATH: /usr/local/opt/dependency-check/libexec
PATH: /usr/local/opt/dex2jar/libexec
PATH: /usr/local/opt/dpkg/libexec
PATH: /usr/local/opt/emacs/libexec
PATH: /usr/local/opt/fabric/libexec
PATH: /usr/local/opt/fbi-servefiles/libexec
PATH: /usr/local/opt/findutils/libexec
PATH: /usr/local/opt/firebase-cli/libexec
PATH: /usr/local/opt/gawk/libexec
PATH: /usr/local/opt/gcc/libexec
PATH: /usr/local/opt/gcc@4.9/libexec
PATH: /usr/local/opt/gcc@5/libexec
PATH: /usr/local/opt/gcc@6/libexec
PATH: /usr/local/opt/gcc@7/libexec
PATH: /usr/local/opt/git/libexec
PATH: /usr/local/opt/gnupg/libexec
PATH: /usr/local/opt/gnupg2/libexec
PATH: /usr/local/opt/gnupg@2.2/libexec
PATH: /usr/local/opt/gnuradio/libexec
PATH: /usr/local/opt/gnustep-make/libexec
PATH: /usr/local/opt/go/libexec
PATH: /usr/local/opt/go@1.10/libexec
PATH: /usr/local/opt/golang/libexec
PATH: /usr/local/opt/google-go/libexec
PATH: /usr/local/opt/gpg/libexec
PATH: /usr/local/opt/gpg2/libexec
PATH: /usr/local/opt/gradle/libexec
PATH: /usr/local/opt/gradle@4/libexec
PATH: /usr/local/opt/hadoop/libexec
PATH: /usr/local/opt/htmlcleaner/libexec
PATH: /usr/local/opt/htmlcompressor/libexec
PATH: /usr/local/opt/inetutils/libexec
PATH: /usr/local/opt/ino/libexec
PATH: /usr/local/opt/john/libexec
PATH: /usr/local/opt/json-glib/libexec
PATH: /usr/local/opt/juju-wait/libexec
PATH: /usr/local/opt/kotlin/libexec
PATH: /usr/local/opt/llvm/libexec
PATH: /usr/local/opt/llvm@5/libexec
PATH: /usr/local/opt/llvm@6/libexec
PATH: /usr/local/opt/lolcat/libexec
PATH: /usr/local/opt/lua/libexec
PATH: /usr/local/opt/lua@5.3/libexec
PATH: /usr/local/opt/mailutils/libexec
PATH: /usr/local/opt/make/libexec
PATH: /usr/local/opt/nexus/libexec
PATH: /usr/local/opt/node.js/libexec
PATH: /usr/local/opt/node/libexec
PATH: /usr/local/opt/node@9/libexec
PATH: /usr/local/opt/nodejs/libexec
PATH: /usr/local/opt/npm/libexec
PATH: /usr/local/opt/numpy/libexec
PATH: /usr/local/opt/openssh/libexec
PATH: /usr/local/opt/p11-kit/libexec
PATH: /usr/local/opt/pdf2htmlex/libexec
PATH: /usr/local/opt/pow/libexec
PATH: /usr/local/opt/protobuf/libexec
PATH: /usr/local/opt/protobuf@3.5/libexec
PATH: /usr/local/opt/pwntools/libexec
PATH: /usr/local/opt/python/libexec
PATH: /usr/local/opt/python2/libexec
PATH: /usr/local/opt/python3/libexec
PATH: /usr/local/opt/python@2/libexec
PATH: /usr/local/opt/python@3/libexec
PATH: /usr/local/opt/recon-ng/libexec
PATH: /usr/local/opt/ruby/libexec
PATH: /usr/local/opt/ruby@2.5/libexec
PATH: /usr/local/opt/rust/libexec
PATH: /usr/local/opt/sdl/libexec
PATH: /usr/local/opt/smali/libexec
PATH: /usr/local/opt/sphinx-doc/libexec
PATH: /usr/local/opt/spoof-mac/libexec
PATH: /usr/local/opt/squid/libexec
PATH: /usr/local/opt/sshguard/libexec
PATH: /usr/local/opt/sslmate/libexec
PATH: /usr/local/opt/sslyze/libexec
PATH: /usr/local/opt/thefuck/libexec
PATH: /usr/local/opt/uhd/libexec
PATH: /usr/local/opt/wine/libexec
PATH: /usr/local/opt/wpscan/libexec
PATH: /usr/local/opt/xctool/libexec


## ----------- ##
## Core tests. ##
## ----------- ##

configure:2430: checking for a BSD-compatible install
configure:2498: result: /usr/local/opt/coreutils/libexec/gnubin/install -c
configure:2509: checking whether build environment is sane
configure:2564: result: yes
configure:2715: checking for a thread-safe mkdir -p
configure:2754: result: /usr/local/opt/coreutils/libexec/gnubin/mkdir -p
configure:2761: checking for gawk
configure:2777: found /usr/local/bin/gawk
configure:2788: result: gawk
configure:2799: checking whether make sets $(MAKE)
configure:2821: result: yes
configure:2850: checking whether make supports nested variables
configure:2867: result: yes
configure:2994: checking whether to enable maintainer-specific portions of Makefiles
configure:3003: result: no
configure:3020: checking whether make supports the include directive
configure:3035: make -f confmf.GNU && cat confinc.out
this is the am__doit target
configure:3038: $? = 0
configure:3057: result: yes (GNU style)
configure:3127: checking for gcc
configure:3143: found /usr/bin/gcc
configure:3154: result: gcc
configure:3383: checking for C compiler version
configure:3392: gcc --version >&5
Apple LLVM version 9.1.0 (clang-902.0.39.1)
Target: x86_64-apple-darwin17.5.0
Thread model: posix
InstalledDir: /Applications/Xcode.app/Contents/Developer/Toolchains/XcodeDefault.xctoolchain/usr/bin
Configured with: --prefix=/Applications/Xcode.app/Contents/Developer/usr --with-gxx-include-dir=/usr/include/c++/4.2.1
configure:3403: $? = 0
configure:3392: gcc -v >&5
Configured with: --prefix=/Applications/Xcode.app/Contents/Developer/usr --with-gxx-include-dir=/usr/include/c++/4.2.1
Apple LLVM version 9.1.0 (clang-902.0.39.1)
Target: x86_64-apple-darwin17.5.0
Thread model: posix
InstalledDir: /Applications/Xcode.app/Contents/Developer/Toolchains/XcodeDefault.xctoolchain/usr/bin
configure:3403: $? = 0
configure:3392: gcc -V >&5
clang: error: argument to '-V' is missing (expected 1 value)
clang: error: no input files
configure:3403: $? = 1
configure:3392: gcc -qversion >&5
clang: error: unknown argument: '-qversion'
clang: error: no input files
configure:3403: $? = 1
configure:3423: checking whether the C compiler works
configure:3445: gcc    conftest.c  >&5
configure:3449: $? = 0
configure:3497: result: yes
configure:3500: checking for C compiler default output file name
configure:3502: result: a.out
configure:3508: checking for suffix of executables
configure:3515: gcc -o conftest    conftest.c  >&5
configure:3519: $? = 0
configure:3541: result: 
configure:3563: checking whether we are cross compiling
configure:3571: gcc -o conftest    conftest.c  >&5
configure:3575: $? = 0
configure:3582: ./conftest
configure:3586: $? = 0
configure:3601: result: no
configure:3606: checking for suffix of object files
configure:3628: gcc -c   conftest.c >&5
configure:3632: $? = 0
configure:3653: result: o
configure:3657: checking whether we are using the GNU C compiler
configure:3676: gcc -c   conftest.c >&5
configure:3676: $? = 0
configure:3685: result: yes
configure:3694: checking whether gcc accepts -g
configure:3714: gcc -c -g  conftest.c >&5
configure:3714: $? = 0
configure:3755: result: yes
configure:3772: checking for gcc option to accept ISO C89
configure:3835: gcc  -c -g -O2  conftest.c >&5
configure:3835: $? = 0
configure:3848: result: none needed
configure:3873: checking whether gcc understands -c and -o together
configure:3895: gcc -c conftest.c -o conftest2.o
configure:3898: $? = 0
configure:3895: gcc -c conftest.c -o conftest2.o
configure:3898: $? = 0
configure:3910: result: yes
configure:3929: checking dependency style of gcc
configure:4040: result: gcc3
configure:4105: checking for ar
configure:4121: found /usr/bin/ar
configure:4132: result: ar
configure:4158: checking the archiver (ar) interface
configure:4174: gcc -c -g -O2  conftest.c >&5
configure:4174: $? = 0
configure:4176: ar cru libconftest.a conftest.o >&5
configure:4179: $? = 0
configure:4207: result: ar
configure:4240: checking build system type
configure:4254: result: i386-apple-darwin17.5.0
configure:4274: checking host system type
configure:4287: result: i386-apple-darwin17.5.0
configure:4313: checking how to run the C preprocessor
configure:4344: gcc -E  conftest.c
configure:4344: $? = 0
configure:4358: gcc -E  conftest.c
conftest.c:11:10: fatal error: 'ac_nonexistent.h' file not found
#include <ac_nonexistent.h>
         ^~~~~~~~~~~~~~~~~~
1 error generated.
configure:4358: $? = 1
configure: failed program was:
| /* confdefs.h */
| #define PACKAGE_NAME "libvidcap"
| #define PACKAGE_TARNAME "libvidcap"
| #define PACKAGE_VERSION "0.2.1"
| #define PACKAGE_STRING "libvidcap 0.2.1"
| #define PACKAGE_BUGREPORT "jpgrayson@gmail.com"
| #define PACKAGE_URL ""
| #define PACKAGE "libvidcap"
| #define VERSION "0.2.1"
| /* end confdefs.h.  */
| #include <ac_nonexistent.h>
configure:4383: result: gcc -E
configure:4403: gcc -E  conftest.c
configure:4403: $? = 0
configure:4417: gcc -E  conftest.c
conftest.c:11:10: fatal error: 'ac_nonexistent.h' file not found
#include <ac_nonexistent.h>
         ^~~~~~~~~~~~~~~~~~
1 error generated.
configure:4417: $? = 1
configure: failed program was:
| /* confdefs.h */
| #define PACKAGE_NAME "libvidcap"
| #define PACKAGE_TARNAME "libvidcap"
| #define PACKAGE_VERSION "0.2.1"
| #define PACKAGE_STRING "libvidcap 0.2.1"
| #define PACKAGE_BUGREPORT "jpgrayson@gmail.com"
| #define PACKAGE_URL ""
| #define PACKAGE "libvidcap"
| #define VERSION "0.2.1"
| /* end confdefs.h.  */
| #include <ac_nonexistent.h>
configure:4446: checking for grep that handles long lines and -e
configure:4504: result: /usr/local/bin/grep
configure:4509: checking for egrep
configure:4571: result: /usr/local/bin/grep -E
configure:4576: checking for ANSI C header files
configure:4596: gcc -c -g -O2  conftest.c >&5
configure:4596: $? = 0
configure:4669: gcc -o conftest -g -O2   conftest.c  >&5
configure:4669: $? = 0
configure:4669: ./conftest
configure:4669: $? = 0
configure:4680: result: yes
configure:4693: checking for sys/types.h
configure:4693: gcc -c -g -O2  conftest.c >&5
configure:4693: $? = 0
configure:4693: result: yes
configure:4693: checking for sys/stat.h
configure:4693: gcc -c -g -O2  conftest.c >&5
configure:4693: $? = 0
configure:4693: result: yes
configure:4693: checking for stdlib.h
configure:4693: gcc -c -g -O2  conftest.c >&5
configure:4693: $? = 0
configure:4693: result: yes
configure:4693: checking for string.h
configure:4693: gcc -c -g -O2  conftest.c >&5
configure:4693: $? = 0
configure:4693: result: yes
configure:4693: checking for memory.h
configure:4693: gcc -c -g -O2  conftest.c >&5
configure:4693: $? = 0
configure:4693: result: yes
configure:4693: checking for strings.h
configure:4693: gcc -c -g -O2  conftest.c >&5
configure:4693: $? = 0
configure:4693: result: yes
configure:4693: checking for inttypes.h
configure:4693: gcc -c -g -O2  conftest.c >&5
configure:4693: $? = 0
configure:4693: result: yes
configure:4693: checking for stdint.h
configure:4693: gcc -c -g -O2  conftest.c >&5
configure:4693: $? = 0
configure:4693: result: yes
configure:4693: checking for unistd.h
configure:4693: gcc -c -g -O2  conftest.c >&5
configure:4693: $? = 0
configure:4693: result: yes
configure:4706: checking minix/config.h usability
configure:4706: gcc -c -g -O2  conftest.c >&5
conftest.c:54:10: fatal error: 'minix/config.h' file not found
#include <minix/config.h>
         ^~~~~~~~~~~~~~~~
1 error generated.
configure:4706: $? = 1
configure: failed program was:
| /* confdefs.h */
| #define PACKAGE_NAME "libvidcap"
| #define PACKAGE_TARNAME "libvidcap"
| #define PACKAGE_VERSION "0.2.1"
| #define PACKAGE_STRING "libvidcap 0.2.1"
| #define PACKAGE_BUGREPORT "jpgrayson@gmail.com"
| #define PACKAGE_URL ""
| #define PACKAGE "libvidcap"
| #define VERSION "0.2.1"
| #define STDC_HEADERS 1
| #define HAVE_SYS_TYPES_H 1
| #define HAVE_SYS_STAT_H 1
| #define HAVE_STDLIB_H 1
| #define HAVE_STRING_H 1
| #define HAVE_MEMORY_H 1
| #define HAVE_STRINGS_H 1
| #define HAVE_INTTYPES_H 1
| #define HAVE_STDINT_H 1
| #define HAVE_UNISTD_H 1
| /* end confdefs.h.  */
| #include <stdio.h>
| #ifdef HAVE_SYS_TYPES_H
| # include <sys/types.h>
| #endif
| #ifdef HAVE_SYS_STAT_H
| # include <sys/stat.h>
| #endif
| #ifdef STDC_HEADERS
| # include <stdlib.h>
| # include <stddef.h>
| #else
| # ifdef HAVE_STDLIB_H
| #  include <stdlib.h>
| # endif
| #endif
| #ifdef HAVE_STRING_H
| # if !defined STDC_HEADERS && defined HAVE_MEMORY_H
| #  include <memory.h>
| # endif
| # include <string.h>
| #endif
| #ifdef HAVE_STRINGS_H
| # include <strings.h>
| #endif
| #ifdef HAVE_INTTYPES_H
| # include <inttypes.h>
| #endif
| #ifdef HAVE_STDINT_H
| # include <stdint.h>
| #endif
| #ifdef HAVE_UNISTD_H
| # include <unistd.h>
| #endif
| #include <minix/config.h>
configure:4706: result: no
configure:4706: checking minix/config.h presence
configure:4706: gcc -E  conftest.c
conftest.c:21:10: fatal error: 'minix/config.h' file not found
#include <minix/config.h>
         ^~~~~~~~~~~~~~~~
1 error generated.
configure:4706: $? = 1
configure: failed program was:
| /* confdefs.h */
| #define PACKAGE_NAME "libvidcap"
| #define PACKAGE_TARNAME "libvidcap"
| #define PACKAGE_VERSION "0.2.1"
| #define PACKAGE_STRING "libvidcap 0.2.1"
| #define PACKAGE_BUGREPORT "jpgrayson@gmail.com"
| #define PACKAGE_URL ""
| #define PACKAGE "libvidcap"
| #define VERSION "0.2.1"
| #define STDC_HEADERS 1
| #define HAVE_SYS_TYPES_H 1
| #define HAVE_SYS_STAT_H 1
| #define HAVE_STDLIB_H 1
| #define HAVE_STRING_H 1
| #define HAVE_MEMORY_H 1
| #define HAVE_STRINGS_H 1
| #define HAVE_INTTYPES_H 1
| #define HAVE_STDINT_H 1
| #define HAVE_UNISTD_H 1
| /* end confdefs.h.  */
| #include <minix/config.h>
configure:4706: result: no
configure:4706: checking for minix/config.h
configure:4706: result: no
configure:4727: checking whether it is safe to define __EXTENSIONS__
configure:4745: gcc -c -g -O2  conftest.c >&5
configure:4745: $? = 0
configure:4752: result: yes
configure:4816: checking for gcc
configure:4843: result: gcc
configure:5072: checking for C compiler version
configure:5081: gcc --version >&5
Apple LLVM version 9.1.0 (clang-902.0.39.1)
Target: x86_64-apple-darwin17.5.0
Thread model: posix
InstalledDir: /Applications/Xcode.app/Contents/Developer/Toolchains/XcodeDefault.xctoolchain/usr/bin
Configured with: --prefix=/Applications/Xcode.app/Contents/Developer/usr --with-gxx-include-dir=/usr/include/c++/4.2.1
configure:5092: $? = 0
configure:5081: gcc -v >&5
Configured with: --prefix=/Applications/Xcode.app/Contents/Developer/usr --with-gxx-include-dir=/usr/include/c++/4.2.1
Apple LLVM version 9.1.0 (clang-902.0.39.1)
Target: x86_64-apple-darwin17.5.0
Thread model: posix
InstalledDir: /Applications/Xcode.app/Contents/Developer/Toolchains/XcodeDefault.xctoolchain/usr/bin
configure:5092: $? = 0
configure:5081: gcc -V >&5
clang: error: argument to '-V' is missing (expected 1 value)
clang: error: no input files
configure:5092: $? = 1
configure:5081: gcc -qversion >&5
clang: error: unknown argument: '-qversion'
clang: error: no input files
configure:5092: $? = 1
configure:5096: checking whether we are using the GNU C compiler
configure:5124: result: yes
configure:5133: checking whether gcc accepts -g
configure:5194: result: yes
configure:5211: checking for gcc option to accept ISO C89
configure:5287: result: none needed
configure:5312: checking whether gcc understands -c and -o together
configure:5349: result: yes
configure:5368: checking dependency style of gcc
configure:5479: result: gcc3
configure:5542: checking for gcc
configure:5569: result: gcc
configure:5798: checking for C compiler version
configure:5807: gcc --version >&5
Apple LLVM version 9.1.0 (clang-902.0.39.1)
Target: x86_64-apple-darwin17.5.0
Thread model: posix
InstalledDir: /Applications/Xcode.app/Contents/Developer/Toolchains/XcodeDefault.xctoolchain/usr/bin
Configured with: --prefix=/Applications/Xcode.app/Contents/Developer/usr --with-gxx-include-dir=/usr/include/c++/4.2.1
configure:5818: $? = 0
configure:5807: gcc -v >&5
Configured with: --prefix=/Applications/Xcode.app/Contents/Developer/usr --with-gxx-include-dir=/usr/include/c++/4.2.1
Apple LLVM version 9.1.0 (clang-902.0.39.1)
Target: x86_64-apple-darwin17.5.0
Thread model: posix
InstalledDir: /Applications/Xcode.app/Contents/Developer/Toolchains/XcodeDefault.xctoolchain/usr/bin
configure:5818: $? = 0
configure:5807: gcc -V >&5
clang: error: argument to '-V' is missing (expected 1 value)
clang: error: no input files
configure:5818: $? = 1
configure:5807: gcc -qversion >&5
clang: error: unknown argument: '-qversion'
clang: error: no input files
configure:5818: $? = 1
configure:5822: checking whether we are using the GNU C compiler
configure:5850: result: yes
configure:5859: checking whether gcc accepts -g
configure:5920: result: yes
configure:5937: checking for gcc option to accept ISO C89
configure:6013: result: none needed
configure:6038: checking whether gcc understands -c and -o together
configure:6075: result: yes
configure:6094: checking dependency style of gcc
configure:6205: result: gcc3
configure:6223: checking for an ANSI C-conforming const
configure:6289: gcc -c -g -O2  conftest.c >&5
configure:6289: $? = 0
configure:6296: result: yes
configure:6305: checking whether gcc needs -traditional
conftest.c:26:10: fatal error: 'termio.h' file not found
#include <termio.h>
         ^~~~~~~~~~
1 error generated.
configure:6339: result: no
configure:6404: checking for g++
configure:6420: found /usr/bin/g++
configure:6431: result: g++
configure:6458: checking for C++ compiler version
configure:6467: g++ --version >&5
Apple LLVM version 9.1.0 (clang-902.0.39.1)
Target: x86_64-apple-darwin17.5.0
Thread model: posix
InstalledDir: /Applications/Xcode.app/Contents/Developer/Toolchains/XcodeDefault.xctoolchain/usr/bin
Configured with: --prefix=/Applications/Xcode.app/Contents/Developer/usr --with-gxx-include-dir=/usr/include/c++/4.2.1
configure:6478: $? = 0
configure:6467: g++ -v >&5
Configured with: --prefix=/Applications/Xcode.app/Contents/Developer/usr --with-gxx-include-dir=/usr/include/c++/4.2.1
Apple LLVM version 9.1.0 (clang-902.0.39.1)
Target: x86_64-apple-darwin17.5.0
Thread model: posix
InstalledDir: /Applications/Xcode.app/Contents/Developer/Toolchains/XcodeDefault.xctoolchain/usr/bin
configure:6478: $? = 0
configure:6467: g++ -V >&5
clang: error: argument to '-V' is missing (expected 1 value)
clang: error: no input files
configure:6478: $? = 1
configure:6467: g++ -qversion >&5
clang: error: unknown argument: '-qversion'
clang: error: no input files
configure:6478: $? = 1
configure:6482: checking whether we are using the GNU C++ compiler
configure:6501: g++ -c   conftest.cpp >&5
configure:6501: $? = 0
configure:6510: result: yes
configure:6519: checking whether g++ accepts -g
configure:6539: g++ -c -g  conftest.cpp >&5
configure:6539: $? = 0
configure:6580: result: yes
configure:6605: checking dependency style of g++
configure:6716: result: gcc3
configure:7081: checking how to print strings
configure:7108: result: printf
configure:7129: checking for a sed that does not truncate output
configure:7193: result: /usr/local/bin/sed
configure:7211: checking for fgrep
configure:7273: result: /usr/local/bin/grep -F
configure:7308: checking for ld used by gcc
configure:7375: result: /Applications/Xcode.app/Contents/Developer/Toolchains/XcodeDefault.xctoolchain/usr/bin/ld
configure:7382: checking if the linker (/Applications/Xcode.app/Contents/Developer/Toolchains/XcodeDefault.xctoolchain/usr/bin/ld) is GNU ld
configure:7397: result: no
configure:7409: checking for BSD- or MS-compatible name lister (nm)
configure:7463: result: /usr/bin/nm -B
configure:7593: checking the name lister (/usr/bin/nm -B) interface
configure:7600: gcc -c -g -O2  conftest.c >&5
configure:7603: /usr/bin/nm -B "conftest.o"
configure:7606: output
00000000000001d8 S _some_variable
configure:7613: result: BSD nm
configure:7616: checking whether ln -s works
configure:7620: result: yes
configure:7628: checking the maximum length of command line arguments
configure:7759: result: 196608
configure:7807: checking how to convert i386-apple-darwin17.5.0 file names to i386-apple-darwin17.5.0 format
configure:7847: result: func_convert_file_noop
configure:7854: checking how to convert i386-apple-darwin17.5.0 file names to toolchain format
configure:7874: result: func_convert_file_noop
configure:7881: checking for /Applications/Xcode.app/Contents/Developer/Toolchains/XcodeDefault.xctoolchain/usr/bin/ld option to reload object files
configure:7888: result: -r
configure:7962: checking for objdump
configure:7989: result: objdump
configure:8018: checking how to recognize dependent libraries
configure:8218: result: pass_all
configure:8303: checking for dlltool
configure:8330: result: dlltool
configure:8360: checking how to associate runtime and link libraries
configure:8387: result: printf %s\n
configure:8511: checking for archiver @FILE support
configure:8528: gcc -c -g -O2  conftest.c >&5
configure:8528: $? = 0
configure:8531: ar cru libconftest.a @conftest.lst >&5
ar: @conftest.lst: No such file or directory
configure:8534: $? = 1
configure:8554: result: no
configure:8612: checking for strip
configure:8628: found /usr/bin/strip
configure:8639: result: strip
configure:8711: checking for ranlib
configure:8727: found /usr/bin/ranlib
configure:8738: result: ranlib
configure:8840: checking command to parse /usr/bin/nm -B output from gcc object
configure:8993: gcc -c -g -O2  conftest.c >&5
configure:8996: $? = 0
configure:9000: /usr/bin/nm -B conftest.o \| sed -n -e 's/^.*[ ]\([BCDEGRST][BCDEGRST]*\)[ ][ ]*\([_A-Za-z][_A-Za-z0-9]*\)$/\1 \2 \2/p' | sed '/ __gnu_lto/d' \> conftest.nm
configure:9003: $? = 0
cannot find nm_test_var in conftest.nm
configure:8993: gcc -c -g -O2  conftest.c >&5
configure:8996: $? = 0
configure:9000: /usr/bin/nm -B conftest.o \| sed -n -e 's/^.*[ ]\([BCDEGRST][BCDEGRST]*\)[ ][ ]*_\([_A-Za-z][_A-Za-z0-9]*\)$/\1 _\2 \2/p' | sed '/ __gnu_lto/d' \> conftest.nm
configure:9003: $? = 0
configure:9069: gcc -o conftest -g -O2   conftest.c conftstm.o >&5
warning: (x86_64)  could not find object file symbol for symbol _main
configure:9072: $? = 0
configure:9110: result: ok
configure:9157: checking for sysroot
configure:9187: result: no
configure:9194: checking for a working dd
configure:9232: result: /usr/local/opt/coreutils/libexec/gnubin/dd
configure:9236: checking how to truncate binary pipes
configure:9251: result: /usr/local/opt/coreutils/libexec/gnubin/dd bs=4096 count=1
configure:9580: checking for mt
configure:9610: result: no
configure:9630: checking if : is a manifest tool
configure:9636: : '-?'
configure:9644: result: no
configure:9700: checking for dsymutil
configure:9716: found /usr/bin/dsymutil
configure:9727: result: dsymutil
configure:9792: checking for nmedit
configure:9808: found /usr/bin/nmedit
configure:9819: result: nmedit
configure:9884: checking for lipo
configure:9900: found /usr/bin/lipo
configure:9911: result: lipo
configure:9976: checking for otool
configure:9992: found /usr/bin/otool
configure:10003: result: otool
configure:10068: checking for otool64
configure:10098: result: no
configure:10143: checking for -single_module linker flag
gcc -g -O2  -o libconftest.dylib -dynamiclib -Wl,-single_module conftest.c
configure:10176: result: yes
configure:10179: checking for -exported_symbols_list linker flag
configure:10199: gcc -o conftest -g -O2   -Wl,-exported_symbols_list,conftest.sym conftest.c  >&5
configure:10199: $? = 0
configure:10209: result: yes
configure:10212: checking for -force_load linker flag
gcc -g -O2 -c -o conftest.o conftest.c
ar cru libconftest.a conftest.o
ranlib libconftest.a
gcc -g -O2  -o conftest conftest.c -Wl,-force_load,./libconftest.a
configure:10244: result: yes
configure:10318: checking for dlfcn.h
configure:10318: gcc -c -g -O2  conftest.c >&5
configure:10318: $? = 0
configure:10318: result: yes
configure:10583: checking for objdir
configure:10598: result: .libs
configure:10858: checking if gcc supports -fno-rtti -fno-exceptions
configure:10876: gcc -c -g -O2  -fno-rtti -fno-exceptions conftest.c >&5
configure:10880: $? = 0
configure:10893: result: yes
configure:11251: checking for gcc option to produce PIC
configure:11258: result: -fno-common -DPIC
configure:11266: checking if gcc PIC flag -fno-common -DPIC works
configure:11284: gcc -c -g -O2  -fno-common -DPIC -DPIC conftest.c >&5
configure:11288: $? = 0
configure:11301: result: yes
configure:11330: checking if gcc static flag -static works
configure:11358: result: no
configure:11373: checking if gcc supports -c -o file.o
configure:11394: gcc -c -g -O2  -o out/conftest2.o conftest.c >&5
configure:11398: $? = 0
configure:11420: result: yes
configure:11428: checking if gcc supports -c -o file.o
configure:11475: result: yes
configure:11508: checking whether the gcc linker (/Applications/Xcode.app/Contents/Developer/Toolchains/XcodeDefault.xctoolchain/usr/bin/ld) supports shared libraries
configure:12767: result: yes
configure:13007: checking dynamic linker characteristics
configure:13825: result: darwin17.5.0 dyld
configure:13947: checking how to hardcode library paths into programs
configure:13972: result: immediate
configure:14520: checking whether stripping libraries is possible
configure:14534: result: yes
configure:14560: checking if libtool supports shared libraries
configure:14562: result: yes
configure:14565: checking whether to build shared libraries
configure:14590: result: yes
configure:14593: checking whether to build static libraries
configure:14597: result: yes
configure:14620: checking how to run the C++ preprocessor
configure:14647: g++ -E  conftest.cpp
configure:14647: $? = 0
configure:14661: g++ -E  conftest.cpp
conftest.cpp:28:10: fatal error: 'ac_nonexistent.h' file not found
#include <ac_nonexistent.h>
         ^~~~~~~~~~~~~~~~~~
1 error generated.
configure:14661: $? = 1
configure: failed program was:
| /* confdefs.h */
| #define PACKAGE_NAME "libvidcap"
| #define PACKAGE_TARNAME "libvidcap"
| #define PACKAGE_VERSION "0.2.1"
| #define PACKAGE_STRING "libvidcap 0.2.1"
| #define PACKAGE_BUGREPORT "jpgrayson@gmail.com"
| #define PACKAGE_URL ""
| #define PACKAGE "libvidcap"
| #define VERSION "0.2.1"
| #define STDC_HEADERS 1
| #define HAVE_SYS_TYPES_H 1
| #define HAVE_SYS_STAT_H 1
| #define HAVE_STDLIB_H 1
| #define HAVE_STRING_H 1
| #define HAVE_MEMORY_H 1
| #define HAVE_STRINGS_H 1
| #define HAVE_INTTYPES_H 1
| #define HAVE_STDINT_H 1
| #define HAVE_UNISTD_H 1
| #define __EXTENSIONS__ 1
| #define _ALL_SOURCE 1
| #define _GNU_SOURCE 1
| #define _POSIX_PTHREAD_SEMANTICS 1
| #define _TANDEM_SOURCE 1
| #define HAVE_DLFCN_H 1
| #define LT_OBJDIR ".libs/"
| /* end confdefs.h.  */
| #include <ac_nonexistent.h>
configure:14686: result: g++ -E
configure:14706: g++ -E  conftest.cpp
configure:14706: $? = 0
configure:14720: g++ -E  conftest.cpp
conftest.cpp:28:10: fatal error: 'ac_nonexistent.h' file not found
#include <ac_nonexistent.h>
         ^~~~~~~~~~~~~~~~~~
1 error generated.
configure:14720: $? = 1
configure: failed program was:
| /* confdefs.h */
| #define PACKAGE_NAME "libvidcap"
| #define PACKAGE_TARNAME "libvidcap"
| #define PACKAGE_VERSION "0.2.1"
| #define PACKAGE_STRING "libvidcap 0.2.1"
| #define PACKAGE_BUGREPORT "jpgrayson@gmail.com"
| #define PACKAGE_URL ""
| #define PACKAGE "libvidcap"
| #define VERSION "0.2.1"
| #define STDC_HEADERS 1
| #define HAVE_SYS_TYPES_H 1
| #define HAVE_SYS_STAT_H 1
| #define HAVE_STDLIB_H 1
| #define HAVE_STRING_H 1
| #define HAVE_MEMORY_H 1
| #define HAVE_STRINGS_H 1
| #define HAVE_INTTYPES_H 1
| #define HAVE_STDINT_H 1
| #define HAVE_UNISTD_H 1
| #define __EXTENSIONS__ 1
| #define _ALL_SOURCE 1
| #define _GNU_SOURCE 1
| #define _POSIX_PTHREAD_SEMANTICS 1
| #define _TANDEM_SOURCE 1
| #define HAVE_DLFCN_H 1
| #define LT_OBJDIR ".libs/"
| /* end confdefs.h.  */
| #include <ac_nonexistent.h>
configure:14882: checking for ld used by g++
configure:14949: result: /Applications/Xcode.app/Contents/Developer/Toolchains/XcodeDefault.xctoolchain/usr/bin/ld
configure:14956: checking if the linker (/Applications/Xcode.app/Contents/Developer/Toolchains/XcodeDefault.xctoolchain/usr/bin/ld) is GNU ld
configure:14971: result: no
configure:15026: checking whether the g++ linker (/Applications/Xcode.app/Contents/Developer/Toolchains/XcodeDefault.xctoolchain/usr/bin/ld) supports shared libraries
configure:16099: result: yes
configure:16135: g++ -c -g -O2  conftest.cpp >&5
configure:16138: $? = 0
configure:16619: checking for g++ option to produce PIC
configure:16626: result: -fno-common -DPIC
configure:16634: checking if g++ PIC flag -fno-common -DPIC works
configure:16652: g++ -c -g -O2  -fno-common -DPIC -DPIC conftest.cpp >&5
configure:16656: $? = 0
configure:16669: result: yes
configure:16692: checking if g++ static flag -static works
configure:16720: result: no
configure:16732: checking if g++ supports -c -o file.o
configure:16753: g++ -c -g -O2  -o out/conftest2.o conftest.cpp >&5
configure:16757: $? = 0
configure:16779: result: yes
configure:16784: checking if g++ supports -c -o file.o
configure:16831: result: yes
configure:16861: checking whether the g++ linker (/Applications/Xcode.app/Contents/Developer/Toolchains/XcodeDefault.xctoolchain/usr/bin/ld) supports shared libraries
configure:16901: result: yes
configure:17042: checking dynamic linker characteristics
configure:17787: result: darwin17.5.0 dyld
configure:17852: checking how to hardcode library paths into programs
configure:17877: result: immediate
configure:18104: checking for the pthreads library -lpthreads
configure:18137: gcc -o conftest -g -O2    conftest.c -lpthreads  >&5
conftest.c:33:41: warning: null passed to a callee that requires a non-null argument [-Wnonnull]
                     pthread_attr_init(0); pthread_cleanup_push(0, 0);
                                       ~^
conftest.c:34:44: warning: null passed to a callee that requires a non-null argument [-Wnonnull]
                     pthread_create(0,0,0,0); pthread_cleanup_pop(0);
                                    ~      ^
conftest.c:34:44: warning: null passed to a callee that requires a non-null argument [-Wnonnull]
                     pthread_create(0,0,0,0); pthread_cleanup_pop(0);
                                        ~  ^
3 warnings generated.
ld: library not found for -lpthreads
clang: error: linker command failed with exit code 1 (use -v to see invocation)
configure:18137: $? = 1
configure: failed program was:
| /* confdefs.h */
| #define PACKAGE_NAME "libvidcap"
| #define PACKAGE_TARNAME "libvidcap"
| #define PACKAGE_VERSION "0.2.1"
| #define PACKAGE_STRING "libvidcap 0.2.1"
| #define PACKAGE_BUGREPORT "jpgrayson@gmail.com"
| #define PACKAGE_URL ""
| #define PACKAGE "libvidcap"
| #define VERSION "0.2.1"
| #define STDC_HEADERS 1
| #define HAVE_SYS_TYPES_H 1
| #define HAVE_SYS_STAT_H 1
| #define HAVE_STDLIB_H 1
| #define HAVE_STRING_H 1
| #define HAVE_MEMORY_H 1
| #define HAVE_STRINGS_H 1
| #define HAVE_INTTYPES_H 1
| #define HAVE_STDINT_H 1
| #define HAVE_UNISTD_H 1
| #define __EXTENSIONS__ 1
| #define _ALL_SOURCE 1
| #define _GNU_SOURCE 1
| #define _POSIX_PTHREAD_SEMANTICS 1
| #define _TANDEM_SOURCE 1
| #define HAVE_DLFCN_H 1
| #define LT_OBJDIR ".libs/"
| /* end confdefs.h.  */
| #include <pthread.h>
| int
| main ()
| {
| pthread_t th; pthread_join(th, 0);
|                      pthread_attr_init(0); pthread_cleanup_push(0, 0);
|                      pthread_create(0,0,0,0); pthread_cleanup_pop(0);
|   ;
|   return 0;
| }
configure:18146: result: no
configure:18049: checking whether pthreads work without any flags
configure:18137: gcc -o conftest -g -O2    conftest.c   >&5
conftest.c:33:41: warning: null passed to a callee that requires a non-null argument [-Wnonnull]
                     pthread_attr_init(0); pthread_cleanup_push(0, 0);
                                       ~^
conftest.c:34:44: warning: null passed to a callee that requires a non-null argument [-Wnonnull]
                     pthread_create(0,0,0,0); pthread_cleanup_pop(0);
                                    ~      ^
conftest.c:34:44: warning: null passed to a callee that requires a non-null argument [-Wnonnull]
                     pthread_create(0,0,0,0); pthread_cleanup_pop(0);
                                        ~  ^
3 warnings generated.
configure:18137: $? = 0
configure:18146: result: yes
configure:18165: checking for joinable pthread attribute
configure:18180: gcc -o conftest -g -O2    conftest.c   >&5
configure:18180: $? = 0
configure:18186: result: PTHREAD_CREATE_JOINABLE
configure:18196: checking if more special flags are required for pthreads
configure:18203: result: -D_THREAD_SAFE
configure:18266: checking whether to check for GCC pthread/shared inconsistencies
configure:18273: result: no
configure:18443: checking for pkg-config
configure:18459: found /usr/local/bin/pkg-config
configure:18471: result: yes
configure:18538: checking for pkg-config
configure:18556: found /usr/local/bin/pkg-config
configure:18568: result: /usr/local/bin/pkg-config
configure:18593: checking pkg-config is at least version 0.9.0
configure:18596: result: yes
configure:18608: checking for nanosleep
configure:18608: gcc -o conftest -g -O2   conftest.c  >&5
configure:18608: $? = 0
configure:18608: result: yes
configure:18608: checking for gettimeofday
configure:18608: gcc -o conftest -g -O2   conftest.c  >&5
configure:18608: $? = 0
configure:18608: result: yes
configure:18608: checking for snprintf
configure:18608: gcc -o conftest -g -O2   conftest.c  >&5
conftest.c:54:6: warning: incompatible redeclaration of library function 'snprintf' [-Wincompatible-library-redeclaration]
char snprintf ();
     ^
conftest.c:54:6: note: 'snprintf' is a builtin with type 'int (char *, unsigned long, const char *, ...)'
1 warning generated.
configure:18608: $? = 0
configure:18608: result: yes
configure:18618: checking linux/videodev.h usability
configure:18618: gcc -c -g -O2  conftest.c >&5
conftest.c:65:10: fatal error: 'linux/videodev.h' file not found
#include <linux/videodev.h>
         ^~~~~~~~~~~~~~~~~~
1 error generated.
configure:18618: $? = 1
configure: failed program was:
| /* confdefs.h */
| #define PACKAGE_NAME "libvidcap"
| #define PACKAGE_TARNAME "libvidcap"
| #define PACKAGE_VERSION "0.2.1"
| #define PACKAGE_STRING "libvidcap 0.2.1"
| #define PACKAGE_BUGREPORT "jpgrayson@gmail.com"
| #define PACKAGE_URL ""
| #define PACKAGE "libvidcap"
| #define VERSION "0.2.1"
| #define STDC_HEADERS 1
| #define HAVE_SYS_TYPES_H 1
| #define HAVE_SYS_STAT_H 1
| #define HAVE_STDLIB_H 1
| #define HAVE_STRING_H 1
| #define HAVE_MEMORY_H 1
| #define HAVE_STRINGS_H 1
| #define HAVE_INTTYPES_H 1
| #define HAVE_STDINT_H 1
| #define HAVE_UNISTD_H 1
| #define __EXTENSIONS__ 1
| #define _ALL_SOURCE 1
| #define _GNU_SOURCE 1
| #define _POSIX_PTHREAD_SEMANTICS 1
| #define _TANDEM_SOURCE 1
| #define HAVE_DLFCN_H 1
| #define LT_OBJDIR ".libs/"
| #define HAVE_PTHREAD 1
| #define HAVE_NANOSLEEP 1
| #define HAVE_GETTIMEOFDAY 1
| #define HAVE_SNPRINTF 1
| /* end confdefs.h.  */
| #include <stdio.h>
| #ifdef HAVE_SYS_TYPES_H
| # include <sys/types.h>
| #endif
| #ifdef HAVE_SYS_STAT_H
| # include <sys/stat.h>
| #endif
| #ifdef STDC_HEADERS
| # include <stdlib.h>
| # include <stddef.h>
| #else
| # ifdef HAVE_STDLIB_H
| #  include <stdlib.h>
| # endif
| #endif
| #ifdef HAVE_STRING_H
| # if !defined STDC_HEADERS && defined HAVE_MEMORY_H
| #  include <memory.h>
| # endif
| # include <string.h>
| #endif
| #ifdef HAVE_STRINGS_H
| # include <strings.h>
| #endif
| #ifdef HAVE_INTTYPES_H
| # include <inttypes.h>
| #endif
| #ifdef HAVE_STDINT_H
| # include <stdint.h>
| #endif
| #ifdef HAVE_UNISTD_H
| # include <unistd.h>
| #endif
| #include <linux/videodev.h>
configure:18618: result: no
configure:18618: checking linux/videodev.h presence
configure:18618: gcc -E  conftest.c
conftest.c:32:10: fatal error: 'linux/videodev.h' file not found
#include <linux/videodev.h>
         ^~~~~~~~~~~~~~~~~~
1 error generated.
configure:18618: $? = 1
configure: failed program was:
| /* confdefs.h */
| #define PACKAGE_NAME "libvidcap"
| #define PACKAGE_TARNAME "libvidcap"
| #define PACKAGE_VERSION "0.2.1"
| #define PACKAGE_STRING "libvidcap 0.2.1"
| #define PACKAGE_BUGREPORT "jpgrayson@gmail.com"
| #define PACKAGE_URL ""
| #define PACKAGE "libvidcap"
| #define VERSION "0.2.1"
| #define STDC_HEADERS 1
| #define HAVE_SYS_TYPES_H 1
| #define HAVE_SYS_STAT_H 1
| #define HAVE_STDLIB_H 1
| #define HAVE_STRING_H 1
| #define HAVE_MEMORY_H 1
| #define HAVE_STRINGS_H 1
| #define HAVE_INTTYPES_H 1
| #define HAVE_STDINT_H 1
| #define HAVE_UNISTD_H 1
| #define __EXTENSIONS__ 1
| #define _ALL_SOURCE 1
| #define _GNU_SOURCE 1
| #define _POSIX_PTHREAD_SEMANTICS 1
| #define _TANDEM_SOURCE 1
| #define HAVE_DLFCN_H 1
| #define LT_OBJDIR ".libs/"
| #define HAVE_PTHREAD 1
| #define HAVE_NANOSLEEP 1
| #define HAVE_GETTIMEOFDAY 1
| #define HAVE_SNPRINTF 1
| /* end confdefs.h.  */
| #include <linux/videodev.h>
configure:18618: result: no
configure:18618: checking for linux/videodev.h
configure:18618: result: no
configure:18627: checking QuickTime/QuickTime.h usability
configure:18627: gcc -c -g -O2  conftest.c >&5
conftest.c:65:10: fatal error: 'QuickTime/QuickTime.h' file not found
#include <QuickTime/QuickTime.h>
         ^~~~~~~~~~~~~~~~~~~~~~~
1 error generated.
configure:18627: $? = 1
configure: failed program was:
| /* confdefs.h */
| #define PACKAGE_NAME "libvidcap"
| #define PACKAGE_TARNAME "libvidcap"
| #define PACKAGE_VERSION "0.2.1"
| #define PACKAGE_STRING "libvidcap 0.2.1"
| #define PACKAGE_BUGREPORT "jpgrayson@gmail.com"
| #define PACKAGE_URL ""
| #define PACKAGE "libvidcap"
| #define VERSION "0.2.1"
| #define STDC_HEADERS 1
| #define HAVE_SYS_TYPES_H 1
| #define HAVE_SYS_STAT_H 1
| #define HAVE_STDLIB_H 1
| #define HAVE_STRING_H 1
| #define HAVE_MEMORY_H 1
| #define HAVE_STRINGS_H 1
| #define HAVE_INTTYPES_H 1
| #define HAVE_STDINT_H 1
| #define HAVE_UNISTD_H 1
| #define __EXTENSIONS__ 1
| #define _ALL_SOURCE 1
| #define _GNU_SOURCE 1
| #define _POSIX_PTHREAD_SEMANTICS 1
| #define _TANDEM_SOURCE 1
| #define HAVE_DLFCN_H 1
| #define LT_OBJDIR ".libs/"
| #define HAVE_PTHREAD 1
| #define HAVE_NANOSLEEP 1
| #define HAVE_GETTIMEOFDAY 1
| #define HAVE_SNPRINTF 1
| /* end confdefs.h.  */
| #include <stdio.h>
| #ifdef HAVE_SYS_TYPES_H
| # include <sys/types.h>
| #endif
| #ifdef HAVE_SYS_STAT_H
| # include <sys/stat.h>
| #endif
| #ifdef STDC_HEADERS
| # include <stdlib.h>
| # include <stddef.h>
| #else
| # ifdef HAVE_STDLIB_H
| #  include <stdlib.h>
| # endif
| #endif
| #ifdef HAVE_STRING_H
| # if !defined STDC_HEADERS && defined HAVE_MEMORY_H
| #  include <memory.h>
| # endif
| # include <string.h>
| #endif
| #ifdef HAVE_STRINGS_H
| # include <strings.h>
| #endif
| #ifdef HAVE_INTTYPES_H
| # include <inttypes.h>
| #endif
| #ifdef HAVE_STDINT_H
| # include <stdint.h>
| #endif
| #ifdef HAVE_UNISTD_H
| # include <unistd.h>
| #endif
| #include <QuickTime/QuickTime.h>
configure:18627: result: no
configure:18627: checking QuickTime/QuickTime.h presence
configure:18627: gcc -E  conftest.c
conftest.c:32:10: fatal error: 'QuickTime/QuickTime.h' file not found
#include <QuickTime/QuickTime.h>
         ^~~~~~~~~~~~~~~~~~~~~~~
1 error generated.
configure:18627: $? = 1
configure: failed program was:
| /* confdefs.h */
| #define PACKAGE_NAME "libvidcap"
| #define PACKAGE_TARNAME "libvidcap"
| #define PACKAGE_VERSION "0.2.1"
| #define PACKAGE_STRING "libvidcap 0.2.1"
| #define PACKAGE_BUGREPORT "jpgrayson@gmail.com"
| #define PACKAGE_URL ""
| #define PACKAGE "libvidcap"
| #define VERSION "0.2.1"
| #define STDC_HEADERS 1
| #define HAVE_SYS_TYPES_H 1
| #define HAVE_SYS_STAT_H 1
| #define HAVE_STDLIB_H 1
| #define HAVE_STRING_H 1
| #define HAVE_MEMORY_H 1
| #define HAVE_STRINGS_H 1
| #define HAVE_INTTYPES_H 1
| #define HAVE_STDINT_H 1
| #define HAVE_UNISTD_H 1
| #define __EXTENSIONS__ 1
| #define _ALL_SOURCE 1
| #define _GNU_SOURCE 1
| #define _POSIX_PTHREAD_SEMANTICS 1
| #define _TANDEM_SOURCE 1
| #define HAVE_DLFCN_H 1
| #define LT_OBJDIR ".libs/"
| #define HAVE_PTHREAD 1
| #define HAVE_NANOSLEEP 1
| #define HAVE_GETTIMEOFDAY 1
| #define HAVE_SNPRINTF 1
| /* end confdefs.h.  */
| #include <QuickTime/QuickTime.h>
configure:18627: result: no
configure:18627: checking for QuickTime/QuickTime.h
configure:18627: result: no
configure:18636: checking DShow.h usability
configure:18636: gcc -c -g -O2  conftest.c >&5
conftest.c:65:10: fatal error: 'DShow.h' file not found
#include <DShow.h>
         ^~~~~~~~~
1 error generated.
configure:18636: $? = 1
configure: failed program was:
| /* confdefs.h */
| #define PACKAGE_NAME "libvidcap"
| #define PACKAGE_TARNAME "libvidcap"
| #define PACKAGE_VERSION "0.2.1"
| #define PACKAGE_STRING "libvidcap 0.2.1"
| #define PACKAGE_BUGREPORT "jpgrayson@gmail.com"
| #define PACKAGE_URL ""
| #define PACKAGE "libvidcap"
| #define VERSION "0.2.1"
| #define STDC_HEADERS 1
| #define HAVE_SYS_TYPES_H 1
| #define HAVE_SYS_STAT_H 1
| #define HAVE_STDLIB_H 1
| #define HAVE_STRING_H 1
| #define HAVE_MEMORY_H 1
| #define HAVE_STRINGS_H 1
| #define HAVE_INTTYPES_H 1
| #define HAVE_STDINT_H 1
| #define HAVE_UNISTD_H 1
| #define __EXTENSIONS__ 1
| #define _ALL_SOURCE 1
| #define _GNU_SOURCE 1
| #define _POSIX_PTHREAD_SEMANTICS 1
| #define _TANDEM_SOURCE 1
| #define HAVE_DLFCN_H 1
| #define LT_OBJDIR ".libs/"
| #define HAVE_PTHREAD 1
| #define HAVE_NANOSLEEP 1
| #define HAVE_GETTIMEOFDAY 1
| #define HAVE_SNPRINTF 1
| /* end confdefs.h.  */
| #include <stdio.h>
| #ifdef HAVE_SYS_TYPES_H
| # include <sys/types.h>
| #endif
| #ifdef HAVE_SYS_STAT_H
| # include <sys/stat.h>
| #endif
| #ifdef STDC_HEADERS
| # include <stdlib.h>
| # include <stddef.h>
| #else
| # ifdef HAVE_STDLIB_H
| #  include <stdlib.h>
| # endif
| #endif
| #ifdef HAVE_STRING_H
| # if !defined STDC_HEADERS && defined HAVE_MEMORY_H
| #  include <memory.h>
| # endif
| # include <string.h>
| #endif
| #ifdef HAVE_STRINGS_H
| # include <strings.h>
| #endif
| #ifdef HAVE_INTTYPES_H
| # include <inttypes.h>
| #endif
| #ifdef HAVE_STDINT_H
| # include <stdint.h>
| #endif
| #ifdef HAVE_UNISTD_H
| # include <unistd.h>
| #endif
| #include <DShow.h>
configure:18636: result: no
configure:18636: checking DShow.h presence
configure:18636: gcc -E  conftest.c
conftest.c:32:10: fatal error: 'DShow.h' file not found
#include <DShow.h>
         ^~~~~~~~~
1 error generated.
configure:18636: $? = 1
configure: failed program was:
| /* confdefs.h */
| #define PACKAGE_NAME "libvidcap"
| #define PACKAGE_TARNAME "libvidcap"
| #define PACKAGE_VERSION "0.2.1"
| #define PACKAGE_STRING "libvidcap 0.2.1"
| #define PACKAGE_BUGREPORT "jpgrayson@gmail.com"
| #define PACKAGE_URL ""
| #define PACKAGE "libvidcap"
| #define VERSION "0.2.1"
| #define STDC_HEADERS 1
| #define HAVE_SYS_TYPES_H 1
| #define HAVE_SYS_STAT_H 1
| #define HAVE_STDLIB_H 1
| #define HAVE_STRING_H 1
| #define HAVE_MEMORY_H 1
| #define HAVE_STRINGS_H 1
| #define HAVE_INTTYPES_H 1
| #define HAVE_STDINT_H 1
| #define HAVE_UNISTD_H 1
| #define __EXTENSIONS__ 1
| #define _ALL_SOURCE 1
| #define _GNU_SOURCE 1
| #define _POSIX_PTHREAD_SEMANTICS 1
| #define _TANDEM_SOURCE 1
| #define HAVE_DLFCN_H 1
| #define LT_OBJDIR ".libs/"
| #define HAVE_PTHREAD 1
| #define HAVE_NANOSLEEP 1
| #define HAVE_GETTIMEOFDAY 1
| #define HAVE_SNPRINTF 1
| /* end confdefs.h.  */
| #include <DShow.h>
configure:18636: result: no
configure:18636: checking for DShow.h
configure:18636: result: no
configure:18801: checking that generated files are newer than configure
configure:18807: result: done
configure:18858: creating ./config.status

## ---------------------- ##
## Running config.status. ##
## ---------------------- ##

This file was extended by libvidcap config.status 0.2.1, which was
generated by GNU Autoconf 2.69.  Invocation command line was

  CONFIG_FILES    = 
  CONFIG_HEADERS  = 
  CONFIG_LINKS    = 
  CONFIG_COMMANDS = 
  $ ./config.status 

on Charlies-MacBook-Pro.local

config.status:1180: creating Makefile
config.status:1180: creating include/Makefile
config.status:1180: creating include/vidcap/Makefile
config.status:1180: creating examples/Makefile
config.status:1180: creating vidcap.pc
config.status:1180: creating src/Makefile
config.status:1180: creating config.h
config.status:1361: config.h is unchanged
config.status:1409: executing depfiles commands
config.status:1409: executing libtool commands

## ---------------- ##
## Cache variables. ##
## ---------------- ##

ac_cv_build=i386-apple-darwin17.5.0
ac_cv_c_compiler_gnu=yes
ac_cv_c_const=yes
ac_cv_cxx_compiler_gnu=yes
ac_cv_env_CCC_set=
ac_cv_env_CCC_value=
ac_cv_env_CC_set=
ac_cv_env_CC_value=
ac_cv_env_CFLAGS_set=
ac_cv_env_CFLAGS_value=
ac_cv_env_CPPFLAGS_set=
ac_cv_env_CPPFLAGS_value=
ac_cv_env_CPP_set=
ac_cv_env_CPP_value=
ac_cv_env_CXXCPP_set=
ac_cv_env_CXXCPP_value=
ac_cv_env_CXXFLAGS_set=
ac_cv_env_CXXFLAGS_value=
ac_cv_env_CXX_set=
ac_cv_env_CXX_value=
ac_cv_env_LDFLAGS_set=
ac_cv_env_LDFLAGS_value=
ac_cv_env_LIBS_set=
ac_cv_env_LIBS_value=
ac_cv_env_LT_SYS_LIBRARY_PATH_set=
ac_cv_env_LT_SYS_LIBRARY_PATH_value=
ac_cv_env_PKG_CONFIG_LIBDIR_set=
ac_cv_env_PKG_CONFIG_LIBDIR_value=
ac_cv_env_PKG_CONFIG_PATH_set=
ac_cv_env_PKG_CONFIG_PATH_value=
ac_cv_env_PKG_CONFIG_set=
ac_cv_env_PKG_CONFIG_value=
ac_cv_env_build_alias_set=
ac_cv_env_build_alias_value=
ac_cv_env_host_alias_set=
ac_cv_env_host_alias_value=
ac_cv_env_target_alias_set=
ac_cv_env_target_alias_value=
ac_cv_func_gettimeofday=yes
ac_cv_func_nanosleep=yes
ac_cv_func_snprintf=yes
ac_cv_header_DShow_h=no
ac_cv_header_QuickTime_QuickTime_h=no
ac_cv_header_dlfcn_h=yes
ac_cv_header_inttypes_h=yes
ac_cv_header_linux_videodev_h=no
ac_cv_header_memory_h=yes
ac_cv_header_minix_config_h=no
ac_cv_header_stdc=yes
ac_cv_header_stdint_h=yes
ac_cv_header_stdlib_h=yes
ac_cv_header_string_h=yes
ac_cv_header_strings_h=yes
ac_cv_header_sys_stat_h=yes
ac_cv_header_sys_types_h=yes
ac_cv_header_unistd_h=yes
ac_cv_host=i386-apple-darwin17.5.0
ac_cv_objext=o
ac_cv_path_EGREP='/usr/local/bin/grep -E'
ac_cv_path_FGREP='/usr/local/bin/grep -F'
ac_cv_path_GREP=/usr/local/bin/grep
ac_cv_path_SED=/usr/local/bin/sed
ac_cv_path_ac_pt_PKG_CONFIG=/usr/local/bin/pkg-config
ac_cv_path_install='/usr/local/opt/coreutils/libexec/gnubin/install -c'
ac_cv_path_lt_DD=/usr/local/opt/coreutils/libexec/gnubin/dd
ac_cv_path_mkdir=/usr/local/opt/coreutils/libexec/gnubin/mkdir
ac_cv_prog_AWK=gawk
ac_cv_prog_CPP='gcc -E'
ac_cv_prog_CXXCPP='g++ -E'
ac_cv_prog_ac_ct_AR=ar
ac_cv_prog_ac_ct_CC=gcc
ac_cv_prog_ac_ct_CXX=g++
ac_cv_prog_ac_ct_DLLTOOL=dlltool
ac_cv_prog_ac_ct_DSYMUTIL=dsymutil
ac_cv_prog_ac_ct_LIPO=lipo
ac_cv_prog_ac_ct_NMEDIT=nmedit
ac_cv_prog_ac_ct_OBJDUMP=objdump
ac_cv_prog_ac_ct_OTOOL=otool
ac_cv_prog_ac_ct_RANLIB=ranlib
ac_cv_prog_ac_ct_STRIP=strip
ac_cv_prog_cc_c89=
ac_cv_prog_cc_g=yes
ac_cv_prog_cxx_g=yes
ac_cv_prog_gcc_traditional=no
ac_cv_prog_have_pkg_config=yes
ac_cv_prog_make_make_set=yes
ac_cv_safe_to_define___extensions__=yes
am_cv_CC_dependencies_compiler_type=gcc3
am_cv_CXX_dependencies_compiler_type=gcc3
am_cv_ar_interface=ar
am_cv_make_support_nested_variables=yes
am_cv_prog_cc_c_o=yes
am_cv_prog_cc_stdc=
lt_cv_apple_cc_single_mod=yes
lt_cv_ar_at_file=no
lt_cv_deplibs_check_method=pass_all
lt_cv_file_magic_cmd='$MAGIC_CMD'
lt_cv_file_magic_test_file=
lt_cv_ld_exported_symbols_list=yes
lt_cv_ld_force_load=yes
lt_cv_ld_reload_flag=-r
lt_cv_nm_interface='BSD nm'
lt_cv_objdir=.libs
lt_cv_path_LD=/Applications/Xcode.app/Contents/Developer/Toolchains/XcodeDefault.xctoolchain/usr/bin/ld
lt_cv_path_LDCXX=/Applications/Xcode.app/Contents/Developer/Toolchains/XcodeDefault.xctoolchain/usr/bin/ld
lt_cv_path_NM='/usr/bin/nm -B'
lt_cv_path_mainfest_tool=no
lt_cv_prog_compiler_c_o=yes
lt_cv_prog_compiler_c_o_CXX=yes
lt_cv_prog_compiler_pic='-fno-common -DPIC'
lt_cv_prog_compiler_pic_CXX='-fno-common -DPIC'
lt_cv_prog_compiler_pic_works=yes
lt_cv_prog_compiler_pic_works_CXX=yes
lt_cv_prog_compiler_rtti_exceptions=yes
lt_cv_prog_compiler_static_works=no
lt_cv_prog_compiler_static_works_CXX=no
lt_cv_prog_gnu_ld=no
lt_cv_prog_gnu_ldcxx=no
lt_cv_sharedlib_from_linklib_cmd='printf %s\n'
lt_cv_sys_global_symbol_pipe='sed -n -e '\''s/^.*[	 ]\([BCDEGRST][BCDEGRST]*\)[	 ][	 ]*_\([_A-Za-z][_A-Za-z0-9]*\)$/\1 _\2 \2/p'\'' | sed '\''/ __gnu_lto/d'\'''
lt_cv_sys_global_symbol_to_c_name_address='sed -n -e '\''s/^: \(.*\) .*$/  {"\1", (void *) 0},/p'\'' -e '\''s/^[BCDEGRST][BCDEGRST]* .* \(.*\)$/  {"\1", (void *) \&\1},/p'\'''
lt_cv_sys_global_symbol_to_c_name_address_lib_prefix='sed -n -e '\''s/^: \(.*\) .*$/  {"\1", (void *) 0},/p'\'' -e '\''s/^[BCDEGRST][BCDEGRST]* .* \(lib.*\)$/  {"\1", (void *) \&\1},/p'\'' -e '\''s/^[BCDEGRST][BCDEGRST]* .* \(.*\)$/  {"lib\1", (void *) \&\1},/p'\'''
lt_cv_sys_global_symbol_to_cdecl='sed -n -e '\''s/^T .* \(.*\)$/extern int \1();/p'\'' -e '\''s/^[BCDEGRST][BCDEGRST]* .* \(.*\)$/extern char \1;/p'\'''
lt_cv_sys_global_symbol_to_import=
lt_cv_sys_max_cmd_len=196608
lt_cv_to_host_file_cmd=func_convert_file_noop
lt_cv_to_tool_file_cmd=func_convert_file_noop
lt_cv_truncate_bin='/usr/local/opt/coreutils/libexec/gnubin/dd bs=4096 count=1'

## ----------------- ##
## Output variables. ##
## ----------------- ##

ACLOCAL='${SHELL} /Users/charlieporth/Downloads/libvidcap-0.2.1/missing aclocal-1.16'
AMDEPBACKSLASH='\'
AMDEP_FALSE='#'
AMDEP_TRUE=''
AMTAR='$${TAR-tar}'
AM_BACKSLASH='\'
AM_DEFAULT_V='$(AM_DEFAULT_VERBOSITY)'
AM_DEFAULT_VERBOSITY='1'
AM_V='$(V)'
AR='ar'
AS='as'
AUTOCONF='${SHELL} /Users/charlieporth/Downloads/libvidcap-0.2.1/missing autoconf'
AUTOHEADER='${SHELL} /Users/charlieporth/Downloads/libvidcap-0.2.1/missing autoheader'
AUTOMAKE='${SHELL} /Users/charlieporth/Downloads/libvidcap-0.2.1/missing automake-1.16'
AWK='gawk'
CC='gcc'
CCDEPMODE='depmode=gcc3'
CFLAGS='-g -O2'
CPP='gcc -E'
CPPFLAGS=''
CXX='g++'
CXXCPP='g++ -E'
CXXDEPMODE='depmode=gcc3'
CXXFLAGS='-g -O2'
CYGPATH_W='echo'
DEFS='-DHAVE_CONFIG_H'
DEPDIR='.deps'
DLLTOOL='dlltool'
DSYMUTIL='dsymutil'
DUMPBIN=''
ECHO_C='\c'
ECHO_N=''
ECHO_T=''
EGREP='/usr/local/bin/grep -E'
EXEEXT=''
FGREP='/usr/local/bin/grep -F'
GREP='/usr/local/bin/grep'
HAVE_DIRECTSHOW_FALSE=''
HAVE_DIRECTSHOW_TRUE='#'
HAVE_QUICKTIME_FALSE=''
HAVE_QUICKTIME_TRUE='#'
HAVE_V4L_FALSE=''
HAVE_V4L_TRUE='#'
INSTALL_DATA='${INSTALL} -m 644'
INSTALL_PROGRAM='${INSTALL}'
INSTALL_SCRIPT='${INSTALL}'
INSTALL_STRIP_PROGRAM='$(install_sh) -c -s'
LD='/Applications/Xcode.app/Contents/Developer/Toolchains/XcodeDefault.xctoolchain/usr/bin/ld'
LDFLAGS=''
LIBOBJS=''
LIBS=''
LIBTOOL='$(SHELL) $(top_builddir)/libtool'
LIPO='lipo'
LN_S='ln -s'
LTLIBOBJS=''
LT_SYS_LIBRARY_PATH=''
MAINT='#'
MAINTAINER_MODE_FALSE=''
MAINTAINER_MODE_TRUE='#'
MAKEINFO='${SHELL} /Users/charlieporth/Downloads/libvidcap-0.2.1/missing makeinfo'
MANIFEST_TOOL=':'
MKDIR_P='/usr/local/opt/coreutils/libexec/gnubin/mkdir -p'
NM='/usr/bin/nm -B'
NMEDIT='nmedit'
OBJDUMP='objdump'
OBJEXT='o'
OTOOL64=':'
OTOOL='otool'
PACKAGE='libvidcap'
PACKAGE_BUGREPORT='jpgrayson@gmail.com'
PACKAGE_NAME='libvidcap'
PACKAGE_STRING='libvidcap 0.2.1'
PACKAGE_TARNAME='libvidcap'
PACKAGE_URL=''
PACKAGE_VERSION='0.2.1'
PATH_SEPARATOR=':'
PKG_CONFIG='/usr/local/bin/pkg-config'
PKG_CONFIG_LIBDIR=''
PKG_CONFIG_PATH=''
PKG_REQUIRES=''
PTHREAD_CC='gcc'
PTHREAD_CFLAGS='-D_THREAD_SAFE '
PTHREAD_LIBS=''
RANLIB='ranlib'
SED='/usr/local/bin/sed'
SET_MAKE=''
SHELL='/bin/sh'
STRIP='strip'
VC_LT_AGE='0'
VC_LT_CURRENT='1'
VC_LT_REVISION='0'
VERSION='0.2.1'
ac_ct_AR='ar'
ac_ct_CC='gcc'
ac_ct_CXX='g++'
ac_ct_DUMPBIN=''
acx_pthread_config=''
am__EXEEXT_FALSE=''
am__EXEEXT_TRUE='#'
am__fastdepCC_FALSE='#'
am__fastdepCC_TRUE=''
am__fastdepCXX_FALSE='#'
am__fastdepCXX_TRUE=''
am__include='include'
am__isrc=''
am__leading_dot='.'
am__nodep='_no'
am__quote=''
am__tar='$${TAR-tar} chof - "$$tardir"'
am__untar='$${TAR-tar} xf -'
bindir='${exec_prefix}/bin'
build='i386-apple-darwin17.5.0'
build_alias=''
build_cpu='i386'
build_os='darwin17.5.0'
build_vendor='apple'
datadir='${datarootdir}'
datarootdir='${prefix}/share'
docdir='${datarootdir}/doc/${PACKAGE_TARNAME}'
dvidir='${docdir}'
exec_prefix='${prefix}'
have_pkg_config='yes'
host='i386-apple-darwin17.5.0'
host_alias=''
host_cpu='i386'
host_os='darwin17.5.0'
host_vendor='apple'
htmldir='${docdir}'
includedir='${prefix}/include'
infodir='${datarootdir}/info'
install_sh='${SHELL} /Users/charlieporth/Downloads/libvidcap-0.2.1/install-sh'
libdir='${exec_prefix}/lib'
libexecdir='${exec_prefix}/libexec'
localedir='${datarootdir}/locale'
localstatedir='${prefix}/var'
mandir='${datarootdir}/man'
mkdir_p='$(MKDIR_P)'
oldincludedir='/usr/include'
pdfdir='${docdir}'
prefix='/usr/local'
program_transform_name='s,x,x,'
psdir='${docdir}'
sbindir='${exec_prefix}/sbin'
sharedstatedir='${prefix}/com'
sysconfdir='${prefix}/etc'
target_alias=''

## ----------- ##
## confdefs.h. ##
## ----------- ##

/* confdefs.h */
#define PACKAGE_NAME "libvidcap"
#define PACKAGE_TARNAME "libvidcap"
#define PACKAGE_VERSION "0.2.1"
#define PACKAGE_STRING "libvidcap 0.2.1"
#define PACKAGE_BUGREPORT "jpgrayson@gmail.com"
#define PACKAGE_URL ""
#define PACKAGE "libvidcap"
#define VERSION "0.2.1"
#define STDC_HEADERS 1
#define HAVE_SYS_TYPES_H 1
#define HAVE_SYS_STAT_H 1
#define HAVE_STDLIB_H 1
#define HAVE_STRING_H 1
#define HAVE_MEMORY_H 1
#define HAVE_STRINGS_H 1
#define HAVE_INTTYPES_H 1
#define HAVE_STDINT_H 1
#define HAVE_UNISTD_H 1
#define __EXTENSIONS__ 1
#define _ALL_SOURCE 1
#define _GNU_SOURCE 1
#define _POSIX_PTHREAD_SEMANTICS 1
#define _TANDEM_SOURCE 1
#define HAVE_DLFCN_H 1
#define LT_OBJDIR ".libs/"
#define HAVE_PTHREAD 1
#define HAVE_NANOSLEEP 1
#define HAVE_GETTIMEOFDAY 1
#define HAVE_SNPRINTF 1

configure: exit 0
