This file contains any messages produced by compilers while
running configure, to aid debugging if configure makes a mistake.

It was created by iaxclient configure 2.1beta3, which was
generated by GNU Autoconf 2.69.  Invocation command line was

  $ ./configure 

## --------- ##
## Platform. ##
## --------- ##

hostname = Charlies-MacBook-Pro.local
uname -m = x86_64
uname -r = 17.5.0
uname -s = Darwin
uname -v = Darwin Kernel Version 17.5.0: Mon Mar  5 22:24:32 PST 2018; root:xnu-4570.51.1~1/RELEASE_X86_64

/usr/bin/uname -p = i386
/bin/uname -X     = unknown

/bin/arch              = unknown
/usr/bin/arch -k       = unknown
/usr/convex/getsysinfo = unknown
/usr/bin/hostinfo      = Mach kernel version:
	 Darwin Kernel Version 17.5.0: Mon Mar  5 22:24:32 PST 2018; root:xnu-4570.51.1~1/RELEASE_X86_64
Kernel configured for up to 8 processors.
4 processors are physically available.
8 processors are logically available.
Processor type: x86_64h (Intel x86-64h Haswell)
Processors active: 0 1 2 3 4 5 6 7
Primary memory available: 16.00 gigabytes
Default processor set: 1008 tasks, 3922 threads, 8 processors
Load average: 3.79, Mach factor: 4.21
/bin/machine           = unknown
/usr/bin/oslevel       = unknown
/bin/universe          = unknown

PATH: /Users/charlieporth/.opam/system/bin
PATH: /Users/charlieporth/google-cloud-sdk/bin
PATH: /Users/charlieporth/go//bin
PATH: /usr/local/opt/coreutils/libexec/gnubin
PATH: /usr/local/bin
PATH: ~/Library/Android/sdk/tools
PATH: /usr/local/bin
PATH: /usr/bin
PATH: /usr/local/sbin
PATH: /sbin
PATH: /bin
PATH: /usr/sbin
PATH: /opt/local/bin
PATH: /opt/local/sbin
PATH: /opt/metasploit-framework/bin/Library/Frameworks/Python.framework/Versions/3.6/bin
PATH: /Library/Frameworks/Python.framework/Versions/3.6/bin
PATH: ~/Library/Android/sdk/tools/bin/
PATH: /Users/charlieporth/.cargo/bin
PATH: /bin
PATH: /sbin/usr/local/bin
PATH: /usr/local/sbin
PATH: /usr/sbin
PATH: /usr/bin
PATH: /Users/charlieporth/.local/bin
PATH: /opt/metasploit-framework/bin
PATH: /Users/charlieporth/platform-tools
PATH: /Users/charlieporth/miniconda3/bin
PATH: /Users/charlieporth/.opam/system/bin
PATH: /Users/charlieporth/.opam/system/sbin
PATH: /opt/X11/bin
PATH: /usr/local/opt/make/libexec/gnubin
PATH: /usr/libexec
PATH: /usr/local/opt/apktool/libexec
PATH: /usr/local/opt/arpack/libexec
PATH: /usr/local/opt/auto-scaling/libexec
PATH: /usr/local/opt/autocode/libexec
PATH: /usr/local/opt/autopsy/libexec
PATH: /usr/local/opt/aws-as/libexec
PATH: /usr/local/opt/awscli/libexec
PATH: /usr/local/opt/bltool/libexec
PATH: /usr/local/opt/bower/libexec
PATH: /usr/local/opt/cocoapods/libexec
PATH: /usr/local/opt/conjure-up/libexec
PATH: /usr/local/opt/coreutils/libexec
PATH: /usr/local/opt/curl/libexec
PATH: /usr/local/opt/dependency-check/libexec
PATH: /usr/local/opt/dex2jar/libexec
PATH: /usr/local/opt/dpkg/libexec
PATH: /usr/local/opt/emacs/libexec
PATH: /usr/local/opt/fabric/libexec
PATH: /usr/local/opt/fbi-servefiles/libexec
PATH: /usr/local/opt/findutils/libexec
PATH: /usr/local/opt/firebase-cli/libexec
PATH: /usr/local/opt/gawk/libexec
PATH: /usr/local/opt/gcc/libexec
PATH: /usr/local/opt/gcc@4.9/libexec
PATH: /usr/local/opt/gcc@5/libexec
PATH: /usr/local/opt/gcc@6/libexec
PATH: /usr/local/opt/gcc@7/libexec
PATH: /usr/local/opt/git/libexec
PATH: /usr/local/opt/gnupg/libexec
PATH: /usr/local/opt/gnupg2/libexec
PATH: /usr/local/opt/gnupg@2.2/libexec
PATH: /usr/local/opt/gnuradio/libexec
PATH: /usr/local/opt/gnustep-make/libexec
PATH: /usr/local/opt/go/libexec
PATH: /usr/local/opt/go@1.10/libexec
PATH: /usr/local/opt/golang/libexec
PATH: /usr/local/opt/google-go/libexec
PATH: /usr/local/opt/gpg/libexec
PATH: /usr/local/opt/gpg2/libexec
PATH: /usr/local/opt/gradle/libexec
PATH: /usr/local/opt/gradle@4/libexec
PATH: /usr/local/opt/hadoop/libexec
PATH: /usr/local/opt/htmlcleaner/libexec
PATH: /usr/local/opt/htmlcompressor/libexec
PATH: /usr/local/opt/inetutils/libexec
PATH: /usr/local/opt/ino/libexec
PATH: /usr/local/opt/john/libexec
PATH: /usr/local/opt/json-glib/libexec
PATH: /usr/local/opt/juju-wait/libexec
PATH: /usr/local/opt/kotlin/libexec
PATH: /usr/local/opt/llvm/libexec
PATH: /usr/local/opt/llvm@5/libexec
PATH: /usr/local/opt/llvm@6/libexec
PATH: /usr/local/opt/lolcat/libexec
PATH: /usr/local/opt/lua/libexec
PATH: /usr/local/opt/lua@5.3/libexec
PATH: /usr/local/opt/mailutils/libexec
PATH: /usr/local/opt/make/libexec
PATH: /usr/local/opt/nexus/libexec
PATH: /usr/local/opt/node.js/libexec
PATH: /usr/local/opt/node/libexec
PATH: /usr/local/opt/node@9/libexec
PATH: /usr/local/opt/nodejs/libexec
PATH: /usr/local/opt/npm/libexec
PATH: /usr/local/opt/numpy/libexec
PATH: /usr/local/opt/openssh/libexec
PATH: /usr/local/opt/p11-kit/libexec
PATH: /usr/local/opt/pdf2htmlex/libexec
PATH: /usr/local/opt/pow/libexec
PATH: /usr/local/opt/protobuf/libexec
PATH: /usr/local/opt/protobuf@3.5/libexec
PATH: /usr/local/opt/pwntools/libexec
PATH: /usr/local/opt/python/libexec
PATH: /usr/local/opt/python2/libexec
PATH: /usr/local/opt/python3/libexec
PATH: /usr/local/opt/python@2/libexec
PATH: /usr/local/opt/python@3/libexec
PATH: /usr/local/opt/recon-ng/libexec
PATH: /usr/local/opt/ruby/libexec
PATH: /usr/local/opt/ruby@2.5/libexec
PATH: /usr/local/opt/rust/libexec
PATH: /usr/local/opt/sdl/libexec
PATH: /usr/local/opt/smali/libexec
PATH: /usr/local/opt/sphinx-doc/libexec
PATH: /usr/local/opt/spoof-mac/libexec
PATH: /usr/local/opt/squid/libexec
PATH: /usr/local/opt/sshguard/libexec
PATH: /usr/local/opt/sslmate/libexec
PATH: /usr/local/opt/sslyze/libexec
PATH: /usr/local/opt/thefuck/libexec
PATH: /usr/local/opt/uhd/libexec
PATH: /usr/local/opt/wine/libexec
PATH: /usr/local/opt/wpscan/libexec
PATH: /usr/local/opt/xctool/libexec


## ----------- ##
## Core tests. ##
## ----------- ##

configure:2753: checking for a BSD-compatible install
configure:2821: result: /usr/local/opt/coreutils/libexec/gnubin/install -c
configure:2832: checking whether build environment is sane
configure:2887: result: yes
configure:3038: checking for a thread-safe mkdir -p
configure:3077: result: /usr/local/opt/coreutils/libexec/gnubin/mkdir -p
configure:3084: checking for gawk
configure:3100: found /usr/local/bin/gawk
configure:3111: result: gawk
configure:3122: checking whether make sets $(MAKE)
configure:3144: result: yes
configure:3173: checking whether make supports nested variables
configure:3190: result: yes
configure:3317: checking whether to enable maintainer-specific portions of Makefiles
configure:3326: result: no
configure:3352: checking build system type
configure:3366: result: i386-apple-darwin17.5.0
configure:3386: checking host system type
configure:3399: result: i386-apple-darwin17.5.0
configure:3424: checking whether make supports the include directive
configure:3439: make -f confmf.GNU && cat confinc.out
this is the am__doit target
configure:3442: $? = 0
configure:3461: result: yes (GNU style)
configure:3531: checking for gcc
configure:3547: found /usr/bin/gcc
configure:3558: result: gcc
configure:3787: checking for C compiler version
configure:3796: gcc --version >&5
Apple LLVM version 9.1.0 (clang-902.0.39.1)
Target: x86_64-apple-darwin17.5.0
Thread model: posix
InstalledDir: /Applications/Xcode.app/Contents/Developer/Toolchains/XcodeDefault.xctoolchain/usr/bin
Configured with: --prefix=/Applications/Xcode.app/Contents/Developer/usr --with-gxx-include-dir=/usr/include/c++/4.2.1
configure:3807: $? = 0
configure:3796: gcc -v >&5
Configured with: --prefix=/Applications/Xcode.app/Contents/Developer/usr --with-gxx-include-dir=/usr/include/c++/4.2.1
Apple LLVM version 9.1.0 (clang-902.0.39.1)
Target: x86_64-apple-darwin17.5.0
Thread model: posix
InstalledDir: /Applications/Xcode.app/Contents/Developer/Toolchains/XcodeDefault.xctoolchain/usr/bin
configure:3807: $? = 0
configure:3796: gcc -V >&5
clang: error: argument to '-V' is missing (expected 1 value)
clang: error: no input files
configure:3807: $? = 1
configure:3796: gcc -qversion >&5
clang: error: unknown argument: '-qversion'
clang: error: no input files
configure:3807: $? = 1
configure:3827: checking whether the C compiler works
configure:3849: gcc    conftest.c  >&5
configure:3853: $? = 0
configure:3901: result: yes
configure:3904: checking for C compiler default output file name
configure:3906: result: a.out
configure:3912: checking for suffix of executables
configure:3919: gcc -o conftest    conftest.c  >&5
configure:3923: $? = 0
configure:3945: result: 
configure:3967: checking whether we are cross compiling
configure:3975: gcc -o conftest    conftest.c  >&5
configure:3979: $? = 0
configure:3986: ./conftest
configure:3990: $? = 0
configure:4005: result: no
configure:4010: checking for suffix of object files
configure:4032: gcc -c   conftest.c >&5
configure:4036: $? = 0
configure:4057: result: o
configure:4061: checking whether we are using the GNU C compiler
configure:4080: gcc -c   conftest.c >&5
configure:4080: $? = 0
configure:4089: result: yes
configure:4098: checking whether gcc accepts -g
configure:4118: gcc -c -g  conftest.c >&5
configure:4118: $? = 0
configure:4159: result: yes
configure:4176: checking for gcc option to accept ISO C89
configure:4239: gcc  -c -g -O2  conftest.c >&5
configure:4239: $? = 0
configure:4252: result: none needed
configure:4277: checking whether gcc understands -c and -o together
configure:4299: gcc -c conftest.c -o conftest2.o
configure:4302: $? = 0
configure:4299: gcc -c conftest.c -o conftest2.o
configure:4302: $? = 0
configure:4314: result: yes
configure:4333: checking dependency style of gcc
configure:4444: result: gcc3
configure:4465: checking how to run the C preprocessor
configure:4496: gcc -E  conftest.c
configure:4496: $? = 0
configure:4510: gcc -E  conftest.c
conftest.c:11:10: fatal error: 'ac_nonexistent.h' file not found
#include <ac_nonexistent.h>
         ^~~~~~~~~~~~~~~~~~
1 error generated.
configure:4510: $? = 1
configure: failed program was:
| /* confdefs.h */
| #define PACKAGE_NAME "iaxclient"
| #define PACKAGE_TARNAME "iaxclient"
| #define PACKAGE_VERSION "2.1beta3"
| #define PACKAGE_STRING "iaxclient 2.1beta3"
| #define PACKAGE_BUGREPORT "iaxclient-devel@lists.sourceforge.net"
| #define PACKAGE_URL ""
| #define PACKAGE "iaxclient"
| #define VERSION "2.1beta3"
| /* end confdefs.h.  */
| #include <ac_nonexistent.h>
configure:4535: result: gcc -E
configure:4555: gcc -E  conftest.c
configure:4555: $? = 0
configure:4569: gcc -E  conftest.c
conftest.c:11:10: fatal error: 'ac_nonexistent.h' file not found
#include <ac_nonexistent.h>
         ^~~~~~~~~~~~~~~~~~
1 error generated.
configure:4569: $? = 1
configure: failed program was:
| /* confdefs.h */
| #define PACKAGE_NAME "iaxclient"
| #define PACKAGE_TARNAME "iaxclient"
| #define PACKAGE_VERSION "2.1beta3"
| #define PACKAGE_STRING "iaxclient 2.1beta3"
| #define PACKAGE_BUGREPORT "iaxclient-devel@lists.sourceforge.net"
| #define PACKAGE_URL ""
| #define PACKAGE "iaxclient"
| #define VERSION "2.1beta3"
| /* end confdefs.h.  */
| #include <ac_nonexistent.h>
configure:4598: checking for grep that handles long lines and -e
configure:4656: result: /usr/local/bin/grep
configure:4661: checking for egrep
configure:4723: result: /usr/local/bin/grep -E
configure:4728: checking for ANSI C header files
configure:4748: gcc -c -g -O2  conftest.c >&5
configure:4748: $? = 0
configure:4821: gcc -o conftest -g -O2   conftest.c  >&5
configure:4821: $? = 0
configure:4821: ./conftest
configure:4821: $? = 0
configure:4832: result: yes
configure:4845: checking for sys/types.h
configure:4845: gcc -c -g -O2  conftest.c >&5
configure:4845: $? = 0
configure:4845: result: yes
configure:4845: checking for sys/stat.h
configure:4845: gcc -c -g -O2  conftest.c >&5
configure:4845: $? = 0
configure:4845: result: yes
configure:4845: checking for stdlib.h
configure:4845: gcc -c -g -O2  conftest.c >&5
configure:4845: $? = 0
configure:4845: result: yes
configure:4845: checking for string.h
configure:4845: gcc -c -g -O2  conftest.c >&5
configure:4845: $? = 0
configure:4845: result: yes
configure:4845: checking for memory.h
configure:4845: gcc -c -g -O2  conftest.c >&5
configure:4845: $? = 0
configure:4845: result: yes
configure:4845: checking for strings.h
configure:4845: gcc -c -g -O2  conftest.c >&5
configure:4845: $? = 0
configure:4845: result: yes
configure:4845: checking for inttypes.h
configure:4845: gcc -c -g -O2  conftest.c >&5
configure:4845: $? = 0
configure:4845: result: yes
configure:4845: checking for stdint.h
configure:4845: gcc -c -g -O2  conftest.c >&5
configure:4845: $? = 0
configure:4845: result: yes
configure:4845: checking for unistd.h
configure:4845: gcc -c -g -O2  conftest.c >&5
configure:4845: $? = 0
configure:4845: result: yes
configure:4858: checking minix/config.h usability
configure:4858: gcc -c -g -O2  conftest.c >&5
conftest.c:54:10: fatal error: 'minix/config.h' file not found
#include <minix/config.h>
         ^~~~~~~~~~~~~~~~
1 error generated.
configure:4858: $? = 1
configure: failed program was:
| /* confdefs.h */
| #define PACKAGE_NAME "iaxclient"
| #define PACKAGE_TARNAME "iaxclient"
| #define PACKAGE_VERSION "2.1beta3"
| #define PACKAGE_STRING "iaxclient 2.1beta3"
| #define PACKAGE_BUGREPORT "iaxclient-devel@lists.sourceforge.net"
| #define PACKAGE_URL ""
| #define PACKAGE "iaxclient"
| #define VERSION "2.1beta3"
| #define STDC_HEADERS 1
| #define HAVE_SYS_TYPES_H 1
| #define HAVE_SYS_STAT_H 1
| #define HAVE_STDLIB_H 1
| #define HAVE_STRING_H 1
| #define HAVE_MEMORY_H 1
| #define HAVE_STRINGS_H 1
| #define HAVE_INTTYPES_H 1
| #define HAVE_STDINT_H 1
| #define HAVE_UNISTD_H 1
| /* end confdefs.h.  */
| #include <stdio.h>
| #ifdef HAVE_SYS_TYPES_H
| # include <sys/types.h>
| #endif
| #ifdef HAVE_SYS_STAT_H
| # include <sys/stat.h>
| #endif
| #ifdef STDC_HEADERS
| # include <stdlib.h>
| # include <stddef.h>
| #else
| # ifdef HAVE_STDLIB_H
| #  include <stdlib.h>
| # endif
| #endif
| #ifdef HAVE_STRING_H
| # if !defined STDC_HEADERS && defined HAVE_MEMORY_H
| #  include <memory.h>
| # endif
| # include <string.h>
| #endif
| #ifdef HAVE_STRINGS_H
| # include <strings.h>
| #endif
| #ifdef HAVE_INTTYPES_H
| # include <inttypes.h>
| #endif
| #ifdef HAVE_STDINT_H
| # include <stdint.h>
| #endif
| #ifdef HAVE_UNISTD_H
| # include <unistd.h>
| #endif
| #include <minix/config.h>
configure:4858: result: no
configure:4858: checking minix/config.h presence
configure:4858: gcc -E  conftest.c
conftest.c:21:10: fatal error: 'minix/config.h' file not found
#include <minix/config.h>
         ^~~~~~~~~~~~~~~~
1 error generated.
configure:4858: $? = 1
configure: failed program was:
| /* confdefs.h */
| #define PACKAGE_NAME "iaxclient"
| #define PACKAGE_TARNAME "iaxclient"
| #define PACKAGE_VERSION "2.1beta3"
| #define PACKAGE_STRING "iaxclient 2.1beta3"
| #define PACKAGE_BUGREPORT "iaxclient-devel@lists.sourceforge.net"
| #define PACKAGE_URL ""
| #define PACKAGE "iaxclient"
| #define VERSION "2.1beta3"
| #define STDC_HEADERS 1
| #define HAVE_SYS_TYPES_H 1
| #define HAVE_SYS_STAT_H 1
| #define HAVE_STDLIB_H 1
| #define HAVE_STRING_H 1
| #define HAVE_MEMORY_H 1
| #define HAVE_STRINGS_H 1
| #define HAVE_INTTYPES_H 1
| #define HAVE_STDINT_H 1
| #define HAVE_UNISTD_H 1
| /* end confdefs.h.  */
| #include <minix/config.h>
configure:4858: result: no
configure:4858: checking for minix/config.h
configure:4858: result: no
configure:4879: checking whether it is safe to define __EXTENSIONS__
configure:4897: gcc -c -g -O2  conftest.c >&5
configure:4897: $? = 0
configure:4904: result: yes
configure:4968: checking for gcc
configure:4995: result: gcc
configure:5224: checking for C compiler version
configure:5233: gcc --version >&5
Apple LLVM version 9.1.0 (clang-902.0.39.1)
Target: x86_64-apple-darwin17.5.0
Thread model: posix
InstalledDir: /Applications/Xcode.app/Contents/Developer/Toolchains/XcodeDefault.xctoolchain/usr/bin
Configured with: --prefix=/Applications/Xcode.app/Contents/Developer/usr --with-gxx-include-dir=/usr/include/c++/4.2.1
configure:5244: $? = 0
configure:5233: gcc -v >&5
Configured with: --prefix=/Applications/Xcode.app/Contents/Developer/usr --with-gxx-include-dir=/usr/include/c++/4.2.1
Apple LLVM version 9.1.0 (clang-902.0.39.1)
Target: x86_64-apple-darwin17.5.0
Thread model: posix
InstalledDir: /Applications/Xcode.app/Contents/Developer/Toolchains/XcodeDefault.xctoolchain/usr/bin
configure:5244: $? = 0
configure:5233: gcc -V >&5
clang: error: argument to '-V' is missing (expected 1 value)
clang: error: no input files
configure:5244: $? = 1
configure:5233: gcc -qversion >&5
clang: error: unknown argument: '-qversion'
clang: error: no input files
configure:5244: $? = 1
configure:5248: checking whether we are using the GNU C compiler
configure:5276: result: yes
configure:5285: checking whether gcc accepts -g
configure:5346: result: yes
configure:5363: checking for gcc option to accept ISO C89
configure:5439: result: none needed
configure:5464: checking whether gcc understands -c and -o together
configure:5501: result: yes
configure:5520: checking dependency style of gcc
configure:5631: result: gcc3
configure:5648: checking whether gcc needs -traditional
conftest.c:26:10: fatal error: 'termio.h' file not found
#include <termio.h>
         ^~~~~~~~~~
1 error generated.
configure:5682: result: no
configure:5747: checking for g++
configure:5763: found /usr/bin/g++
configure:5774: result: g++
configure:5801: checking for C++ compiler version
configure:5810: g++ --version >&5
Apple LLVM version 9.1.0 (clang-902.0.39.1)
Target: x86_64-apple-darwin17.5.0
Thread model: posix
InstalledDir: /Applications/Xcode.app/Contents/Developer/Toolchains/XcodeDefault.xctoolchain/usr/bin
Configured with: --prefix=/Applications/Xcode.app/Contents/Developer/usr --with-gxx-include-dir=/usr/include/c++/4.2.1
configure:5821: $? = 0
configure:5810: g++ -v >&5
Configured with: --prefix=/Applications/Xcode.app/Contents/Developer/usr --with-gxx-include-dir=/usr/include/c++/4.2.1
Apple LLVM version 9.1.0 (clang-902.0.39.1)
Target: x86_64-apple-darwin17.5.0
Thread model: posix
InstalledDir: /Applications/Xcode.app/Contents/Developer/Toolchains/XcodeDefault.xctoolchain/usr/bin
configure:5821: $? = 0
configure:5810: g++ -V >&5
clang: error: argument to '-V' is missing (expected 1 value)
clang: error: no input files
configure:5821: $? = 1
configure:5810: g++ -qversion >&5
clang: error: unknown argument: '-qversion'
clang: error: no input files
configure:5821: $? = 1
configure:5825: checking whether we are using the GNU C++ compiler
configure:5844: g++ -c   conftest.cpp >&5
configure:5844: $? = 0
configure:5853: result: yes
configure:5862: checking whether g++ accepts -g
configure:5882: g++ -c -g  conftest.cpp >&5
configure:5882: $? = 0
configure:5923: result: yes
configure:5948: checking dependency style of g++
configure:6059: result: gcc3
configure:6424: checking how to print strings
configure:6451: result: printf
configure:6472: checking for a sed that does not truncate output
configure:6536: result: /usr/local/bin/sed
configure:6554: checking for fgrep
configure:6616: result: /usr/local/bin/grep -F
configure:6651: checking for ld used by gcc
configure:6718: result: /Applications/Xcode.app/Contents/Developer/Toolchains/XcodeDefault.xctoolchain/usr/bin/ld
configure:6725: checking if the linker (/Applications/Xcode.app/Contents/Developer/Toolchains/XcodeDefault.xctoolchain/usr/bin/ld) is GNU ld
configure:6740: result: no
configure:6752: checking for BSD- or MS-compatible name lister (nm)
configure:6806: result: /usr/bin/nm -B
configure:6936: checking the name lister (/usr/bin/nm -B) interface
configure:6943: gcc -c -g -O2  conftest.c >&5
configure:6946: /usr/bin/nm -B "conftest.o"
configure:6949: output
00000000000001dc S _some_variable
configure:6956: result: BSD nm
configure:6959: checking whether ln -s works
configure:6963: result: yes
configure:6971: checking the maximum length of command line arguments
configure:7102: result: 196608
configure:7150: checking how to convert i386-apple-darwin17.5.0 file names to i386-apple-darwin17.5.0 format
configure:7190: result: func_convert_file_noop
configure:7197: checking how to convert i386-apple-darwin17.5.0 file names to toolchain format
configure:7217: result: func_convert_file_noop
configure:7224: checking for /Applications/Xcode.app/Contents/Developer/Toolchains/XcodeDefault.xctoolchain/usr/bin/ld option to reload object files
configure:7231: result: -r
configure:7305: checking for objdump
configure:7332: result: objdump
configure:7361: checking how to recognize dependent libraries
configure:7561: result: pass_all
configure:7646: checking for dlltool
configure:7673: result: dlltool
configure:7703: checking how to associate runtime and link libraries
configure:7730: result: printf %s\n
configure:7790: checking for ar
configure:7806: found /usr/bin/ar
configure:7817: result: ar
configure:7854: checking for archiver @FILE support
configure:7871: gcc -c -g -O2  conftest.c >&5
configure:7871: $? = 0
configure:7874: ar cru libconftest.a @conftest.lst >&5
ar: @conftest.lst: No such file or directory
configure:7877: $? = 1
configure:7897: result: no
configure:7955: checking for strip
configure:7971: found /usr/bin/strip
configure:7982: result: strip
configure:8054: checking for ranlib
configure:8070: found /usr/bin/ranlib
configure:8081: result: ranlib
configure:8183: checking command to parse /usr/bin/nm -B output from gcc object
configure:8336: gcc -c -g -O2  conftest.c >&5
configure:8339: $? = 0
configure:8343: /usr/bin/nm -B conftest.o \| sed -n -e 's/^.*[ ]\([BCDEGRST][BCDEGRST]*\)[ ][ ]*\([_A-Za-z][_A-Za-z0-9]*\)$/\1 \2 \2/p' | sed '/ __gnu_lto/d' \> conftest.nm
configure:8346: $? = 0
cannot find nm_test_var in conftest.nm
configure:8336: gcc -c -g -O2  conftest.c >&5
configure:8339: $? = 0
configure:8343: /usr/bin/nm -B conftest.o \| sed -n -e 's/^.*[ ]\([BCDEGRST][BCDEGRST]*\)[ ][ ]*_\([_A-Za-z][_A-Za-z0-9]*\)$/\1 _\2 \2/p' | sed '/ __gnu_lto/d' \> conftest.nm
configure:8346: $? = 0
configure:8412: gcc -o conftest -g -O2   conftest.c conftstm.o >&5
warning: (x86_64)  could not find object file symbol for symbol _main
configure:8415: $? = 0
configure:8453: result: ok
configure:8500: checking for sysroot
configure:8530: result: no
configure:8537: checking for a working dd
configure:8575: result: /usr/local/opt/coreutils/libexec/gnubin/dd
configure:8579: checking how to truncate binary pipes
configure:8594: result: /usr/local/opt/coreutils/libexec/gnubin/dd bs=4096 count=1
configure:8923: checking for mt
configure:8953: result: no
configure:8973: checking if : is a manifest tool
configure:8979: : '-?'
configure:8987: result: no
configure:9043: checking for dsymutil
configure:9059: found /usr/bin/dsymutil
configure:9070: result: dsymutil
configure:9135: checking for nmedit
configure:9151: found /usr/bin/nmedit
configure:9162: result: nmedit
configure:9227: checking for lipo
configure:9243: found /usr/bin/lipo
configure:9254: result: lipo
configure:9319: checking for otool
configure:9335: found /usr/bin/otool
configure:9346: result: otool
configure:9411: checking for otool64
configure:9441: result: no
configure:9486: checking for -single_module linker flag
gcc -g -O2  -o libconftest.dylib -dynamiclib -Wl,-single_module conftest.c
configure:9519: result: yes
configure:9522: checking for -exported_symbols_list linker flag
configure:9542: gcc -o conftest -g -O2   -Wl,-exported_symbols_list,conftest.sym conftest.c  >&5
configure:9542: $? = 0
configure:9552: result: yes
configure:9555: checking for -force_load linker flag
gcc -g -O2 -c -o conftest.o conftest.c
ar cru libconftest.a conftest.o
ranlib libconftest.a
gcc -g -O2  -o conftest conftest.c -Wl,-force_load,./libconftest.a
configure:9587: result: yes
configure:9661: checking for dlfcn.h
configure:9661: gcc -c -g -O2  conftest.c >&5
configure:9661: $? = 0
configure:9661: result: yes
configure:9926: checking for objdir
configure:9941: result: .libs
configure:10201: checking if gcc supports -fno-rtti -fno-exceptions
configure:10219: gcc -c -g -O2  -fno-rtti -fno-exceptions conftest.c >&5
configure:10223: $? = 0
configure:10236: result: yes
configure:10594: checking for gcc option to produce PIC
configure:10601: result: -fno-common -DPIC
configure:10609: checking if gcc PIC flag -fno-common -DPIC works
configure:10627: gcc -c -g -O2  -fno-common -DPIC -DPIC conftest.c >&5
configure:10631: $? = 0
configure:10644: result: yes
configure:10673: checking if gcc static flag -static works
configure:10701: result: no
configure:10716: checking if gcc supports -c -o file.o
configure:10737: gcc -c -g -O2  -o out/conftest2.o conftest.c >&5
configure:10741: $? = 0
configure:10763: result: yes
configure:10771: checking if gcc supports -c -o file.o
configure:10818: result: yes
configure:10851: checking whether the gcc linker (/Applications/Xcode.app/Contents/Developer/Toolchains/XcodeDefault.xctoolchain/usr/bin/ld) supports shared libraries
configure:12110: result: yes
configure:12350: checking dynamic linker characteristics
configure:13168: result: darwin17.5.0 dyld
configure:13290: checking how to hardcode library paths into programs
configure:13315: result: immediate
configure:13863: checking whether stripping libraries is possible
configure:13877: result: yes
configure:13903: checking if libtool supports shared libraries
configure:13905: result: yes
configure:13908: checking whether to build shared libraries
configure:13933: result: yes
configure:13936: checking whether to build static libraries
configure:13940: result: yes
configure:13963: checking how to run the C++ preprocessor
configure:13990: g++ -E  conftest.cpp
configure:13990: $? = 0
configure:14004: g++ -E  conftest.cpp
conftest.cpp:28:10: fatal error: 'ac_nonexistent.h' file not found
#include <ac_nonexistent.h>
         ^~~~~~~~~~~~~~~~~~
1 error generated.
configure:14004: $? = 1
configure: failed program was:
| /* confdefs.h */
| #define PACKAGE_NAME "iaxclient"
| #define PACKAGE_TARNAME "iaxclient"
| #define PACKAGE_VERSION "2.1beta3"
| #define PACKAGE_STRING "iaxclient 2.1beta3"
| #define PACKAGE_BUGREPORT "iaxclient-devel@lists.sourceforge.net"
| #define PACKAGE_URL ""
| #define PACKAGE "iaxclient"
| #define VERSION "2.1beta3"
| #define STDC_HEADERS 1
| #define HAVE_SYS_TYPES_H 1
| #define HAVE_SYS_STAT_H 1
| #define HAVE_STDLIB_H 1
| #define HAVE_STRING_H 1
| #define HAVE_MEMORY_H 1
| #define HAVE_STRINGS_H 1
| #define HAVE_INTTYPES_H 1
| #define HAVE_STDINT_H 1
| #define HAVE_UNISTD_H 1
| #define __EXTENSIONS__ 1
| #define _ALL_SOURCE 1
| #define _GNU_SOURCE 1
| #define _POSIX_PTHREAD_SEMANTICS 1
| #define _TANDEM_SOURCE 1
| #define HAVE_DLFCN_H 1
| #define LT_OBJDIR ".libs/"
| /* end confdefs.h.  */
| #include <ac_nonexistent.h>
configure:14029: result: g++ -E
configure:14049: g++ -E  conftest.cpp
configure:14049: $? = 0
configure:14063: g++ -E  conftest.cpp
conftest.cpp:28:10: fatal error: 'ac_nonexistent.h' file not found
#include <ac_nonexistent.h>
         ^~~~~~~~~~~~~~~~~~
1 error generated.
configure:14063: $? = 1
configure: failed program was:
| /* confdefs.h */
| #define PACKAGE_NAME "iaxclient"
| #define PACKAGE_TARNAME "iaxclient"
| #define PACKAGE_VERSION "2.1beta3"
| #define PACKAGE_STRING "iaxclient 2.1beta3"
| #define PACKAGE_BUGREPORT "iaxclient-devel@lists.sourceforge.net"
| #define PACKAGE_URL ""
| #define PACKAGE "iaxclient"
| #define VERSION "2.1beta3"
| #define STDC_HEADERS 1
| #define HAVE_SYS_TYPES_H 1
| #define HAVE_SYS_STAT_H 1
| #define HAVE_STDLIB_H 1
| #define HAVE_STRING_H 1
| #define HAVE_MEMORY_H 1
| #define HAVE_STRINGS_H 1
| #define HAVE_INTTYPES_H 1
| #define HAVE_STDINT_H 1
| #define HAVE_UNISTD_H 1
| #define __EXTENSIONS__ 1
| #define _ALL_SOURCE 1
| #define _GNU_SOURCE 1
| #define _POSIX_PTHREAD_SEMANTICS 1
| #define _TANDEM_SOURCE 1
| #define HAVE_DLFCN_H 1
| #define LT_OBJDIR ".libs/"
| /* end confdefs.h.  */
| #include <ac_nonexistent.h>
configure:14225: checking for ld used by g++
configure:14292: result: /Applications/Xcode.app/Contents/Developer/Toolchains/XcodeDefault.xctoolchain/usr/bin/ld
configure:14299: checking if the linker (/Applications/Xcode.app/Contents/Developer/Toolchains/XcodeDefault.xctoolchain/usr/bin/ld) is GNU ld
configure:14314: result: no
configure:14369: checking whether the g++ linker (/Applications/Xcode.app/Contents/Developer/Toolchains/XcodeDefault.xctoolchain/usr/bin/ld) supports shared libraries
configure:15442: result: yes
configure:15478: g++ -c -g -O2  conftest.cpp >&5
configure:15481: $? = 0
configure:15962: checking for g++ option to produce PIC
configure:15969: result: -fno-common -DPIC
configure:15977: checking if g++ PIC flag -fno-common -DPIC works
configure:15995: g++ -c -g -O2  -fno-common -DPIC -DPIC conftest.cpp >&5
configure:15999: $? = 0
configure:16012: result: yes
configure:16035: checking if g++ static flag -static works
configure:16063: result: no
configure:16075: checking if g++ supports -c -o file.o
configure:16096: g++ -c -g -O2  -o out/conftest2.o conftest.cpp >&5
configure:16100: $? = 0
configure:16122: result: yes
configure:16127: checking if g++ supports -c -o file.o
configure:16174: result: yes
configure:16204: checking whether the g++ linker (/Applications/Xcode.app/Contents/Developer/Toolchains/XcodeDefault.xctoolchain/usr/bin/ld) supports shared libraries
configure:16244: result: yes
configure:16385: checking dynamic linker characteristics
configure:17130: result: darwin17.5.0 dyld
configure:17195: checking how to hardcode library paths into programs
configure:17220: result: immediate
configure:17282: checking for ANSI C header files
configure:17386: result: yes
configure:17394: checking for stdbool.h that conforms to C99
configure:17461: gcc -c -g -O2  conftest.c >&5
conftest.c:78:24: warning: address of 's' will always evaluate to 'true' [-Wpointer-bool-conversion]
             bool e = &s;
                  ~    ^
conftest.c:82:23: warning: address of array 'a' will always evaluate to 'true' [-Wpointer-bool-conversion]
             return (!a + !b + !c + !d + !e + !f + !g + !h + !i + !!j + !k + !!l
                     ~^
conftest.c:82:28: warning: address of array 'b' will always evaluate to 'true' [-Wpointer-bool-conversion]
             return (!a + !b + !c + !d + !e + !f + !g + !h + !i + !!j + !k + !!l
                          ~^
conftest.c:82:33: warning: address of array 'c' will always evaluate to 'true' [-Wpointer-bool-conversion]
             return (!a + !b + !c + !d + !e + !f + !g + !h + !i + !!j + !k + !!l
                               ~^
conftest.c:82:38: warning: address of array 'd' will always evaluate to 'true' [-Wpointer-bool-conversion]
             return (!a + !b + !c + !d + !e + !f + !g + !h + !i + !!j + !k + !!l
                                    ~^
conftest.c:82:48: warning: address of array 'f' will always evaluate to 'true' [-Wpointer-bool-conversion]
             return (!a + !b + !c + !d + !e + !f + !g + !h + !i + !!j + !k + !!l
                                              ~^
conftest.c:82:53: warning: address of array 'g' will always evaluate to 'true' [-Wpointer-bool-conversion]
             return (!a + !b + !c + !d + !e + !f + !g + !h + !i + !!j + !k + !!l
                                                   ~^
conftest.c:82:58: warning: address of array 'h' will always evaluate to 'true' [-Wpointer-bool-conversion]
             return (!a + !b + !c + !d + !e + !f + !g + !h + !i + !!j + !k + !!l
                                                        ~^
conftest.c:82:63: warning: address of array 'i' will always evaluate to 'true' [-Wpointer-bool-conversion]
             return (!a + !b + !c + !d + !e + !f + !g + !h + !i + !!j + !k + !!l
                                                             ~^
conftest.c:83:30: warning: address of array 'n' will always evaluate to 'true' [-Wpointer-bool-conversion]
                            ~^
conftest.c:83:35: warning: address of array 'o' will always evaluate to 'true' [-Wpointer-bool-conversion]
                                 ~^
conftest.c:83:40: warning: address of array 'p' will always evaluate to 'true' [-Wpointer-bool-conversion]
                                      ~^
12 warnings generated.
configure:17461: $? = 0
configure:17468: result: yes
configure:17470: checking for _Bool
configure:17470: gcc -c -g -O2  conftest.c >&5
configure:17470: $? = 0
configure:17470: gcc -c -g -O2  conftest.c >&5
conftest.c:65:20: error: expected expression
if (sizeof ((_Bool)))
                   ^
1 error generated.
configure:17470: $? = 1
configure: failed program was:
| /* confdefs.h */
| #define PACKAGE_NAME "iaxclient"
| #define PACKAGE_TARNAME "iaxclient"
| #define PACKAGE_VERSION "2.1beta3"
| #define PACKAGE_STRING "iaxclient 2.1beta3"
| #define PACKAGE_BUGREPORT "iaxclient-devel@lists.sourceforge.net"
| #define PACKAGE_URL ""
| #define PACKAGE "iaxclient"
| #define VERSION "2.1beta3"
| #define STDC_HEADERS 1
| #define HAVE_SYS_TYPES_H 1
| #define HAVE_SYS_STAT_H 1
| #define HAVE_STDLIB_H 1
| #define HAVE_STRING_H 1
| #define HAVE_MEMORY_H 1
| #define HAVE_STRINGS_H 1
| #define HAVE_INTTYPES_H 1
| #define HAVE_STDINT_H 1
| #define HAVE_UNISTD_H 1
| #define __EXTENSIONS__ 1
| #define _ALL_SOURCE 1
| #define _GNU_SOURCE 1
| #define _POSIX_PTHREAD_SEMANTICS 1
| #define _TANDEM_SOURCE 1
| #define HAVE_DLFCN_H 1
| #define LT_OBJDIR ".libs/"
| #define STDC_HEADERS 1
| /* end confdefs.h.  */
| #include <stdio.h>
| #ifdef HAVE_SYS_TYPES_H
| # include <sys/types.h>
| #endif
| #ifdef HAVE_SYS_STAT_H
| # include <sys/stat.h>
| #endif
| #ifdef STDC_HEADERS
| # include <stdlib.h>
| # include <stddef.h>
| #else
| # ifdef HAVE_STDLIB_H
| #  include <stdlib.h>
| # endif
| #endif
| #ifdef HAVE_STRING_H
| # if !defined STDC_HEADERS && defined HAVE_MEMORY_H
| #  include <memory.h>
| # endif
| # include <string.h>
| #endif
| #ifdef HAVE_STRINGS_H
| # include <strings.h>
| #endif
| #ifdef HAVE_INTTYPES_H
| # include <inttypes.h>
| #endif
| #ifdef HAVE_STDINT_H
| # include <stdint.h>
| #endif
| #ifdef HAVE_UNISTD_H
| # include <unistd.h>
| #endif
| int
| main ()
| {
| if (sizeof ((_Bool)))
| 	    return 0;
|   ;
|   return 0;
| }
configure:17470: result: yes
configure:17487: checking whether time.h and sys/time.h may both be included
configure:17507: gcc -c -g -O2  conftest.c >&5
configure:17507: $? = 0
configure:17514: result: yes
configure:17525: checking sys/time.h usability
configure:17525: gcc -c -g -O2  conftest.c >&5
configure:17525: $? = 0
configure:17525: result: yes
configure:17525: checking sys/time.h presence
configure:17525: gcc -E  conftest.c
configure:17525: $? = 0
configure:17525: result: yes
configure:17525: checking for sys/time.h
configure:17525: result: yes
configure:17525: checking varargs.h usability
configure:17525: gcc -c -g -O2  conftest.c >&5
In file included from conftest.c:66:
/Applications/Xcode.app/Contents/Developer/Toolchains/XcodeDefault.xctoolchain/usr/lib/clang/9.1.0/include/varargs.h:25:4: error: "Please use <stdarg.h> instead of <varargs.h>"
  #error "Please use <stdarg.h> instead of <varargs.h>"
   ^
1 error generated.
configure:17525: $? = 1
configure: failed program was:
| /* confdefs.h */
| #define PACKAGE_NAME "iaxclient"
| #define PACKAGE_TARNAME "iaxclient"
| #define PACKAGE_VERSION "2.1beta3"
| #define PACKAGE_STRING "iaxclient 2.1beta3"
| #define PACKAGE_BUGREPORT "iaxclient-devel@lists.sourceforge.net"
| #define PACKAGE_URL ""
| #define PACKAGE "iaxclient"
| #define VERSION "2.1beta3"
| #define STDC_HEADERS 1
| #define HAVE_SYS_TYPES_H 1
| #define HAVE_SYS_STAT_H 1
| #define HAVE_STDLIB_H 1
| #define HAVE_STRING_H 1
| #define HAVE_MEMORY_H 1
| #define HAVE_STRINGS_H 1
| #define HAVE_INTTYPES_H 1
| #define HAVE_STDINT_H 1
| #define HAVE_UNISTD_H 1
| #define __EXTENSIONS__ 1
| #define _ALL_SOURCE 1
| #define _GNU_SOURCE 1
| #define _POSIX_PTHREAD_SEMANTICS 1
| #define _TANDEM_SOURCE 1
| #define HAVE_DLFCN_H 1
| #define LT_OBJDIR ".libs/"
| #define STDC_HEADERS 1
| #define HAVE__BOOL 1
| #define HAVE_STDBOOL_H 1
| #define TIME_WITH_SYS_TIME 1
| #define HAVE_SYS_TIME_H 1
| /* end confdefs.h.  */
| #include <stdio.h>
| #ifdef HAVE_SYS_TYPES_H
| # include <sys/types.h>
| #endif
| #ifdef HAVE_SYS_STAT_H
| # include <sys/stat.h>
| #endif
| #ifdef STDC_HEADERS
| # include <stdlib.h>
| # include <stddef.h>
| #else
| # ifdef HAVE_STDLIB_H
| #  include <stdlib.h>
| # endif
| #endif
| #ifdef HAVE_STRING_H
| # if !defined STDC_HEADERS && defined HAVE_MEMORY_H
| #  include <memory.h>
| # endif
| # include <string.h>
| #endif
| #ifdef HAVE_STRINGS_H
| # include <strings.h>
| #endif
| #ifdef HAVE_INTTYPES_H
| # include <inttypes.h>
| #endif
| #ifdef HAVE_STDINT_H
| # include <stdint.h>
| #endif
| #ifdef HAVE_UNISTD_H
| # include <unistd.h>
| #endif
| #include <varargs.h>
configure:17525: result: no
configure:17525: checking varargs.h presence
configure:17525: gcc -E  conftest.c
In file included from conftest.c:33:
/Applications/Xcode.app/Contents/Developer/Toolchains/XcodeDefault.xctoolchain/usr/lib/clang/9.1.0/include/varargs.h:25:4: error: "Please use <stdarg.h> instead of <varargs.h>"
  #error "Please use <stdarg.h> instead of <varargs.h>"
   ^
1 error generated.
configure:17525: $? = 1
configure: failed program was:
| /* confdefs.h */
| #define PACKAGE_NAME "iaxclient"
| #define PACKAGE_TARNAME "iaxclient"
| #define PACKAGE_VERSION "2.1beta3"
| #define PACKAGE_STRING "iaxclient 2.1beta3"
| #define PACKAGE_BUGREPORT "iaxclient-devel@lists.sourceforge.net"
| #define PACKAGE_URL ""
| #define PACKAGE "iaxclient"
| #define VERSION "2.1beta3"
| #define STDC_HEADERS 1
| #define HAVE_SYS_TYPES_H 1
| #define HAVE_SYS_STAT_H 1
| #define HAVE_STDLIB_H 1
| #define HAVE_STRING_H 1
| #define HAVE_MEMORY_H 1
| #define HAVE_STRINGS_H 1
| #define HAVE_INTTYPES_H 1
| #define HAVE_STDINT_H 1
| #define HAVE_UNISTD_H 1
| #define __EXTENSIONS__ 1
| #define _ALL_SOURCE 1
| #define _GNU_SOURCE 1
| #define _POSIX_PTHREAD_SEMANTICS 1
| #define _TANDEM_SOURCE 1
| #define HAVE_DLFCN_H 1
| #define LT_OBJDIR ".libs/"
| #define STDC_HEADERS 1
| #define HAVE__BOOL 1
| #define HAVE_STDBOOL_H 1
| #define TIME_WITH_SYS_TIME 1
| #define HAVE_SYS_TIME_H 1
| /* end confdefs.h.  */
| #include <varargs.h>
configure:17525: result: no
configure:17525: checking for varargs.h
configure:17525: result: no
configure:17525: checking sys/socket.h usability
configure:17525: gcc -c -g -O2  conftest.c >&5
configure:17525: $? = 0
configure:17525: result: yes
configure:17525: checking sys/socket.h presence
configure:17525: gcc -E  conftest.c
configure:17525: $? = 0
configure:17525: result: yes
configure:17525: checking for sys/socket.h
configure:17525: result: yes
configure:17536: checking for an ANSI C-conforming const
configure:17602: gcc -c -g -O2  conftest.c >&5
configure:17602: $? = 0
configure:17609: result: yes
configure:17617: checking for inline
configure:17633: gcc -c -g -O2  conftest.c >&5
configure:17633: $? = 0
configure:17641: result: inline
configure:17659: checking for working volatile
configure:17678: gcc -c -g -O2  conftest.c >&5
configure:17678: $? = 0
configure:17685: result: yes
configure:17693: checking for pid_t
configure:17693: gcc -c -g -O2  conftest.c >&5
configure:17693: $? = 0
configure:17693: gcc -c -g -O2  conftest.c >&5
conftest.c:70:20: error: expected expression
if (sizeof ((pid_t)))
                   ^
1 error generated.
configure:17693: $? = 1
configure: failed program was:
| /* confdefs.h */
| #define PACKAGE_NAME "iaxclient"
| #define PACKAGE_TARNAME "iaxclient"
| #define PACKAGE_VERSION "2.1beta3"
| #define PACKAGE_STRING "iaxclient 2.1beta3"
| #define PACKAGE_BUGREPORT "iaxclient-devel@lists.sourceforge.net"
| #define PACKAGE_URL ""
| #define PACKAGE "iaxclient"
| #define VERSION "2.1beta3"
| #define STDC_HEADERS 1
| #define HAVE_SYS_TYPES_H 1
| #define HAVE_SYS_STAT_H 1
| #define HAVE_STDLIB_H 1
| #define HAVE_STRING_H 1
| #define HAVE_MEMORY_H 1
| #define HAVE_STRINGS_H 1
| #define HAVE_INTTYPES_H 1
| #define HAVE_STDINT_H 1
| #define HAVE_UNISTD_H 1
| #define __EXTENSIONS__ 1
| #define _ALL_SOURCE 1
| #define _GNU_SOURCE 1
| #define _POSIX_PTHREAD_SEMANTICS 1
| #define _TANDEM_SOURCE 1
| #define HAVE_DLFCN_H 1
| #define LT_OBJDIR ".libs/"
| #define STDC_HEADERS 1
| #define HAVE__BOOL 1
| #define HAVE_STDBOOL_H 1
| #define TIME_WITH_SYS_TIME 1
| #define HAVE_SYS_TIME_H 1
| #define HAVE_SYS_SOCKET_H 1
| /* end confdefs.h.  */
| #include <stdio.h>
| #ifdef HAVE_SYS_TYPES_H
| # include <sys/types.h>
| #endif
| #ifdef HAVE_SYS_STAT_H
| # include <sys/stat.h>
| #endif
| #ifdef STDC_HEADERS
| # include <stdlib.h>
| # include <stddef.h>
| #else
| # ifdef HAVE_STDLIB_H
| #  include <stdlib.h>
| # endif
| #endif
| #ifdef HAVE_STRING_H
| # if !defined STDC_HEADERS && defined HAVE_MEMORY_H
| #  include <memory.h>
| # endif
| # include <string.h>
| #endif
| #ifdef HAVE_STRINGS_H
| # include <strings.h>
| #endif
| #ifdef HAVE_INTTYPES_H
| # include <inttypes.h>
| #endif
| #ifdef HAVE_STDINT_H
| # include <stdint.h>
| #endif
| #ifdef HAVE_UNISTD_H
| # include <unistd.h>
| #endif
| int
| main ()
| {
| if (sizeof ((pid_t)))
| 	    return 0;
|   ;
|   return 0;
| }
configure:17693: result: yes
configure:17704: checking for size_t
configure:17704: gcc -c -g -O2  conftest.c >&5
configure:17704: $? = 0
configure:17704: gcc -c -g -O2  conftest.c >&5
conftest.c:70:21: error: expected expression
if (sizeof ((size_t)))
                    ^
1 error generated.
configure:17704: $? = 1
configure: failed program was:
| /* confdefs.h */
| #define PACKAGE_NAME "iaxclient"
| #define PACKAGE_TARNAME "iaxclient"
| #define PACKAGE_VERSION "2.1beta3"
| #define PACKAGE_STRING "iaxclient 2.1beta3"
| #define PACKAGE_BUGREPORT "iaxclient-devel@lists.sourceforge.net"
| #define PACKAGE_URL ""
| #define PACKAGE "iaxclient"
| #define VERSION "2.1beta3"
| #define STDC_HEADERS 1
| #define HAVE_SYS_TYPES_H 1
| #define HAVE_SYS_STAT_H 1
| #define HAVE_STDLIB_H 1
| #define HAVE_STRING_H 1
| #define HAVE_MEMORY_H 1
| #define HAVE_STRINGS_H 1
| #define HAVE_INTTYPES_H 1
| #define HAVE_STDINT_H 1
| #define HAVE_UNISTD_H 1
| #define __EXTENSIONS__ 1
| #define _ALL_SOURCE 1
| #define _GNU_SOURCE 1
| #define _POSIX_PTHREAD_SEMANTICS 1
| #define _TANDEM_SOURCE 1
| #define HAVE_DLFCN_H 1
| #define LT_OBJDIR ".libs/"
| #define STDC_HEADERS 1
| #define HAVE__BOOL 1
| #define HAVE_STDBOOL_H 1
| #define TIME_WITH_SYS_TIME 1
| #define HAVE_SYS_TIME_H 1
| #define HAVE_SYS_SOCKET_H 1
| /* end confdefs.h.  */
| #include <stdio.h>
| #ifdef HAVE_SYS_TYPES_H
| # include <sys/types.h>
| #endif
| #ifdef HAVE_SYS_STAT_H
| # include <sys/stat.h>
| #endif
| #ifdef STDC_HEADERS
| # include <stdlib.h>
| # include <stddef.h>
| #else
| # ifdef HAVE_STDLIB_H
| #  include <stdlib.h>
| # endif
| #endif
| #ifdef HAVE_STRING_H
| # if !defined STDC_HEADERS && defined HAVE_MEMORY_H
| #  include <memory.h>
| # endif
| # include <string.h>
| #endif
| #ifdef HAVE_STRINGS_H
| # include <strings.h>
| #endif
| #ifdef HAVE_INTTYPES_H
| # include <inttypes.h>
| #endif
| #ifdef HAVE_STDINT_H
| # include <stdint.h>
| #endif
| #ifdef HAVE_UNISTD_H
| # include <unistd.h>
| #endif
| int
| main ()
| {
| if (sizeof ((size_t)))
| 	    return 0;
|   ;
|   return 0;
| }
configure:17704: result: yes
configure:17719: checking for vsnprintf
configure:17719: gcc -o conftest -g -O2   conftest.c  >&5
conftest.c:57:6: warning: incompatible redeclaration of library function 'vsnprintf' [-Wincompatible-library-redeclaration]
char vsnprintf ();
     ^
conftest.c:57:6: note: 'vsnprintf' is a builtin with type 'int (char *, unsigned long, const char *, struct __va_list_tag *)'
1 warning generated.
configure:17719: $? = 0
configure:17719: result: yes
configure:17719: checking for _vsnprintf
configure:17719: gcc -o conftest -g -O2   conftest.c  >&5
Undefined symbols for architecture x86_64:
  "__vsnprintf", referenced from:
      _main in conftest-f361ba.o
ld: symbol(s) not found for architecture x86_64
clang: error: linker command failed with exit code 1 (use -v to see invocation)
configure:17719: $? = 1
configure: failed program was:
| /* confdefs.h */
| #define PACKAGE_NAME "iaxclient"
| #define PACKAGE_TARNAME "iaxclient"
| #define PACKAGE_VERSION "2.1beta3"
| #define PACKAGE_STRING "iaxclient 2.1beta3"
| #define PACKAGE_BUGREPORT "iaxclient-devel@lists.sourceforge.net"
| #define PACKAGE_URL ""
| #define PACKAGE "iaxclient"
| #define VERSION "2.1beta3"
| #define STDC_HEADERS 1
| #define HAVE_SYS_TYPES_H 1
| #define HAVE_SYS_STAT_H 1
| #define HAVE_STDLIB_H 1
| #define HAVE_STRING_H 1
| #define HAVE_MEMORY_H 1
| #define HAVE_STRINGS_H 1
| #define HAVE_INTTYPES_H 1
| #define HAVE_STDINT_H 1
| #define HAVE_UNISTD_H 1
| #define __EXTENSIONS__ 1
| #define _ALL_SOURCE 1
| #define _GNU_SOURCE 1
| #define _POSIX_PTHREAD_SEMANTICS 1
| #define _TANDEM_SOURCE 1
| #define HAVE_DLFCN_H 1
| #define LT_OBJDIR ".libs/"
| #define STDC_HEADERS 1
| #define HAVE__BOOL 1
| #define HAVE_STDBOOL_H 1
| #define TIME_WITH_SYS_TIME 1
| #define HAVE_SYS_TIME_H 1
| #define HAVE_SYS_SOCKET_H 1
| #define HAVE_VSNPRINTF 1
| /* end confdefs.h.  */
| /* Define _vsnprintf to an innocuous variant, in case <limits.h> declares _vsnprintf.
|    For example, HP-UX 11i <limits.h> declares gettimeofday.  */
| #define _vsnprintf innocuous__vsnprintf
| 
| /* System header to define __stub macros and hopefully few prototypes,
|     which can conflict with char _vsnprintf (); below.
|     Prefer <limits.h> to <assert.h> if __STDC__ is defined, since
|     <limits.h> exists even on freestanding compilers.  */
| 
| #ifdef __STDC__
| # include <limits.h>
| #else
| # include <assert.h>
| #endif
| 
| #undef _vsnprintf
| 
| /* Override any GCC internal prototype to avoid an error.
|    Use char because int might match the return type of a GCC
|    builtin and then its argument prototype would still apply.  */
| #ifdef __cplusplus
| extern "C"
| #endif
| char _vsnprintf ();
| /* The GNU C library defines this for functions which it implements
|     to always fail with ENOSYS.  Some functions are actually named
|     something starting with __ and the normal name is an alias.  */
| #if defined __stub__vsnprintf || defined __stub____vsnprintf
| choke me
| #endif
| 
| int
| main ()
| {
| return _vsnprintf ();
|   ;
|   return 0;
| }
configure:17719: result: no
configure:17731: checking for srandomdev
configure:17731: gcc -o conftest -g -O2   conftest.c  >&5
configure:17731: $? = 0
configure:17731: result: yes
configure:17731: checking for srandom
configure:17731: gcc -o conftest -g -O2   conftest.c  >&5
configure:17731: $? = 0
configure:17731: result: yes
configure:17731: checking for srand48
configure:17731: gcc -o conftest -g -O2   conftest.c  >&5
configure:17731: $? = 0
configure:17731: result: yes
configure:17731: checking for random
configure:17731: gcc -o conftest -g -O2   conftest.c  >&5
configure:17731: $? = 0
configure:17731: result: yes
configure:17731: checking for lrand48
configure:17731: gcc -o conftest -g -O2   conftest.c  >&5
configure:17731: $? = 0
configure:17731: result: yes
configure:17742: checking for gettimeofday
configure:17742: gcc -o conftest -g -O2   conftest.c  >&5
configure:17742: $? = 0
configure:17742: result: yes
configure:17917: checking for the pthreads library -lpthreads
configure:17950: gcc -o conftest -g -O2    conftest.c -lpthreads  >&5
conftest.c:46:41: warning: null passed to a callee that requires a non-null argument [-Wnonnull]
                     pthread_attr_init(0); pthread_cleanup_push(0, 0);
                                       ~^
conftest.c:47:44: warning: null passed to a callee that requires a non-null argument [-Wnonnull]
                     pthread_create(0,0,0,0); pthread_cleanup_pop(0);
                                    ~      ^
conftest.c:47:44: warning: null passed to a callee that requires a non-null argument [-Wnonnull]
                     pthread_create(0,0,0,0); pthread_cleanup_pop(0);
                                        ~  ^
3 warnings generated.
ld: library not found for -lpthreads
clang: error: linker command failed with exit code 1 (use -v to see invocation)
configure:17950: $? = 1
configure: failed program was:
| /* confdefs.h */
| #define PACKAGE_NAME "iaxclient"
| #define PACKAGE_TARNAME "iaxclient"
| #define PACKAGE_VERSION "2.1beta3"
| #define PACKAGE_STRING "iaxclient 2.1beta3"
| #define PACKAGE_BUGREPORT "iaxclient-devel@lists.sourceforge.net"
| #define PACKAGE_URL ""
| #define PACKAGE "iaxclient"
| #define VERSION "2.1beta3"
| #define STDC_HEADERS 1
| #define HAVE_SYS_TYPES_H 1
| #define HAVE_SYS_STAT_H 1
| #define HAVE_STDLIB_H 1
| #define HAVE_STRING_H 1
| #define HAVE_MEMORY_H 1
| #define HAVE_STRINGS_H 1
| #define HAVE_INTTYPES_H 1
| #define HAVE_STDINT_H 1
| #define HAVE_UNISTD_H 1
| #define __EXTENSIONS__ 1
| #define _ALL_SOURCE 1
| #define _GNU_SOURCE 1
| #define _POSIX_PTHREAD_SEMANTICS 1
| #define _TANDEM_SOURCE 1
| #define HAVE_DLFCN_H 1
| #define LT_OBJDIR ".libs/"
| #define STDC_HEADERS 1
| #define HAVE__BOOL 1
| #define HAVE_STDBOOL_H 1
| #define TIME_WITH_SYS_TIME 1
| #define HAVE_SYS_TIME_H 1
| #define HAVE_SYS_SOCKET_H 1
| #define HAVE_VSNPRINTF 1
| #define HAVE_SRANDOMDEV 1
| #define HAVE_SRANDOM 1
| #define HAVE_SRAND48 1
| #define HAVE_RANDOM 1
| #define HAVE_LRAND48 1
| #define HAVE_GETTIMEOFDAY 1
| /* end confdefs.h.  */
| #include <pthread.h>
| int
| main ()
| {
| pthread_t th; pthread_join(th, 0);
|                      pthread_attr_init(0); pthread_cleanup_push(0, 0);
|                      pthread_create(0,0,0,0); pthread_cleanup_pop(0);
|   ;
|   return 0;
| }
configure:17959: result: no
configure:17862: checking whether pthreads work without any flags
configure:17950: gcc -o conftest -g -O2    conftest.c   >&5
conftest.c:46:41: warning: null passed to a callee that requires a non-null argument [-Wnonnull]
                     pthread_attr_init(0); pthread_cleanup_push(0, 0);
                                       ~^
conftest.c:47:44: warning: null passed to a callee that requires a non-null argument [-Wnonnull]
                     pthread_create(0,0,0,0); pthread_cleanup_pop(0);
                                    ~      ^
conftest.c:47:44: warning: null passed to a callee that requires a non-null argument [-Wnonnull]
                     pthread_create(0,0,0,0); pthread_cleanup_pop(0);
                                        ~  ^
3 warnings generated.
configure:17950: $? = 0
configure:17959: result: yes
configure:17978: checking for joinable pthread attribute
configure:17993: gcc -o conftest -g -O2    conftest.c   >&5
configure:17993: $? = 0
configure:17999: result: PTHREAD_CREATE_JOINABLE
configure:18009: checking if more special flags are required for pthreads
configure:18016: result: -D_THREAD_SAFE
configure:18079: checking whether to check for GCC pthread/shared inconsistencies
configure:18086: result: no
configure:18256: checking for pkg-config
configure:18272: found /usr/local/bin/pkg-config
configure:18284: result: yes
configure:18351: checking for pkg-config
configure:18369: found /usr/local/bin/pkg-config
configure:18381: result: /usr/local/bin/pkg-config
configure:18406: checking pkg-config is at least version 0.9.0
configure:18409: result: yes
configure:18420: checking for wish
configure:18438: found /usr/bin/wish
configure:18450: result: /usr/bin/wish
configure:18572: checking for iLBC reference sources in lib/iLBC
configure:18579: result: no
configure:18618: checking for portaudio-2.0 >= 19
configure:18625: $PKG_CONFIG --exists --print-errors "portaudio-2.0 >= 19"
configure:18628: $? = 0
configure:18642: $PKG_CONFIG --exists --print-errors "portaudio-2.0 >= 19"
configure:18645: $? = 0
configure:18691: result: yes
configure:18698: checking for speex >= 1.2
configure:18705: $PKG_CONFIG --exists --print-errors "speex >= 1.2"
configure:18708: $? = 0
configure:18722: $PKG_CONFIG --exists --print-errors "speex >= 1.2"
configure:18725: $? = 0
configure:18771: result: yes
configure:18778: checking for speexdsp >= 1.2
configure:18785: $PKG_CONFIG --exists --print-errors "speexdsp >= 1.2"
configure:18788: $? = 0
configure:18802: $PKG_CONFIG --exists --print-errors "speexdsp >= 1.2"
configure:18805: $? = 0
configure:18851: result: yes
configure:18858: checking for sdl >= 1.2
configure:18865: $PKG_CONFIG --exists --print-errors "sdl >= 1.2"
configure:18868: $? = 0
configure:18882: $PKG_CONFIG --exists --print-errors "sdl >= 1.2"
configure:18885: $? = 0
configure:18923: result: yes
configure:18929: checking for gtk+-2.0 >= 2.0
configure:18936: $PKG_CONFIG --exists --print-errors "gtk+-2.0 >= 2.0"
configure:18939: $? = 0
configure:18953: $PKG_CONFIG --exists --print-errors "gtk+-2.0 >= 2.0"
configure:18956: $? = 0
configure:18994: result: yes
configure:19000: checking for gdk-2.0 >= 2.0.0
configure:19007: $PKG_CONFIG --exists --print-errors "gdk-2.0 >= 2.0.0"
configure:19010: $? = 0
configure:19024: $PKG_CONFIG --exists --print-errors "gdk-2.0 >= 2.0.0"
configure:19027: $? = 0
configure:19065: result: yes
configure:19071: checking for alsa >= 1.0
configure:19078: $PKG_CONFIG --exists --print-errors "alsa >= 1.0"
Package alsa was not found in the pkg-config search path.
Perhaps you should add the directory containing `alsa.pc'
to the PKG_CONFIG_PATH environment variable
No package 'alsa' found
configure:19081: $? = 1
configure:19095: $PKG_CONFIG --exists --print-errors "alsa >= 1.0"
Package alsa was not found in the pkg-config search path.
Perhaps you should add the directory containing `alsa.pc'
to the PKG_CONFIG_PATH environment variable
No package 'alsa' found
configure:19098: $? = 1
configure:19112: result: no
No package 'alsa' found
configure:19142: checking for ogg >= 1.1.3
configure:19149: $PKG_CONFIG --exists --print-errors "ogg >= 1.1.3"
configure:19152: $? = 0
configure:19166: $PKG_CONFIG --exists --print-errors "ogg >= 1.1.3"
configure:19169: $? = 0
configure:19207: result: yes
configure:19213: checking for oggz >= 0.9.5
configure:19220: $PKG_CONFIG --exists --print-errors "oggz >= 0.9.5"
Package oggz was not found in the pkg-config search path.
Perhaps you should add the directory containing `oggz.pc'
to the PKG_CONFIG_PATH environment variable
No package 'oggz' found
configure:19223: $? = 1
configure:19237: $PKG_CONFIG --exists --print-errors "oggz >= 0.9.5"
Package oggz was not found in the pkg-config search path.
Perhaps you should add the directory containing `oggz.pc'
to the PKG_CONFIG_PATH environment variable
No package 'oggz' found
configure:19240: $? = 1
configure:19254: result: no
No package 'oggz' found
configure:19284: checking for theora >= 1.0alpha7
configure:19291: $PKG_CONFIG --exists --print-errors "theora >= 1.0alpha7"
Package theora was not found in the pkg-config search path.
Perhaps you should add the directory containing `theora.pc'
to the PKG_CONFIG_PATH environment variable
No package 'theora' found
configure:19294: $? = 1
configure:19308: $PKG_CONFIG --exists --print-errors "theora >= 1.0alpha7"
Package theora was not found in the pkg-config search path.
Perhaps you should add the directory containing `theora.pc'
to the PKG_CONFIG_PATH environment variable
No package 'theora' found
configure:19311: $? = 1
configure:19325: result: no
No package 'theora' found
configure:19355: checking for vidcap >= 0.1
configure:19362: $PKG_CONFIG --exists --print-errors "vidcap >= 0.1"
Package vidcap was not found in the pkg-config search path.
Perhaps you should add the directory containing `vidcap.pc'
to the PKG_CONFIG_PATH environment variable
No package 'vidcap' found
configure:19365: $? = 1
configure:19379: $PKG_CONFIG --exists --print-errors "vidcap >= 0.1"
Package vidcap was not found in the pkg-config search path.
Perhaps you should add the directory containing `vidcap.pc'
to the PKG_CONFIG_PATH environment variable
No package 'vidcap' found
configure:19382: $? = 1
configure:19396: result: no
No package 'vidcap' found
configure:19426: checking for libavcodec >= 51.40.3
configure:19433: $PKG_CONFIG --exists --print-errors "libavcodec >= 51.40.3"
configure:19436: $? = 0
configure:19450: $PKG_CONFIG --exists --print-errors "libavcodec >= 51.40.3"
configure:19453: $? = 0
configure:19491: result: yes
configure:19560: checking for gsm
configure:19577: gcc -o conftest -g -O2    conftest.c   -lgsm >&5
conftest.c:44:10: fatal error: 'gsm.h' file not found
#include <gsm.h>
         ^~~~~~~
1 error generated.
configure:19577: $? = 1
configure: program exited with status 1
configure: failed program was:
| /* confdefs.h */
| #define PACKAGE_NAME "iaxclient"
| #define PACKAGE_TARNAME "iaxclient"
| #define PACKAGE_VERSION "2.1beta3"
| #define PACKAGE_STRING "iaxclient 2.1beta3"
| #define PACKAGE_BUGREPORT "iaxclient-devel@lists.sourceforge.net"
| #define PACKAGE_URL ""
| #define PACKAGE "iaxclient"
| #define VERSION "2.1beta3"
| #define STDC_HEADERS 1
| #define HAVE_SYS_TYPES_H 1
| #define HAVE_SYS_STAT_H 1
| #define HAVE_STDLIB_H 1
| #define HAVE_STRING_H 1
| #define HAVE_MEMORY_H 1
| #define HAVE_STRINGS_H 1
| #define HAVE_INTTYPES_H 1
| #define HAVE_STDINT_H 1
| #define HAVE_UNISTD_H 1
| #define __EXTENSIONS__ 1
| #define _ALL_SOURCE 1
| #define _GNU_SOURCE 1
| #define _POSIX_PTHREAD_SEMANTICS 1
| #define _TANDEM_SOURCE 1
| #define HAVE_DLFCN_H 1
| #define LT_OBJDIR ".libs/"
| #define STDC_HEADERS 1
| #define HAVE__BOOL 1
| #define HAVE_STDBOOL_H 1
| #define TIME_WITH_SYS_TIME 1
| #define HAVE_SYS_TIME_H 1
| #define HAVE_SYS_SOCKET_H 1
| #define HAVE_VSNPRINTF 1
| #define HAVE_SRANDOMDEV 1
| #define HAVE_SRANDOM 1
| #define HAVE_SRAND48 1
| #define HAVE_RANDOM 1
| #define HAVE_LRAND48 1
| #define HAVE_GETTIMEOFDAY 1
| #define HAVE_PTHREAD 1
| #define MACOSX /**/
| /* end confdefs.h.  */
| 
| #include <gsm.h>
| int main ()
| {
| 	gsm g = gsm_create();
| 	gsm_destroy(g);
| 	return 0;
| }
| 
configure:19595: result: no
configure:19613: gcc -o conftest -g -O2    conftest.c   -lgsm >&5
conftest.c:44:10: fatal error: 'gsm.h' file not found
#include <gsm.h>
         ^~~~~~~
1 error generated.
configure:19613: $? = 1
configure: failed program was:
| /* confdefs.h */
| #define PACKAGE_NAME "iaxclient"
| #define PACKAGE_TARNAME "iaxclient"
| #define PACKAGE_VERSION "2.1beta3"
| #define PACKAGE_STRING "iaxclient 2.1beta3"
| #define PACKAGE_BUGREPORT "iaxclient-devel@lists.sourceforge.net"
| #define PACKAGE_URL ""
| #define PACKAGE "iaxclient"
| #define VERSION "2.1beta3"
| #define STDC_HEADERS 1
| #define HAVE_SYS_TYPES_H 1
| #define HAVE_SYS_STAT_H 1
| #define HAVE_STDLIB_H 1
| #define HAVE_STRING_H 1
| #define HAVE_MEMORY_H 1
| #define HAVE_STRINGS_H 1
| #define HAVE_INTTYPES_H 1
| #define HAVE_STDINT_H 1
| #define HAVE_UNISTD_H 1
| #define __EXTENSIONS__ 1
| #define _ALL_SOURCE 1
| #define _GNU_SOURCE 1
| #define _POSIX_PTHREAD_SEMANTICS 1
| #define _TANDEM_SOURCE 1
| #define HAVE_DLFCN_H 1
| #define LT_OBJDIR ".libs/"
| #define STDC_HEADERS 1
| #define HAVE__BOOL 1
| #define HAVE_STDBOOL_H 1
| #define TIME_WITH_SYS_TIME 1
| #define HAVE_SYS_TIME_H 1
| #define HAVE_SYS_SOCKET_H 1
| #define HAVE_VSNPRINTF 1
| #define HAVE_SRANDOMDEV 1
| #define HAVE_SRANDOM 1
| #define HAVE_SRAND48 1
| #define HAVE_RANDOM 1
| #define HAVE_LRAND48 1
| #define HAVE_GETTIMEOFDAY 1
| #define HAVE_PTHREAD 1
| #define MACOSX /**/
| /* end confdefs.h.  */
| 
| #include <gsm.h>
| 
| int
| main ()
| {
|  return 0;
|   ;
|   return 0;
| }
configure:19679: error: 
         libvidcap is required to build this package!
         please see http://libvidcap.sourceforge.net/ for how to
         obtain a copy.
      

## ---------------- ##
## Cache variables. ##
## ---------------- ##

ac_cv_build=i386-apple-darwin17.5.0
ac_cv_c_compiler_gnu=yes
ac_cv_c_const=yes
ac_cv_c_inline=inline
ac_cv_c_volatile=yes
ac_cv_cxx_compiler_gnu=yes
ac_cv_env_ALSA_CFLAGS_set=
ac_cv_env_ALSA_CFLAGS_value=
ac_cv_env_ALSA_LIBS_set=
ac_cv_env_ALSA_LIBS_value=
ac_cv_env_CCC_set=
ac_cv_env_CCC_value=
ac_cv_env_CC_set=
ac_cv_env_CC_value=
ac_cv_env_CFLAGS_set=
ac_cv_env_CFLAGS_value=
ac_cv_env_CPPFLAGS_set=
ac_cv_env_CPPFLAGS_value=
ac_cv_env_CPP_set=
ac_cv_env_CPP_value=
ac_cv_env_CXXCPP_set=
ac_cv_env_CXXCPP_value=
ac_cv_env_CXXFLAGS_set=
ac_cv_env_CXXFLAGS_value=
ac_cv_env_CXX_set=
ac_cv_env_CXX_value=
ac_cv_env_FFMPEG_CFLAGS_set=
ac_cv_env_FFMPEG_CFLAGS_value=
ac_cv_env_FFMPEG_LIBS_set=
ac_cv_env_FFMPEG_LIBS_value=
ac_cv_env_GDK2_CFLAGS_set=
ac_cv_env_GDK2_CFLAGS_value=
ac_cv_env_GDK2_LIBS_set=
ac_cv_env_GDK2_LIBS_value=
ac_cv_env_GTK_CFLAGS_set=
ac_cv_env_GTK_CFLAGS_value=
ac_cv_env_GTK_LIBS_set=
ac_cv_env_GTK_LIBS_value=
ac_cv_env_LDFLAGS_set=
ac_cv_env_LDFLAGS_value=
ac_cv_env_LIBS_set=
ac_cv_env_LIBS_value=
ac_cv_env_LT_SYS_LIBRARY_PATH_set=
ac_cv_env_LT_SYS_LIBRARY_PATH_value=
ac_cv_env_OGGZ_CFLAGS_set=
ac_cv_env_OGGZ_CFLAGS_value=
ac_cv_env_OGGZ_LIBS_set=
ac_cv_env_OGGZ_LIBS_value=
ac_cv_env_OGG_CFLAGS_set=
ac_cv_env_OGG_CFLAGS_value=
ac_cv_env_OGG_LIBS_set=
ac_cv_env_OGG_LIBS_value=
ac_cv_env_PKG_CONFIG_LIBDIR_set=
ac_cv_env_PKG_CONFIG_LIBDIR_value=
ac_cv_env_PKG_CONFIG_PATH_set=
ac_cv_env_PKG_CONFIG_PATH_value=
ac_cv_env_PKG_CONFIG_set=
ac_cv_env_PKG_CONFIG_value=
ac_cv_env_PORTAUDIO_CFLAGS_set=
ac_cv_env_PORTAUDIO_CFLAGS_value=
ac_cv_env_PORTAUDIO_LIBS_set=
ac_cv_env_PORTAUDIO_LIBS_value=
ac_cv_env_SDL_CFLAGS_set=
ac_cv_env_SDL_CFLAGS_value=
ac_cv_env_SDL_LIBS_set=
ac_cv_env_SDL_LIBS_value=
ac_cv_env_SPEEXDSP_CFLAGS_set=
ac_cv_env_SPEEXDSP_CFLAGS_value=
ac_cv_env_SPEEXDSP_LIBS_set=
ac_cv_env_SPEEXDSP_LIBS_value=
ac_cv_env_SPEEX_CFLAGS_set=
ac_cv_env_SPEEX_CFLAGS_value=
ac_cv_env_SPEEX_LIBS_set=
ac_cv_env_SPEEX_LIBS_value=
ac_cv_env_THEORA_CFLAGS_set=
ac_cv_env_THEORA_CFLAGS_value=
ac_cv_env_THEORA_LIBS_set=
ac_cv_env_THEORA_LIBS_value=
ac_cv_env_VIDCAP_CFLAGS_set=
ac_cv_env_VIDCAP_CFLAGS_value=
ac_cv_env_VIDCAP_LIBS_set=
ac_cv_env_VIDCAP_LIBS_value=
ac_cv_env_WXRC_set=
ac_cv_env_WXRC_value=
ac_cv_env_build_alias_set=
ac_cv_env_build_alias_value=
ac_cv_env_host_alias_set=
ac_cv_env_host_alias_value=
ac_cv_env_target_alias_set=
ac_cv_env_target_alias_value=
ac_cv_func__vsnprintf=no
ac_cv_func_gettimeofday=yes
ac_cv_func_lrand48=yes
ac_cv_func_random=yes
ac_cv_func_srand48=yes
ac_cv_func_srandom=yes
ac_cv_func_srandomdev=yes
ac_cv_func_vsnprintf=yes
ac_cv_header_dlfcn_h=yes
ac_cv_header_inttypes_h=yes
ac_cv_header_memory_h=yes
ac_cv_header_minix_config_h=no
ac_cv_header_stdbool_h=yes
ac_cv_header_stdc=yes
ac_cv_header_stdint_h=yes
ac_cv_header_stdlib_h=yes
ac_cv_header_string_h=yes
ac_cv_header_strings_h=yes
ac_cv_header_sys_socket_h=yes
ac_cv_header_sys_stat_h=yes
ac_cv_header_sys_time_h=yes
ac_cv_header_sys_types_h=yes
ac_cv_header_time=yes
ac_cv_header_unistd_h=yes
ac_cv_header_varargs_h=no
ac_cv_host=i386-apple-darwin17.5.0
ac_cv_objext=o
ac_cv_path_EGREP='/usr/local/bin/grep -E'
ac_cv_path_FGREP='/usr/local/bin/grep -F'
ac_cv_path_GREP=/usr/local/bin/grep
ac_cv_path_SED=/usr/local/bin/sed
ac_cv_path_WISH=/usr/bin/wish
ac_cv_path_ac_pt_PKG_CONFIG=/usr/local/bin/pkg-config
ac_cv_path_install='/usr/local/opt/coreutils/libexec/gnubin/install -c'
ac_cv_path_lt_DD=/usr/local/opt/coreutils/libexec/gnubin/dd
ac_cv_path_mkdir=/usr/local/opt/coreutils/libexec/gnubin/mkdir
ac_cv_prog_AWK=gawk
ac_cv_prog_CPP='gcc -E'
ac_cv_prog_CXXCPP='g++ -E'
ac_cv_prog_ac_ct_AR=ar
ac_cv_prog_ac_ct_CC=gcc
ac_cv_prog_ac_ct_CXX=g++
ac_cv_prog_ac_ct_DLLTOOL=dlltool
ac_cv_prog_ac_ct_DSYMUTIL=dsymutil
ac_cv_prog_ac_ct_LIPO=lipo
ac_cv_prog_ac_ct_NMEDIT=nmedit
ac_cv_prog_ac_ct_OBJDUMP=objdump
ac_cv_prog_ac_ct_OTOOL=otool
ac_cv_prog_ac_ct_RANLIB=ranlib
ac_cv_prog_ac_ct_STRIP=strip
ac_cv_prog_cc_c89=
ac_cv_prog_cc_g=yes
ac_cv_prog_cxx_g=yes
ac_cv_prog_gcc_traditional=no
ac_cv_prog_have_pkg_config=yes
ac_cv_prog_make_make_set=yes
ac_cv_safe_to_define___extensions__=yes
ac_cv_type__Bool=yes
ac_cv_type_pid_t=yes
ac_cv_type_size_t=yes
am_cv_CC_dependencies_compiler_type=gcc3
am_cv_CXX_dependencies_compiler_type=gcc3
am_cv_make_support_nested_variables=yes
am_cv_prog_cc_c_o=yes
lt_cv_apple_cc_single_mod=yes
lt_cv_ar_at_file=no
lt_cv_deplibs_check_method=pass_all
lt_cv_file_magic_cmd='$MAGIC_CMD'
lt_cv_file_magic_test_file=
lt_cv_ld_exported_symbols_list=yes
lt_cv_ld_force_load=yes
lt_cv_ld_reload_flag=-r
lt_cv_nm_interface='BSD nm'
lt_cv_objdir=.libs
lt_cv_path_LD=/Applications/Xcode.app/Contents/Developer/Toolchains/XcodeDefault.xctoolchain/usr/bin/ld
lt_cv_path_LDCXX=/Applications/Xcode.app/Contents/Developer/Toolchains/XcodeDefault.xctoolchain/usr/bin/ld
lt_cv_path_NM='/usr/bin/nm -B'
lt_cv_path_mainfest_tool=no
lt_cv_prog_compiler_c_o=yes
lt_cv_prog_compiler_c_o_CXX=yes
lt_cv_prog_compiler_pic='-fno-common -DPIC'
lt_cv_prog_compiler_pic_CXX='-fno-common -DPIC'
lt_cv_prog_compiler_pic_works=yes
lt_cv_prog_compiler_pic_works_CXX=yes
lt_cv_prog_compiler_rtti_exceptions=yes
lt_cv_prog_compiler_static_works=no
lt_cv_prog_compiler_static_works_CXX=no
lt_cv_prog_gnu_ld=no
lt_cv_prog_gnu_ldcxx=no
lt_cv_sharedlib_from_linklib_cmd='printf %s\n'
lt_cv_sys_global_symbol_pipe='sed -n -e '\''s/^.*[	 ]\([BCDEGRST][BCDEGRST]*\)[	 ][	 ]*_\([_A-Za-z][_A-Za-z0-9]*\)$/\1 _\2 \2/p'\'' | sed '\''/ __gnu_lto/d'\'''
lt_cv_sys_global_symbol_to_c_name_address='sed -n -e '\''s/^: \(.*\) .*$/  {"\1", (void *) 0},/p'\'' -e '\''s/^[BCDEGRST][BCDEGRST]* .* \(.*\)$/  {"\1", (void *) \&\1},/p'\'''
lt_cv_sys_global_symbol_to_c_name_address_lib_prefix='sed -n -e '\''s/^: \(.*\) .*$/  {"\1", (void *) 0},/p'\'' -e '\''s/^[BCDEGRST][BCDEGRST]* .* \(lib.*\)$/  {"\1", (void *) \&\1},/p'\'' -e '\''s/^[BCDEGRST][BCDEGRST]* .* \(.*\)$/  {"lib\1", (void *) \&\1},/p'\'''
lt_cv_sys_global_symbol_to_cdecl='sed -n -e '\''s/^T .* \(.*\)$/extern int \1();/p'\'' -e '\''s/^[BCDEGRST][BCDEGRST]* .* \(.*\)$/extern char \1;/p'\'''
lt_cv_sys_global_symbol_to_import=
lt_cv_sys_max_cmd_len=196608
lt_cv_to_host_file_cmd=func_convert_file_noop
lt_cv_to_tool_file_cmd=func_convert_file_noop
lt_cv_truncate_bin='/usr/local/opt/coreutils/libexec/gnubin/dd bs=4096 count=1'
pkg_cv_FFMPEG_CFLAGS=-I/usr/local/Cellar/ffmpeg/3.4.2/include
pkg_cv_FFMPEG_LIBS='-L/usr/local/Cellar/ffmpeg/3.4.2/lib -lavcodec'
pkg_cv_GDK2_CFLAGS='-D_REENTRANT -I/usr/local/Cellar/gtk+/2.24.32_2/include/gtk-2.0 -I/usr/local/Cellar/gtk+/2.24.32_2/lib/gtk-2.0/include -I/usr/local/Cellar/pango/1.42.0_1/include/pango-1.0 -I/usr/local/Cellar/harfbuzz/1.7.6_2/include/harfbuzz -I/usr/local/Cellar/graphite2/1.3.10/include -I/usr/local/Cellar/pango/1.42.0_1/include/pango-1.0 -I/usr/local/Cellar/cairo/1.14.12/include/cairo -I/usr/local/Cellar/pixman/0.34.0_1/include/pixman-1 -I/usr/local/Cellar/fontconfig/2.12.6/include -I/usr/local/opt/freetype/include/freetype2 -I/usr/local/Cellar/libpng/1.6.34/include/libpng16 -I/usr/local/Cellar/gdk-pixbuf/2.36.11_1/include/gdk-pixbuf-2.0 -I/usr/local/Cellar/libpng/1.6.34/include/libpng16 -I/usr/local/Cellar/glib/2.56.0/include/glib-2.0 -I/usr/local/Cellar/glib/2.56.0/lib/glib-2.0/include -I/usr/local/opt/gettext/include -I/usr/local/Cellar/pcre/8.42/include'
pkg_cv_GDK2_LIBS='-L/usr/local/Cellar/gtk+/2.24.32_2/lib -L/usr/local/Cellar/pango/1.42.0_1/lib -L/usr/local/Cellar/cairo/1.14.12/lib -L/usr/local/Cellar/gdk-pixbuf/2.36.11_1/lib -L/usr/local/Cellar/glib/2.56.0/lib -L/usr/local/opt/gettext/lib -lgdk-quartz-2.0 -lpangocairo-1.0 -lpango-1.0 -lcairo -lgdk_pixbuf-2.0 -lgobject-2.0 -lglib-2.0 -lintl -Wl,-framework -Wl,CoreFoundation'
pkg_cv_GTK_CFLAGS='-D_REENTRANT -I/usr/local/Cellar/gtk+/2.24.32_2/include/gtk-2.0 -I/usr/local/Cellar/gtk+/2.24.32_2/lib/gtk-2.0/include -I/usr/local/Cellar/pango/1.42.0_1/include/pango-1.0 -I/usr/local/Cellar/harfbuzz/1.7.6_2/include/harfbuzz -I/usr/local/Cellar/graphite2/1.3.10/include -I/usr/local/Cellar/pango/1.42.0_1/include/pango-1.0 -I/usr/local/Cellar/atk/2.28.1_2/include/atk-1.0 -I/usr/local/Cellar/cairo/1.14.12/include/cairo -I/usr/local/Cellar/pixman/0.34.0_1/include/pixman-1 -I/usr/local/Cellar/fontconfig/2.12.6/include -I/usr/local/opt/freetype/include/freetype2 -I/usr/local/Cellar/libpng/1.6.34/include/libpng16 -I/usr/local/Cellar/gdk-pixbuf/2.36.11_1/include/gdk-pixbuf-2.0 -I/usr/local/Cellar/libpng/1.6.34/include/libpng16 -I/usr/local/Cellar/glib/2.56.0/include/glib-2.0 -I/usr/local/Cellar/glib/2.56.0/lib/glib-2.0/include -I/usr/local/opt/gettext/include -I/usr/local/Cellar/pcre/8.42/include'
pkg_cv_GTK_LIBS='-L/usr/local/Cellar/gtk+/2.24.32_2/lib -L/usr/local/Cellar/pango/1.42.0_1/lib -L/usr/local/Cellar/atk/2.28.1_2/lib -L/usr/local/Cellar/cairo/1.14.12/lib -L/usr/local/Cellar/gdk-pixbuf/2.36.11_1/lib -L/usr/local/Cellar/glib/2.56.0/lib -L/usr/local/opt/gettext/lib -lgtk-quartz-2.0 -lgdk-quartz-2.0 -lpangocairo-1.0 -lpango-1.0 -latk-1.0 -lcairo -lgdk_pixbuf-2.0 -lgio-2.0 -lgobject-2.0 -lglib-2.0 -lintl -Wl,-framework -Wl,CoreFoundation'
pkg_cv_OGG_CFLAGS=-I/usr/local/Cellar/libogg/1.3.3/include
pkg_cv_OGG_LIBS='-L/usr/local/Cellar/libogg/1.3.3/lib -logg'
pkg_cv_PORTAUDIO_CFLAGS=-I/usr/local/Cellar/portaudio/19.6.0/include
pkg_cv_PORTAUDIO_LIBS='-L/usr/local/Cellar/portaudio/19.6.0/lib -lportaudio -framework CoreAudio -framework AudioToolbox -framework AudioUnit -framework Carbon'
pkg_cv_SDL_CFLAGS='-D_GNU_SOURCE=1 -D_THREAD_SAFE -I/usr/local/include/SDL'
pkg_cv_SDL_LIBS='-L/usr/local/lib -lSDLmain -lSDL -Wl,-framework,Cocoa'
pkg_cv_SPEEXDSP_CFLAGS=-I/usr/local/Cellar/speexdsp/1.2rc3/include
pkg_cv_SPEEXDSP_LIBS='-L/usr/local/Cellar/speexdsp/1.2rc3/lib -lspeexdsp'
pkg_cv_SPEEX_CFLAGS=-I/usr/local/Cellar/speex/1.2.0/include
pkg_cv_SPEEX_LIBS='-L/usr/local/Cellar/speex/1.2.0/lib -lspeex'

## ----------------- ##
## Output variables. ##
## ----------------- ##

ACLOCAL='${SHELL} /Users/charlieporth/Downloads/iaxclient-2.1beta3/missing aclocal-1.16'
ALSA_CFLAGS=''
ALSA_LIBS=''
AMDEPBACKSLASH='\'
AMDEP_FALSE='#'
AMDEP_TRUE=''
AMTAR='$${TAR-tar}'
AM_BACKSLASH='\'
AM_DEFAULT_V='$(AM_DEFAULT_VERBOSITY)'
AM_DEFAULT_VERBOSITY='1'
AM_V='$(V)'
AR='ar'
AS='as'
AUTOCONF='${SHELL} /Users/charlieporth/Downloads/iaxclient-2.1beta3/missing autoconf'
AUTOHEADER='${SHELL} /Users/charlieporth/Downloads/iaxclient-2.1beta3/missing autoheader'
AUTOMAKE='${SHELL} /Users/charlieporth/Downloads/iaxclient-2.1beta3/missing automake-1.16'
AWK='gawk'
CC='gcc'
CCDEPMODE='depmode=gcc3'
CFLAGS='-g -O2'
CLIENTS=''
CPP='gcc -E'
CPPFLAGS=''
CXX='g++'
CXXCPP='g++ -E'
CXXDEPMODE='depmode=gcc3'
CXXFLAGS='-g -O2'
CYGPATH_W='echo'
DEFS=''
DEPDIR='.deps'
DLLTOOL='dlltool'
DSYMUTIL='dsymutil'
DUMPBIN=''
ECHO_C='\c'
ECHO_N=''
ECHO_T=''
EGREP='/usr/local/bin/grep -E'
EXEEXT=''
FFMPEG_CFLAGS='-I/usr/local/Cellar/ffmpeg/3.4.2/include'
FFMPEG_FALSE=''
FFMPEG_LIBS='-L/usr/local/Cellar/ffmpeg/3.4.2/lib -lavcodec'
FFMPEG_TRUE=''
FGREP='/usr/local/bin/grep -F'
GDK2_CFLAGS='-D_REENTRANT -I/usr/local/Cellar/gtk+/2.24.32_2/include/gtk-2.0 -I/usr/local/Cellar/gtk+/2.24.32_2/lib/gtk-2.0/include -I/usr/local/Cellar/pango/1.42.0_1/include/pango-1.0 -I/usr/local/Cellar/harfbuzz/1.7.6_2/include/harfbuzz -I/usr/local/Cellar/graphite2/1.3.10/include -I/usr/local/Cellar/pango/1.42.0_1/include/pango-1.0 -I/usr/local/Cellar/cairo/1.14.12/include/cairo -I/usr/local/Cellar/pixman/0.34.0_1/include/pixman-1 -I/usr/local/Cellar/fontconfig/2.12.6/include -I/usr/local/opt/freetype/include/freetype2 -I/usr/local/Cellar/libpng/1.6.34/include/libpng16 -I/usr/local/Cellar/gdk-pixbuf/2.36.11_1/include/gdk-pixbuf-2.0 -I/usr/local/Cellar/libpng/1.6.34/include/libpng16 -I/usr/local/Cellar/glib/2.56.0/include/glib-2.0 -I/usr/local/Cellar/glib/2.56.0/lib/glib-2.0/include -I/usr/local/opt/gettext/include -I/usr/local/Cellar/pcre/8.42/include'
GDK2_LIBS='-L/usr/local/Cellar/gtk+/2.24.32_2/lib -L/usr/local/Cellar/pango/1.42.0_1/lib -L/usr/local/Cellar/cairo/1.14.12/lib -L/usr/local/Cellar/gdk-pixbuf/2.36.11_1/lib -L/usr/local/Cellar/glib/2.56.0/lib -L/usr/local/opt/gettext/lib -lgdk-quartz-2.0 -lpangocairo-1.0 -lpango-1.0 -lcairo -lgdk_pixbuf-2.0 -lgobject-2.0 -lglib-2.0 -lintl -Wl,-framework -Wl,CoreFoundation'
GREP='/usr/local/bin/grep'
GSM_CFLAGS=''
GSM_LIBS=''
GTK_CFLAGS='-D_REENTRANT -I/usr/local/Cellar/gtk+/2.24.32_2/include/gtk-2.0 -I/usr/local/Cellar/gtk+/2.24.32_2/lib/gtk-2.0/include -I/usr/local/Cellar/pango/1.42.0_1/include/pango-1.0 -I/usr/local/Cellar/harfbuzz/1.7.6_2/include/harfbuzz -I/usr/local/Cellar/graphite2/1.3.10/include -I/usr/local/Cellar/pango/1.42.0_1/include/pango-1.0 -I/usr/local/Cellar/atk/2.28.1_2/include/atk-1.0 -I/usr/local/Cellar/cairo/1.14.12/include/cairo -I/usr/local/Cellar/pixman/0.34.0_1/include/pixman-1 -I/usr/local/Cellar/fontconfig/2.12.6/include -I/usr/local/opt/freetype/include/freetype2 -I/usr/local/Cellar/libpng/1.6.34/include/libpng16 -I/usr/local/Cellar/gdk-pixbuf/2.36.11_1/include/gdk-pixbuf-2.0 -I/usr/local/Cellar/libpng/1.6.34/include/libpng16 -I/usr/local/Cellar/glib/2.56.0/include/glib-2.0 -I/usr/local/Cellar/glib/2.56.0/lib/glib-2.0/include -I/usr/local/opt/gettext/include -I/usr/local/Cellar/pcre/8.42/include'
GTK_LIBS='-L/usr/local/Cellar/gtk+/2.24.32_2/lib -L/usr/local/Cellar/pango/1.42.0_1/lib -L/usr/local/Cellar/atk/2.28.1_2/lib -L/usr/local/Cellar/cairo/1.14.12/lib -L/usr/local/Cellar/gdk-pixbuf/2.36.11_1/lib -L/usr/local/Cellar/glib/2.56.0/lib -L/usr/local/opt/gettext/lib -lgtk-quartz-2.0 -lgdk-quartz-2.0 -lpangocairo-1.0 -lpango-1.0 -latk-1.0 -lcairo -lgdk_pixbuf-2.0 -lgio-2.0 -lgobject-2.0 -lglib-2.0 -lintl -Wl,-framework -Wl,CoreFoundation'
IAX2_CFLAGS=''
IAX2_CONFIG=''
IAX2_LIBS=''
IAXC_LT_AGE='0'
IAXC_LT_CURRENT='1'
IAXC_LT_REVISION='2'
INSTALL_DATA='${INSTALL} -m 644'
INSTALL_PROGRAM='${INSTALL}'
INSTALL_SCRIPT='${INSTALL}'
INSTALL_STRIP_PROGRAM='$(install_sh) -c -s'
LD='/Applications/Xcode.app/Contents/Developer/Toolchains/XcodeDefault.xctoolchain/usr/bin/ld'
LDFLAGS=''
LIBOBJS=''
LIBS=''
LIBTOOL='$(SHELL) $(top_builddir)/libtool'
LINUX_FALSE=''
LINUX_TRUE=''
LIPO='lipo'
LN_S='ln -s'
LTLIBOBJS=''
LT_SYS_LIBRARY_PATH=''
MACOSX_FALSE=''
MACOSX_TRUE=''
MAINT='#'
MAINTAINER_MODE_FALSE=''
MAINTAINER_MODE_TRUE='#'
MAKEINFO='${SHELL} /Users/charlieporth/Downloads/iaxclient-2.1beta3/missing makeinfo'
MANIFEST_TOOL=':'
MKDIR_P='/usr/local/opt/coreutils/libexec/gnubin/mkdir -p'
NM='/usr/bin/nm -B'
NMEDIT='nmedit'
OBJDUMP='objdump'
OBJEXT='o'
OGGZ_CFLAGS=''
OGGZ_LIBS=''
OGG_CFLAGS='-I/usr/local/Cellar/libogg/1.3.3/include'
OGG_FALSE=''
OGG_LIBS='-L/usr/local/Cellar/libogg/1.3.3/lib -logg'
OGG_TRUE=''
OSTYPE='MACOSX'
OTOOL64=':'
OTOOL='otool'
PACKAGE='iaxclient'
PACKAGE_BUGREPORT='iaxclient-devel@lists.sourceforge.net'
PACKAGE_NAME='iaxclient'
PACKAGE_STRING='iaxclient 2.1beta3'
PACKAGE_TARNAME='iaxclient'
PACKAGE_URL=''
PACKAGE_VERSION='2.1beta3'
PATH_SEPARATOR=':'
PKG_CONFIG='/usr/local/bin/pkg-config'
PKG_CONFIG_LIBDIR=''
PKG_CONFIG_PATH=''
PKG_REQUIRES=' ogg'
PORTAUDIO_CFLAGS='-I/usr/local/Cellar/portaudio/19.6.0/include'
PORTAUDIO_LIBS='-L/usr/local/Cellar/portaudio/19.6.0/lib -lportaudio -framework CoreAudio -framework AudioToolbox -framework AudioUnit -framework Carbon'
PTHREAD_CC='gcc'
PTHREAD_CFLAGS='-D_THREAD_SAFE '
PTHREAD_LIBS=''
RANLIB='ranlib'
SDL_CFLAGS='-D_GNU_SOURCE=1 -D_THREAD_SAFE -I/usr/local/include/SDL'
SDL_LIBS='-L/usr/local/lib -lSDLmain -lSDL -Wl,-framework,Cocoa'
SED='/usr/local/bin/sed'
SET_MAKE=''
SHELL='/bin/sh'
SPAN_EC_FALSE=''
SPAN_EC_TRUE=''
SPEEXDSP_CFLAGS='-I/usr/local/Cellar/speexdsp/1.2rc3/include'
SPEEXDSP_LIBS='-L/usr/local/Cellar/speexdsp/1.2rc3/lib -lspeexdsp'
SPEEX_CFLAGS='-I/usr/local/Cellar/speex/1.2.0/include'
SPEEX_LIBS='-L/usr/local/Cellar/speex/1.2.0/lib -lspeex'
STRIP='strip'
THEORA_CFLAGS=''
THEORA_FALSE=''
THEORA_LIBS=''
THEORA_TRUE=''
USE_CODEC_GSM_FALSE=''
USE_CODEC_GSM_TRUE=''
USE_DEBUG_IAX2_FALSE=''
USE_DEBUG_IAX2_TRUE=''
USE_LOCAL_GSM_FALSE=''
USE_LOCAL_GSM_TRUE=''
USE_LOCAL_IAX2_FALSE=''
USE_LOCAL_IAX2_TRUE=''
USE_LOCAL_ILBC_FALSE=''
USE_LOCAL_ILBC_TRUE=''
VERSION='2.1beta3'
VIDCAP_CFLAGS=''
VIDCAP_FALSE=''
VIDCAP_LIBS=''
VIDCAP_TRUE=''
VIDEO_FALSE=''
VIDEO_TRUE=''
WIN32_FALSE=''
WIN32_TRUE=''
WISH='/usr/bin/wish'
WXRC=''
WX_CFLAGS=''
WX_CFLAGS_ONLY=''
WX_CONFIG_PATH=''
WX_CPPFLAGS=''
WX_CXXFLAGS=''
WX_CXXFLAGS_ONLY=''
WX_LIBS=''
WX_LIBS_STATIC=''
WX_VERSION=''
WX_XRC_LIBS=''
ac_ct_AR='ar'
ac_ct_CC='gcc'
ac_ct_CXX='g++'
ac_ct_DUMPBIN=''
acx_pthread_config=''
am__EXEEXT_FALSE=''
am__EXEEXT_TRUE=''
am__fastdepCC_FALSE='#'
am__fastdepCC_TRUE=''
am__fastdepCXX_FALSE='#'
am__fastdepCXX_TRUE=''
am__include='include'
am__isrc=''
am__leading_dot='.'
am__nodep='_no'
am__quote=''
am__tar='$${TAR-tar} chof - "$$tardir"'
am__untar='$${TAR-tar} xf -'
bindir='${exec_prefix}/bin'
build='i386-apple-darwin17.5.0'
build_alias=''
build_cpu='i386'
build_os='darwin17.5.0'
build_vendor='apple'
datadir='${datarootdir}'
datarootdir='${prefix}/share'
docdir='${datarootdir}/doc/${PACKAGE_TARNAME}'
dvidir='${docdir}'
exec_prefix='NONE'
have_pkg_config='yes'
host='i386-apple-darwin17.5.0'
host_alias=''
host_cpu='i386'
host_os='darwin17.5.0'
host_vendor='apple'
htmldir='${docdir}'
includedir='${prefix}/include'
infodir='${datarootdir}/info'
install_sh='${SHELL} /Users/charlieporth/Downloads/iaxclient-2.1beta3/install-sh'
libdir='${exec_prefix}/lib'
libexecdir='${exec_prefix}/libexec'
localedir='${datarootdir}/locale'
localstatedir='${prefix}/var'
mandir='${datarootdir}/man'
mkdir_p='$(MKDIR_P)'
oldincludedir='/usr/include'
pdfdir='${docdir}'
prefix='NONE'
program_transform_name='s,x,x,'
psdir='${docdir}'
sbindir='${exec_prefix}/sbin'
sharedstatedir='${prefix}/com'
sysconfdir='${prefix}/etc'
target_alias=''

## ----------- ##
## confdefs.h. ##
## ----------- ##

/* confdefs.h */
#define PACKAGE_NAME "iaxclient"
#define PACKAGE_TARNAME "iaxclient"
#define PACKAGE_VERSION "2.1beta3"
#define PACKAGE_STRING "iaxclient 2.1beta3"
#define PACKAGE_BUGREPORT "iaxclient-devel@lists.sourceforge.net"
#define PACKAGE_URL ""
#define PACKAGE "iaxclient"
#define VERSION "2.1beta3"
#define STDC_HEADERS 1
#define HAVE_SYS_TYPES_H 1
#define HAVE_SYS_STAT_H 1
#define HAVE_STDLIB_H 1
#define HAVE_STRING_H 1
#define HAVE_MEMORY_H 1
#define HAVE_STRINGS_H 1
#define HAVE_INTTYPES_H 1
#define HAVE_STDINT_H 1
#define HAVE_UNISTD_H 1
#define __EXTENSIONS__ 1
#define _ALL_SOURCE 1
#define _GNU_SOURCE 1
#define _POSIX_PTHREAD_SEMANTICS 1
#define _TANDEM_SOURCE 1
#define HAVE_DLFCN_H 1
#define LT_OBJDIR ".libs/"
#define STDC_HEADERS 1
#define HAVE__BOOL 1
#define HAVE_STDBOOL_H 1
#define TIME_WITH_SYS_TIME 1
#define HAVE_SYS_TIME_H 1
#define HAVE_SYS_SOCKET_H 1
#define HAVE_VSNPRINTF 1
#define HAVE_SRANDOMDEV 1
#define HAVE_SRANDOM 1
#define HAVE_SRAND48 1
#define HAVE_RANDOM 1
#define HAVE_LRAND48 1
#define HAVE_GETTIMEOFDAY 1
#define HAVE_PTHREAD 1
#define MACOSX /**/
#define USE_OGG 1

configure: exit 1
